<?xml version="1.0" encoding="UTF-8"?>
<testsuites name="Course Manager" time="417.807" tests="7" failures="0" errors="0">
   <testsuite name="Course Manager" tests="7" failures="0" errors="0" time="417.807" timestamp="2020-08-10 19:11:39" hostname="Kim - DESKTOP-604KTOQ" id="Test Suites/Course Manager">
      <properties>
         <property name="deviceName" value=""/>
         <property name="devicePlatform" value=""/>
         <property name="logFolder" value="C:\\Users\\Kim\\git\\ascriptica-automation\\Reports\\20200810_191136\\Course Manager\\20200810_191136"/>
         <property name="logFiles" value="C:\\Users\\Kim\\git\\ascriptica-automation\\Reports\\20200810_191136\\Course Manager\\20200810_191136\\execution0.log"/>
         <property name="attachments" value=""/>
         <property name="hostName" value="Kim - DESKTOP-604KTOQ"/>
         <property name="os" value="Windows 10 64bit"/>
         <property name="katalonVersion" value="7.4.0.1"/>
         <property name="browser" value="Chrome 84.0.4147.105"/>
         <property name="hostAddress" value="172.17.0.79"/>
         <property name="sessionId" value="0b99e879c0edcf8bba1835b3d0c3bded"/>
         <property name="seleniumVersion" value="3.141.59"/>
         <property name="proxyInformation" value="ProxyInformation{proxyOption=NO_PROXY, proxyServerType=HTTP, password=, proxyServerAddress=, proxyServerPort=0, executionList=}"/>
         <property name="platform" value="Windows 10"/>
      </properties>
      <testcase name="Test Cases/Login/TC00 - Login" time="20.453" classname="Test Cases/Login/TC00 - Login" status="PASSED">
         <system-out><![CDATA[2020-08-10 19:11:39 - [TEST_CASE][PASSED] - Test Cases/Login/TC00 - Login: Test Cases/Login/TC00 - Login

2020-08-10 19:11:40 - [TEST_STEP][PASSED] - openBrowser(""): Browser is opened with url: ''

2020-08-10 19:11:40 - [MESSAGE][INFO] - Starting 'Chrome' driver

2020-08-10 19:11:40 - [MESSAGE][INFO] - Action delay is set to 0 milliseconds

2020-08-10 19:11:45 - [MESSAGE][PASSED] - Browser is opened with url: ''

2020-08-10 19:11:45 - [TEST_STEP][PASSED] - maximizeWindow(): Current window maximized

2020-08-10 19:11:47 - [MESSAGE][PASSED] - Current window maximized

2020-08-10 19:11:47 - [TEST_STEP][PASSED] - navigateToUrl("http://demos1.stral.in/PGCTechnologyServices/site/login"): Navigate to 'http://demos1.stral.in/PGCTechnologyServices/site/login' successfully

2020-08-10 19:11:50 - [MESSAGE][PASSED] - Navigate to 'http://demos1.stral.in/PGCTechnologyServices/site/login' successfully

2020-08-10 19:11:50 - [TEST_STEP][PASSED] - setText(findTestObject("Object Repository/Login/input_User ID  Email Address_LoginFormusername"), "jeffdy010203@gmail.com"): Text 'jeffdy010203@gmail.com' is set on object 'Object Repository/Login/input_User ID  Email Address_LoginFormusername'

2020-08-10 19:11:51 - [MESSAGE][PASSED] - Text 'jeffdy010203@gmail.com' is set on object 'Object Repository/Login/input_User ID  Email Address_LoginFormusername'

2020-08-10 19:11:51 - [TEST_STEP][PASSED] - setEncryptedText(findTestObject("Object Repository/Login/input_Password_LoginFormpassword"), "mpwtaF1AOAT+pVLiPGdxib800znL7mVX"): Text ****** has been set on object 'Object Repository/Login/input_Password_LoginFormpassword'

2020-08-10 19:11:52 - [MESSAGE][PASSED] - Text ****** has been set on object 'Object Repository/Login/input_Password_LoginFormpassword'

2020-08-10 19:11:52 - [TEST_STEP][PASSED] - click(findTestObject("Object Repository/Login/button_Login")): Object: 'Object Repository/Login/button_Login' is clicked on

2020-08-10 19:11:52 - [MESSAGE][PASSED] - Object: 'Object Repository/Login/button_Login' is clicked on

2020-08-10 19:11:52 - [TEST_STEP][PASSED] - click(findTestObject("Course Manager/a_Tools")): Object: 'Object Repository/Course Manager/a_Tools' is clicked on

2020-08-10 19:11:58 - [MESSAGE][PASSED] - Object: 'Object Repository/Course Manager/a_Tools' is clicked on

2020-08-10 19:11:58 - [TEST_STEP][PASSED] - doubleClick(findTestObject("Course Manager/div_Course Manager")): Object: 'Object Repository/Course Manager/div_Course Manager' is double clicked on

2020-08-10 19:12:00 - [MESSAGE][PASSED] - Object: 'Object Repository/Course Manager/div_Course Manager' is double clicked on]]></system-out>
         <system-err><![CDATA[]]></system-err>
      </testcase>
      <testcase name="Test Cases/Course Manager/TC-006-CM-Duplicate button" time="27.751" classname="Test Cases/Course Manager/TC-006-CM-Duplicate button" status="PASSED">
         <system-out><![CDATA[2020-08-10 19:12:00 - [TEST_CASE][PASSED] - Test Cases/Course Manager/TC-006-CM-Duplicate button: Test Cases/Course Manager/TC-006-CM-Duplicate button

2020-08-10 19:12:00 - [TEST_STEP][PASSED] - click(findTestObject("Course Manager/a_Tools")): Object: 'Object Repository/Course Manager/a_Tools' is clicked on

2020-08-10 19:12:02 - [MESSAGE][PASSED] - Object: 'Object Repository/Course Manager/a_Tools' is clicked on

2020-08-10 19:12:02 - [TEST_STEP][PASSED] - doubleClick(findTestObject("Course Manager/div_Course Manager")): Object: 'Object Repository/Course Manager/div_Course Manager' is double clicked on

2020-08-10 19:12:04 - [MESSAGE][PASSED] - Object: 'Object Repository/Course Manager/div_Course Manager' is double clicked on

2020-08-10 19:12:04 - [TEST_STEP][PASSED] - scrollToElement(findTestObject("Course Manager/input_Duplicate_classes (EXACT)"), 0): Scroll to object 'Object Repository/Course Manager/input_Duplicate_classes (EXACT)' successfully

2020-08-10 19:12:04 - [MESSAGE][WARNING] - Timeout '0' is invalid. Using default page load timeout: '30'

2020-08-10 19:12:04 - [MESSAGE][PASSED] - Scroll to object 'Object Repository/Course Manager/input_Duplicate_classes (EXACT)' successfully

2020-08-10 19:12:04 - [TEST_STEP][PASSED] - click(findTestObject("Course Manager/input_Duplicate_classes (EXACT)")): Object: 'Object Repository/Course Manager/input_Duplicate_classes (EXACT)' is clicked on

2020-08-10 19:12:05 - [MESSAGE][PASSED] - Object: 'Object Repository/Course Manager/input_Duplicate_classes (EXACT)' is clicked on

2020-08-10 19:12:05 - [TEST_STEP][PASSED] - click(findTestObject("Object Repository/Course Manager/button_Duplicate")): Object: 'Object Repository/Course Manager/button_Duplicate' is clicked on

2020-08-10 19:12:10 - [MESSAGE][PASSED] - Object: 'Object Repository/Course Manager/button_Duplicate' is clicked on

2020-08-10 19:12:10 - [TEST_STEP][PASSED] - selectOptionByValue(findTestObject("Course Manager/select_Choose                              _822a55"), "2", true): All options with value '2' are selected in object 'Object Repository/Course Manager/select_Choose                              _822a55'  using regular expression

2020-08-10 19:12:13 - [MESSAGE][PASSED] - All options with value '2' are selected in object 'Object Repository/Course Manager/select_Choose                              _822a55'  using regular expression

2020-08-10 19:12:13 - [TEST_STEP][PASSED] - selectOptionByValue(findTestObject("Course Manager/select_ChooseBlended Learning (OnlineFace-t_17004a"), "175", true): All options with value '175' are selected in object 'Object Repository/Course Manager/select_ChooseBlended Learning (OnlineFace-t_17004a'  using regular expression

2020-08-10 19:12:14 - [MESSAGE][PASSED] - All options with value '175' are selected in object 'Object Repository/Course Manager/select_ChooseBlended Learning (OnlineFace-t_17004a'  using regular expression

2020-08-10 19:12:14 - [TEST_STEP][PASSED] - click(findTestObject("Course Manager/a_Deadlines")): Object: 'Object Repository/Course Manager/a_Deadlines' is clicked on

2020-08-10 19:12:15 - [MESSAGE][PASSED] - Object: 'Object Repository/Course Manager/a_Deadlines' is clicked on

2020-08-10 19:12:15 - [TEST_STEP][PASSED] - click(findTestObject("Course Manager/input_Evaluation Completion")): Object: 'Object Repository/Course Manager/input_Evaluation Completion' is clicked on

2020-08-10 19:12:17 - [MESSAGE][PASSED] - Object: 'Object Repository/Course Manager/input_Evaluation Completion' is clicked on

2020-08-10 19:12:17 - [TEST_STEP][PASSED] - click(findTestObject("Course Manager/div_31 (August)")): Object: 'Object Repository/Course Manager/div_31 (August)' is clicked on

2020-08-10 19:12:17 - [MESSAGE][PASSED] - Object: 'Object Repository/Course Manager/div_31 (August)' is clicked on

2020-08-10 19:12:17 - [TEST_STEP][PASSED] - click(findTestObject("Course Manager/a_Next")): Object: 'Object Repository/Course Manager/a_Next' is clicked on

2020-08-10 19:12:18 - [MESSAGE][PASSED] - Object: 'Object Repository/Course Manager/a_Next' is clicked on

2020-08-10 19:12:18 - [TEST_STEP][PASSED] - click(findTestObject("Course Manager/a_Follow-up Questions")): Object: 'Object Repository/Course Manager/a_Follow-up Questions' is clicked on

2020-08-10 19:12:20 - [MESSAGE][PASSED] - Object: 'Object Repository/Course Manager/a_Follow-up Questions' is clicked on

2020-08-10 19:12:20 - [TEST_STEP][PASSED] - click(findTestObject("Course Manager/a_Finish")): Object: 'Object Repository/Course Manager/a_Finish' is clicked on

2020-08-10 19:12:21 - [MESSAGE][PASSED] - Object: 'Object Repository/Course Manager/a_Finish' is clicked on

2020-08-10 19:12:21 - [TEST_STEP][PASSED] - click(findTestObject("Course Manager/a_Course Manager")): Object: 'Object Repository/Course Manager/a_Course Manager' is clicked on

2020-08-10 19:12:28 - [MESSAGE][PASSED] - Object: 'Object Repository/Course Manager/a_Course Manager' is clicked on]]></system-out>
         <system-err><![CDATA[]]></system-err>
      </testcase>
      <testcase name="Test Cases/Course Manager/TC-007-CM-Details Button" time="57.114" classname="Test Cases/Course Manager/TC-007-CM-Details Button" status="PASSED">
         <system-out><![CDATA[2020-08-10 19:12:28 - [TEST_CASE][PASSED] - Test Cases/Course Manager/TC-007-CM-Details Button: Test Cases/Course Manager/TC-007-CM-Details Button

2020-08-10 19:12:28 - [TEST_STEP][PASSED] - click(findTestObject("Course Manager/button_DETAILS")): Object: 'Object Repository/Course Manager/button_DETAILS' is clicked on

2020-08-10 19:12:29 - [MESSAGE][PASSED] - Object: 'Object Repository/Course Manager/button_DETAILS' is clicked on

2020-08-10 19:12:29 - [TEST_STEP][PASSED] - click(findTestObject("Course Manager/a_MODIFY")): Object: 'Object Repository/Course Manager/a_MODIFY' is clicked on

2020-08-10 19:12:32 - [MESSAGE][PASSED] - Object: 'Object Repository/Course Manager/a_MODIFY' is clicked on

2020-08-10 19:12:32 - [TEST_STEP][PASSED] - click(findTestObject("Course Manager/a_Deadlines")): Object: 'Object Repository/Course Manager/a_Deadlines' is clicked on

2020-08-10 19:12:34 - [MESSAGE][PASSED] - Object: 'Object Repository/Course Manager/a_Deadlines' is clicked on

2020-08-10 19:12:34 - [TEST_STEP][PASSED] - click(findTestObject("Course Manager/input_Evaluation Completion")): Object: 'Object Repository/Course Manager/input_Evaluation Completion' is clicked on

2020-08-10 19:12:35 - [MESSAGE][PASSED] - Object: 'Object Repository/Course Manager/input_Evaluation Completion' is clicked on

2020-08-10 19:12:35 - [TEST_STEP][PASSED] - click(findTestObject("Course Manager/div_31 (August)")): Object: 'Object Repository/Course Manager/div_31 (August)' is clicked on

2020-08-10 19:12:36 - [MESSAGE][PASSED] - Object: 'Object Repository/Course Manager/div_31 (August)' is clicked on

2020-08-10 19:12:36 - [TEST_STEP][PASSED] - click(findTestObject("Course Manager/a_Follow-up Questions")): Object: 'Object Repository/Course Manager/a_Follow-up Questions' is clicked on

2020-08-10 19:12:37 - [MESSAGE][PASSED] - Object: 'Object Repository/Course Manager/a_Follow-up Questions' is clicked on

2020-08-10 19:12:37 - [TEST_STEP][PASSED] - click(findTestObject("Course Manager/a_Finish")): Object: 'Object Repository/Course Manager/a_Finish' is clicked on

2020-08-10 19:12:38 - [MESSAGE][PASSED] - Object: 'Object Repository/Course Manager/a_Finish' is clicked on

2020-08-10 19:12:38 - [TEST_STEP][PASSED] - click(findTestObject("Course Manager/a_Course Manager")): Object: 'Object Repository/Course Manager/a_Course Manager' is clicked on

2020-08-10 19:12:45 - [MESSAGE][PASSED] - Object: 'Object Repository/Course Manager/a_Course Manager' is clicked on

2020-08-10 19:12:45 - [TEST_STEP][PASSED] - scrollToElement(findTestObject("Course Manager/button_DETAILS"), 0): Scroll to object 'Object Repository/Course Manager/button_DETAILS' successfully

2020-08-10 19:12:45 - [MESSAGE][WARNING] - Timeout '0' is invalid. Using default page load timeout: '30'

2020-08-10 19:12:45 - [MESSAGE][PASSED] - Scroll to object 'Object Repository/Course Manager/button_DETAILS' successfully

2020-08-10 19:12:45 - [TEST_STEP][PASSED] - click(findTestObject("Course Manager/button_DETAILS")): Object: 'Object Repository/Course Manager/button_DETAILS' is clicked on

2020-08-10 19:12:46 - [MESSAGE][PASSED] - Object: 'Object Repository/Course Manager/button_DETAILS' is clicked on

2020-08-10 19:12:46 - [TEST_STEP][PASSED] - click(findTestObject("Course Manager/a_DENY")): Object: 'Object Repository/Course Manager/a_DENY' is clicked on

2020-08-10 19:12:46 - [MESSAGE][PASSED] - Object: 'Object Repository/Course Manager/a_DENY' is clicked on

2020-08-10 19:12:46 - [TEST_STEP][PASSED] - acceptAlert(): Alert accepted

2020-08-10 19:12:46 - [MESSAGE][PASSED] - Alert accepted

2020-08-10 19:12:46 - [TEST_STEP][PASSED] - setText(findTestObject("Course Manager/textarea_Reason For Decline_reason"), "This is a Test"): Text 'This is a Test' is set on object 'Object Repository/Course Manager/textarea_Reason For Decline_reason'

2020-08-10 19:12:47 - [MESSAGE][PASSED] - Text 'This is a Test' is set on object 'Object Repository/Course Manager/textarea_Reason For Decline_reason'

2020-08-10 19:12:47 - [TEST_STEP][PASSED] - click(findTestObject("Course Manager/button_Submit (Deny)")): Object: 'Object Repository/Course Manager/button_Submit (Deny)' is clicked on

2020-08-10 19:12:47 - [MESSAGE][PASSED] - Object: 'Object Repository/Course Manager/button_Submit (Deny)' is clicked on

2020-08-10 19:12:47 - [TEST_STEP][PASSED] - scrollToElement(findTestObject("Course Manager/p_Declined"), 0): Scroll to object 'Object Repository/Course Manager/p_Declined' successfully

2020-08-10 19:12:47 - [MESSAGE][WARNING] - Timeout '0' is invalid. Using default page load timeout: '30'

2020-08-10 19:12:48 - [MESSAGE][PASSED] - Scroll to object 'Object Repository/Course Manager/p_Declined' successfully

2020-08-10 19:12:48 - [TEST_STEP][PASSED] - verifyElementVisible(findTestObject("Course Manager/p_Declined")): Object 'Object Repository/Course Manager/p_Declined' is visible

2020-08-10 19:12:50 - [MESSAGE][PASSED] - Object 'Object Repository/Course Manager/p_Declined' is visible

2020-08-10 19:12:50 - [TEST_STEP][PASSED] - click(findTestObject("Course Manager/button_DETAILS")): Object: 'Object Repository/Course Manager/button_DETAILS' is clicked on

2020-08-10 19:12:50 - [MESSAGE][PASSED] - Object: 'Object Repository/Course Manager/button_DETAILS' is clicked on

2020-08-10 19:12:50 - [TEST_STEP][PASSED] - click(findTestObject("Course Manager/a_APPROVE")): Object: 'Object Repository/Course Manager/a_APPROVE' is clicked on

2020-08-10 19:12:50 - [MESSAGE][PASSED] - Object: 'Object Repository/Course Manager/a_APPROVE' is clicked on

2020-08-10 19:12:50 - [TEST_STEP][PASSED] - acceptAlert(): Alert accepted

2020-08-10 19:12:50 - [MESSAGE][PASSED] - Alert accepted

2020-08-10 19:12:50 - [TEST_STEP][PASSED] - scrollToElement(findTestObject("Course Manager/a_Tools"), 0): Scroll to object 'Object Repository/Course Manager/a_Tools' successfully

2020-08-10 19:12:51 - [MESSAGE][WARNING] - Timeout '0' is invalid. Using default page load timeout: '30'

2020-08-10 19:12:51 - [MESSAGE][PASSED] - Scroll to object 'Object Repository/Course Manager/a_Tools' successfully

2020-08-10 19:12:51 - [TEST_STEP][PASSED] - click(findTestObject("Course Manager/a_Tools")): Object: 'Object Repository/Course Manager/a_Tools' is clicked on

2020-08-10 19:12:54 - [MESSAGE][PASSED] - Object: 'Object Repository/Course Manager/a_Tools' is clicked on

2020-08-10 19:12:54 - [TEST_STEP][PASSED] - click(findTestObject("Course Manager/div_Course Manager")): Object: 'Object Repository/Course Manager/div_Course Manager' is clicked on

2020-08-10 19:12:56 - [MESSAGE][PASSED] - Object: 'Object Repository/Course Manager/div_Course Manager' is clicked on

2020-08-10 19:12:56 - [TEST_STEP][PASSED] - click(findTestObject("Course Manager/button_DETAILS")): Object: 'Object Repository/Course Manager/button_DETAILS' is clicked on

2020-08-10 19:12:57 - [MESSAGE][PASSED] - Object: 'Object Repository/Course Manager/button_DETAILS' is clicked on

2020-08-10 19:12:57 - [TEST_STEP][PASSED] - click(findTestObject("Course Manager/a_DUPLICATE")): Object: 'Object Repository/Course Manager/a_DUPLICATE' is clicked on

2020-08-10 19:13:01 - [MESSAGE][PASSED] - Object: 'Object Repository/Course Manager/a_DUPLICATE' is clicked on

2020-08-10 19:13:01 - [TEST_STEP][PASSED] - selectOptionByValue(findTestObject("Course Manager/select_Choose                              _822a55"), "2", true): All options with value '2' are selected in object 'Object Repository/Course Manager/select_Choose                              _822a55'  using regular expression

2020-08-10 19:13:04 - [MESSAGE][PASSED] - All options with value '2' are selected in object 'Object Repository/Course Manager/select_Choose                              _822a55'  using regular expression

2020-08-10 19:13:04 - [TEST_STEP][PASSED] - click(findTestObject("Course Manager/a_Follow-up Questions")): Object: 'Object Repository/Course Manager/a_Follow-up Questions' is clicked on

2020-08-10 19:13:05 - [MESSAGE][PASSED] - Object: 'Object Repository/Course Manager/a_Follow-up Questions' is clicked on

2020-08-10 19:13:05 - [TEST_STEP][PASSED] - click(findTestObject("Course Manager/a_Finish")): Object: 'Object Repository/Course Manager/a_Finish' is clicked on

2020-08-10 19:13:07 - [MESSAGE][PASSED] - Object: 'Object Repository/Course Manager/a_Finish' is clicked on

2020-08-10 19:13:07 - [TEST_STEP][PASSED] - click(findTestObject("Course Manager/a_Course Manager")): Object: 'Object Repository/Course Manager/a_Course Manager' is clicked on

2020-08-10 19:13:14 - [MESSAGE][PASSED] - Object: 'Object Repository/Course Manager/a_Course Manager' is clicked on

2020-08-10 19:13:14 - [TEST_STEP][PASSED] - scrollToElement(findTestObject("Course Manager/button_DETAILS"), 0): Scroll to object 'Object Repository/Course Manager/button_DETAILS' successfully

2020-08-10 19:13:14 - [MESSAGE][WARNING] - Timeout '0' is invalid. Using default page load timeout: '30'

2020-08-10 19:13:14 - [MESSAGE][PASSED] - Scroll to object 'Object Repository/Course Manager/button_DETAILS' successfully

2020-08-10 19:13:14 - [TEST_STEP][PASSED] - click(findTestObject("Course Manager/button_DETAILS")): Object: 'Object Repository/Course Manager/button_DETAILS' is clicked on

2020-08-10 19:13:14 - [MESSAGE][PASSED] - Object: 'Object Repository/Course Manager/button_DETAILS' is clicked on

2020-08-10 19:13:14 - [TEST_STEP][PASSED] - click(findTestObject("Course Manager/a_ENROLLMENT")): Object: 'Object Repository/Course Manager/a_ENROLLMENT' is clicked on

2020-08-10 19:13:17 - [MESSAGE][PASSED] - Object: 'Object Repository/Course Manager/a_ENROLLMENT' is clicked on

2020-08-10 19:13:17 - [TEST_STEP][PASSED] - click(findTestObject("Course Manager/a_Course Manager")): Object: 'Object Repository/Course Manager/a_Course Manager' is clicked on

2020-08-10 19:13:19 - [MESSAGE][PASSED] - Object: 'Object Repository/Course Manager/a_Course Manager' is clicked on

2020-08-10 19:13:19 - [TEST_STEP][PASSED] - click(findTestObject("Course Manager/button_DETAILS")): Object: 'Object Repository/Course Manager/button_DETAILS' is clicked on

2020-08-10 19:13:19 - [MESSAGE][PASSED] - Object: 'Object Repository/Course Manager/button_DETAILS' is clicked on

2020-08-10 19:13:19 - [TEST_STEP][PASSED] - click(findTestObject("Course Manager/a_CANCEL")): Object: 'Object Repository/Course Manager/a_CANCEL' is clicked on

2020-08-10 19:13:19 - [MESSAGE][PASSED] - Object: 'Object Repository/Course Manager/a_CANCEL' is clicked on

2020-08-10 19:13:19 - [TEST_STEP][PASSED] - acceptAlert(): Alert accepted

2020-08-10 19:13:19 - [MESSAGE][PASSED] - Alert accepted

2020-08-10 19:13:19 - [TEST_STEP][PASSED] - setText(findTestObject("Course Manager/textarea_Reason For Cancel_reason_cancel"), "This is a test"): Text 'This is a test' is set on object 'Object Repository/Course Manager/textarea_Reason For Cancel_reason_cancel'

2020-08-10 19:13:21 - [MESSAGE][PASSED] - Text 'This is a test' is set on object 'Object Repository/Course Manager/textarea_Reason For Cancel_reason_cancel'

2020-08-10 19:13:21 - [TEST_STEP][PASSED] - click(findTestObject("Course Manager/button_Submit_Cancel")): Object: 'Object Repository/Course Manager/button_Submit_Cancel' is clicked on

2020-08-10 19:13:22 - [MESSAGE][PASSED] - Object: 'Object Repository/Course Manager/button_Submit_Cancel' is clicked on

2020-08-10 19:13:22 - [TEST_STEP][PASSED] - scrollToElement(findTestObject("Object Repository/Course Manager/p_Cancelled"), 0): Scroll to object 'Object Repository/Course Manager/p_Cancelled' successfully

2020-08-10 19:13:22 - [MESSAGE][WARNING] - Timeout '0' is invalid. Using default page load timeout: '30'

2020-08-10 19:13:22 - [MESSAGE][PASSED] - Scroll to object 'Object Repository/Course Manager/p_Cancelled' successfully

2020-08-10 19:13:22 - [TEST_STEP][PASSED] - verifyElementVisible(findTestObject("Object Repository/Course Manager/p_Cancelled")): Object 'Object Repository/Course Manager/p_Cancelled' is visible

2020-08-10 19:13:24 - [MESSAGE][PASSED] - Object 'Object Repository/Course Manager/p_Cancelled' is visible

2020-08-10 19:13:24 - [TEST_STEP][PASSED] - click(findTestObject("Course Manager/button_DETAILS")): Object: 'Object Repository/Course Manager/button_DETAILS' is clicked on

2020-08-10 19:13:24 - [MESSAGE][PASSED] - Object: 'Object Repository/Course Manager/button_DETAILS' is clicked on

2020-08-10 19:13:24 - [TEST_STEP][PASSED] - click(findTestObject("Course Manager/a_DELETE")): Object: 'Object Repository/Course Manager/a_DELETE' is clicked on

2020-08-10 19:13:25 - [MESSAGE][PASSED] - Object: 'Object Repository/Course Manager/a_DELETE' is clicked on

2020-08-10 19:13:25 - [TEST_STEP][PASSED] - acceptAlert(): Alert accepted

2020-08-10 19:13:25 - [MESSAGE][PASSED] - Alert accepted]]></system-out>
         <system-err><![CDATA[]]></system-err>
      </testcase>
      <testcase name="Test Cases/Course Manager/TC-008-CM-Re Opening Ended course" time="35.869" classname="Test Cases/Course Manager/TC-008-CM-Re Opening Ended course" status="PASSED">
         <system-out><![CDATA[2020-08-10 19:13:25 - [TEST_CASE][PASSED] - Test Cases/Course Manager/TC-008-CM-Re Opening Ended course: Test Cases/Course Manager/TC-008-CM-Re Opening Ended course

2020-08-10 19:13:25 - [TEST_STEP][PASSED] - scrollToElement(findTestObject("Course Manager/button_DETAILS"), 0): Scroll to object 'Object Repository/Course Manager/button_DETAILS' successfully

2020-08-10 19:13:25 - [MESSAGE][WARNING] - Timeout '0' is invalid. Using default page load timeout: '30'

2020-08-10 19:13:25 - [MESSAGE][PASSED] - Scroll to object 'Object Repository/Course Manager/button_DETAILS' successfully

2020-08-10 19:13:25 - [TEST_STEP][PASSED] - click(findTestObject("Course Manager/button_DETAILS")): Object: 'Object Repository/Course Manager/button_DETAILS' is clicked on

2020-08-10 19:13:27 - [MESSAGE][PASSED] - Object: 'Object Repository/Course Manager/button_DETAILS' is clicked on

2020-08-10 19:13:27 - [TEST_STEP][PASSED] - click(findTestObject("Course Manager/a_MODIFY")): Object: 'Object Repository/Course Manager/a_MODIFY' is clicked on

2020-08-10 19:13:30 - [MESSAGE][PASSED] - Object: 'Object Repository/Course Manager/a_MODIFY' is clicked on

2020-08-10 19:13:30 - [TEST_STEP][PASSED] - click(findTestObject("Course Manager/a_Schedule")): Object: 'Object Repository/Course Manager/a_Schedule' is clicked on

2020-08-10 19:13:32 - [MESSAGE][PASSED] - Object: 'Object Repository/Course Manager/a_Schedule' is clicked on

2020-08-10 19:13:32 - [TEST_STEP][PASSED] - click(findTestObject("Course Manager/input__generate_start_date")): Object: 'Object Repository/Course Manager/input__generate_start_date' is clicked on

2020-08-10 19:13:34 - [MESSAGE][PASSED] - Object: 'Object Repository/Course Manager/input__generate_start_date' is clicked on

2020-08-10 19:13:34 - [TEST_STEP][PASSED] - click(findTestObject("Course Manager/div_29")): Object: 'Object Repository/Course Manager/div_29' is clicked on

2020-08-10 19:13:34 - [MESSAGE][PASSED] - Object: 'Object Repository/Course Manager/div_29' is clicked on

2020-08-10 19:13:34 - [TEST_STEP][PASSED] - click(findTestObject("Course Manager/input__generate_end_date")): Object: 'Object Repository/Course Manager/input__generate_end_date' is clicked on

2020-08-10 19:13:35 - [MESSAGE][PASSED] - Object: 'Object Repository/Course Manager/input__generate_end_date' is clicked on

2020-08-10 19:13:35 - [TEST_STEP][PASSED] - click(findTestObject("Course Manager/div_1")): Object: 'Object Repository/Course Manager/div_1' is clicked on

2020-08-10 19:13:36 - [MESSAGE][PASSED] - Object: 'Object Repository/Course Manager/div_1' is clicked on

2020-08-10 19:13:36 - [TEST_STEP][PASSED] - click(findTestObject("Course Manager/button_Schedule")): Object: 'Object Repository/Course Manager/button_Schedule' is clicked on

2020-08-10 19:13:36 - [MESSAGE][PASSED] - Object: 'Object Repository/Course Manager/button_Schedule' is clicked on

2020-08-10 19:13:36 - [TEST_STEP][PASSED] - verifyElementVisible(findTestObject("Course Manager/p_Updating course  Georgia TAPP Program 202_e049af")): Object 'Object Repository/Course Manager/p_Updating course  Georgia TAPP Program 202_e049af' is visible

2020-08-10 19:13:38 - [MESSAGE][PASSED] - Object 'Object Repository/Course Manager/p_Updating course  Georgia TAPP Program 202_e049af' is visible

2020-08-10 19:13:38 - [TEST_STEP][PASSED] - click(findTestObject("Course Manager/a_Deadlines")): Object: 'Object Repository/Course Manager/a_Deadlines' is clicked on

2020-08-10 19:13:39 - [MESSAGE][PASSED] - Object: 'Object Repository/Course Manager/a_Deadlines' is clicked on

2020-08-10 19:13:39 - [TEST_STEP][PASSED] - if (findTestObject("Course Manager/label_Follow-up Completion date cannot be e_fd7ed2")): Object: 'Object Repository/Course Manager/input_Evaluation Completion Date' is clicked on

2020-08-10 19:13:39 - [TEST_STEP][PASSED] - click(findTestObject("Course Manager/input_Evaluation Completion Date")): Object: 'Object Repository/Course Manager/input_Evaluation Completion Date' is clicked on

2020-08-10 19:13:40 - [MESSAGE][PASSED] - Object: 'Object Repository/Course Manager/input_Evaluation Completion Date' is clicked on

2020-08-10 19:13:40 - [TEST_STEP][PASSED] - click(findTestObject("Course Manager/button_Completion Date")): Object: 'Object Repository/Course Manager/button_Completion Date' is clicked on

2020-08-10 19:13:40 - [MESSAGE][PASSED] - Object: 'Object Repository/Course Manager/button_Completion Date' is clicked on

2020-08-10 19:13:40 - [TEST_STEP][PASSED] - click(findTestObject("Course Manager/div_2")): Object: 'Object Repository/Course Manager/div_2' is clicked on

2020-08-10 19:13:41 - [MESSAGE][PASSED] - Object: 'Object Repository/Course Manager/div_2' is clicked on

2020-08-10 19:13:41 - [TEST_STEP][PASSED] - click(findTestObject("Course Manager/a_Follow-up Questions")): Object: 'Object Repository/Course Manager/a_Follow-up Questions' is clicked on

2020-08-10 19:13:42 - [MESSAGE][PASSED] - Object: 'Object Repository/Course Manager/a_Follow-up Questions' is clicked on

2020-08-10 19:13:42 - [TEST_STEP][PASSED] - click(findTestObject("Course Manager/a_Finish")): Object: 'Object Repository/Course Manager/a_Finish' is clicked on

2020-08-10 19:13:43 - [MESSAGE][PASSED] - Object: 'Object Repository/Course Manager/a_Finish' is clicked on

2020-08-10 19:13:43 - [TEST_STEP][PASSED] - verifyElementVisible(findTestObject("Course Manager/ul_Course updated successfully")): Object 'Object Repository/Course Manager/ul_Course updated successfully' is visible

2020-08-10 19:13:48 - [MESSAGE][PASSED] - Object 'Object Repository/Course Manager/ul_Course updated successfully' is visible

2020-08-10 19:13:48 - [TEST_STEP][PASSED] - click(findTestObject("Course Manager/a_Course Manager")): Object: 'Object Repository/Course Manager/a_Course Manager' is clicked on

2020-08-10 19:13:50 - [MESSAGE][PASSED] - Object: 'Object Repository/Course Manager/a_Course Manager' is clicked on

2020-08-10 19:13:50 - [TEST_STEP][PASSED] - click(findTestObject("Course Manager/a_Tools")): Object: 'Object Repository/Course Manager/a_Tools' is clicked on

2020-08-10 19:13:52 - [MESSAGE][PASSED] - Object: 'Object Repository/Course Manager/a_Tools' is clicked on

2020-08-10 19:13:52 - [TEST_STEP][PASSED] - click(findTestObject("Course Manager/div_Course Enrollments")): Object: 'Object Repository/Course Manager/div_Course Enrollments' is clicked on

2020-08-10 19:13:54 - [MESSAGE][PASSED] - Object: 'Object Repository/Course Manager/div_Course Enrollments' is clicked on

2020-08-10 19:13:54 - [TEST_STEP][PASSED] - click(findTestObject("Course Manager/a_Open Roster")): Object: 'Object Repository/Course Manager/a_Open Roster' is clicked on

2020-08-10 19:13:56 - [MESSAGE][PASSED] - Object: 'Object Repository/Course Manager/a_Open Roster' is clicked on

2020-08-10 19:13:56 - [TEST_STEP][PASSED] - verifyElementVisible(findTestObject("Course Manager/li_Roster")): Object 'Object Repository/Course Manager/li_Roster' is visible

2020-08-10 19:13:56 - [MESSAGE][PASSED] - Object 'Object Repository/Course Manager/li_Roster' is visible

2020-08-10 19:13:56 - [TEST_STEP][PASSED] - click(findTestObject("Course Manager/a_Tools")): Object: 'Object Repository/Course Manager/a_Tools' is clicked on

2020-08-10 19:13:58 - [MESSAGE][PASSED] - Object: 'Object Repository/Course Manager/a_Tools' is clicked on

2020-08-10 19:13:58 - [TEST_STEP][PASSED] - click(findTestObject("Course Manager/div_Course Manager")): Object: 'Object Repository/Course Manager/div_Course Manager' is clicked on

2020-08-10 19:14:00 - [MESSAGE][PASSED] - Object: 'Object Repository/Course Manager/div_Course Manager' is clicked on

2020-08-10 19:14:00 - [TEST_STEP][PASSED] - scrollToElement(findTestObject("Course Manager/p_Open"), 0): Scroll to object 'Object Repository/Course Manager/p_Open' successfully

2020-08-10 19:14:00 - [MESSAGE][WARNING] - Timeout '0' is invalid. Using default page load timeout: '30'

2020-08-10 19:14:00 - [MESSAGE][PASSED] - Scroll to object 'Object Repository/Course Manager/p_Open' successfully

2020-08-10 19:14:00 - [TEST_STEP][PASSED] - verifyElementVisible(findTestObject("Course Manager/p_Open"), STOP_ON_FAILURE): Object 'Object Repository/Course Manager/p_Open' is visible

2020-08-10 19:14:01 - [MESSAGE][PASSED] - Object 'Object Repository/Course Manager/p_Open' is visible]]></system-out>
         <system-err><![CDATA[]]></system-err>
      </testcase>
      <testcase name="Test Cases/Course Manager/TC-009-CM-Creating Course without payment" time="80.027" classname="Test Cases/Course Manager/TC-009-CM-Creating Course without payment" status="PASSED">
         <system-out><![CDATA[2020-08-10 19:14:01 - [TEST_CASE][PASSED] - Test Cases/Course Manager/TC-009-CM-Creating Course without payment: Test Cases/Course Manager/TC-009-CM-Creating Course without payment

2020-08-10 19:14:01 - [TEST_STEP][PASSED] - click(findTestObject("Course Manager/button_New")): Object: 'Object Repository/Course Manager/button_New' is clicked on

2020-08-10 19:14:04 - [MESSAGE][PASSED] - Object: 'Object Repository/Course Manager/button_New' is clicked on

2020-08-10 19:14:04 - [TEST_STEP][PASSED] - setText(findTestObject("Course Manager/input__txtTitle"), "Comp-101"): Text 'Comp-101' is set on object 'Object Repository/Course Manager/input__txtTitle'

2020-08-10 19:14:04 - [MESSAGE][PASSED] - Text 'Comp-101' is set on object 'Object Repository/Course Manager/input__txtTitle'

2020-08-10 19:14:04 - [TEST_STEP][PASSED] - selectOptionByValue(findTestObject("Object Repository/Course Manager/select_Choose                              _822a55"), "2", true): All options with value '2' are selected in object 'Object Repository/Course Manager/select_Choose                              _822a55'  using regular expression

2020-08-10 19:14:06 - [MESSAGE][PASSED] - All options with value '2' are selected in object 'Object Repository/Course Manager/select_Choose                              _822a55'  using regular expression

2020-08-10 19:14:06 - [TEST_STEP][PASSED] - selectOptionByValue(findTestObject("Object Repository/Course Manager/select_ChooseBlended Learning (OnlineFace-t_17004a"), "175", true): All options with value '175' are selected in object 'Object Repository/Course Manager/select_ChooseBlended Learning (OnlineFace-t_17004a'  using regular expression

2020-08-10 19:14:07 - [MESSAGE][PASSED] - All options with value '175' are selected in object 'Object Repository/Course Manager/select_ChooseBlended Learning (OnlineFace-t_17004a'  using regular expression

2020-08-10 19:14:07 - [TEST_STEP][PASSED] - selectOptionByValue(findTestObject("Object Repository/Course Manager/select_Choose                              _ed4c48"), "11", true): All options with value '11' are selected in object 'Object Repository/Course Manager/select_Choose                              _ed4c48'  using regular expression

2020-08-10 19:14:08 - [MESSAGE][PASSED] - All options with value '11' are selected in object 'Object Repository/Course Manager/select_Choose                              _ed4c48'  using regular expression

2020-08-10 19:14:08 - [TEST_STEP][PASSED] - click(findTestObject("Course Manager/a_Next")): Object: 'Object Repository/Course Manager/a_Next' is clicked on

2020-08-10 19:14:09 - [MESSAGE][PASSED] - Object: 'Object Repository/Course Manager/a_Next' is clicked on

2020-08-10 19:14:09 - [TEST_STEP][PASSED] - delay(2): Delayed 2 second(s)

2020-08-10 19:14:11 - [MESSAGE][PASSED] - Delayed 2 second(s)

2020-08-10 19:14:11 - [TEST_STEP][PASSED] - test.fileUpload.uploadFile(findTestObject("Course Manager/input_BROWSE_test"), "C:\Users\Kim\Downloads\depositphotos_180736330-stock-illustration-logo-quality-assurance-qa-testing.jpg"): test.fileUpload.uploadFile is PASSED

2020-08-10 19:14:11 - [MESSAGE][PASSED] - Object: 'Object Repository/Course Manager/input_BROWSE_test' is clicked on

2020-08-10 19:14:12 - [MESSAGE][PASSED] - test.fileUpload.uploadFile is PASSED

2020-08-10 19:14:12 - [TEST_STEP][PASSED] - setText(findTestObject("Course Manager/textarea_Course Desciption"), "This is a test description"): Text 'This is a test description' is set on object 'Object Repository/Course Manager/textarea_Course Desciption'

2020-08-10 19:14:13 - [MESSAGE][PASSED] - Text 'This is a test description' is set on object 'Object Repository/Course Manager/textarea_Course Desciption'

2020-08-10 19:14:13 - [TEST_STEP][PASSED] - click(findTestObject("Course Manager/a_Next")): Object: 'Object Repository/Course Manager/a_Next' is clicked on

2020-08-10 19:14:14 - [MESSAGE][PASSED] - Object: 'Object Repository/Course Manager/a_Next' is clicked on

2020-08-10 19:14:14 - [TEST_STEP][PASSED] - delay(2): Delayed 2 second(s)

2020-08-10 19:14:16 - [MESSAGE][PASSED] - Delayed 2 second(s)

2020-08-10 19:14:16 - [TEST_STEP][PASSED] - click(findTestObject("Course Manager/a_ Add Instructor")): Object: 'Object Repository/Course Manager/a_ Add Instructor' is clicked on

2020-08-10 19:14:16 - [MESSAGE][PASSED] - Object: 'Object Repository/Course Manager/a_ Add Instructor' is clicked on

2020-08-10 19:14:16 - [TEST_STEP][PASSED] - setText(findTestObject("Course Manager/input__txtInstructor"), "Lauro E"): Text 'Lauro E' is set on object 'Object Repository/Course Manager/input__txtInstructor'

2020-08-10 19:14:17 - [MESSAGE][PASSED] - Text 'Lauro E' is set on object 'Object Repository/Course Manager/input__txtInstructor'

2020-08-10 19:14:17 - [TEST_STEP][PASSED] - click(findTestObject("Course Manager/a_Lauro Eguia")): Object: 'Object Repository/Course Manager/a_Lauro Eguia' is clicked on

2020-08-10 19:14:18 - [MESSAGE][PASSED] - Object: 'Object Repository/Course Manager/a_Lauro Eguia' is clicked on

2020-08-10 19:14:18 - [TEST_STEP][PASSED] - delay(3): Delayed 3 second(s)

2020-08-10 19:14:21 - [MESSAGE][PASSED] - Delayed 3 second(s)

2020-08-10 19:14:21 - [TEST_STEP][PASSED] - click(findTestObject("Course Manager/button_Submit")): Object: 'Object Repository/Course Manager/button_Submit' is clicked on

2020-08-10 19:14:22 - [MESSAGE][PASSED] - Object: 'Object Repository/Course Manager/button_Submit' is clicked on

2020-08-10 19:14:22 - [TEST_STEP][PASSED] - click(findTestObject("Course Manager/a_Next")): Object: 'Object Repository/Course Manager/a_Next' is clicked on

2020-08-10 19:14:23 - [MESSAGE][PASSED] - Object: 'Object Repository/Course Manager/a_Next' is clicked on

2020-08-10 19:14:23 - [TEST_STEP][PASSED] - click(findTestObject("Course Manager/select_Training Center")): Object: 'Object Repository/Course Manager/select_Training Center' is clicked on

2020-08-10 19:14:25 - [MESSAGE][PASSED] - Object: 'Object Repository/Course Manager/select_Training Center' is clicked on

2020-08-10 19:14:25 - [TEST_STEP][PASSED] - click(findTestObject("Course Manager/Train_center_Value")): Object: 'Object Repository/Course Manager/Train_center_Value' is clicked on

2020-08-10 19:14:25 - [MESSAGE][PASSED] - Object: 'Object Repository/Course Manager/Train_center_Value' is clicked on

2020-08-10 19:14:25 - [TEST_STEP][PASSED] - click(findTestObject("Course Manager/select_Room")): Object: 'Object Repository/Course Manager/select_Room' is clicked on

2020-08-10 19:14:26 - [MESSAGE][PASSED] - Object: 'Object Repository/Course Manager/select_Room' is clicked on

2020-08-10 19:14:26 - [TEST_STEP][PASSED] - click(findTestObject("Course Manager/Room_Value")): Object: 'Object Repository/Course Manager/Room_Value' is clicked on

2020-08-10 19:14:27 - [MESSAGE][PASSED] - Object: 'Object Repository/Course Manager/Room_Value' is clicked on

2020-08-10 19:14:27 - [TEST_STEP][PASSED] - click(findTestObject("Course Manager/a_Next")): Object: 'Object Repository/Course Manager/a_Next' is clicked on

2020-08-10 19:14:27 - [MESSAGE][PASSED] - Object: 'Object Repository/Course Manager/a_Next' is clicked on

2020-08-10 19:14:27 - [TEST_STEP][PASSED] - click(findTestObject("Course Manager/a_ Add Focus Area")): Object: 'Object Repository/Course Manager/a_ Add Focus Area' is clicked on

2020-08-10 19:14:28 - [MESSAGE][PASSED] - Object: 'Object Repository/Course Manager/a_ Add Focus Area' is clicked on

2020-08-10 19:14:28 - [TEST_STEP][PASSED] - click(findTestObject("Course Manager/option_Certification")): Object: 'Object Repository/Course Manager/option_Certification' is clicked on

2020-08-10 19:14:29 - [MESSAGE][PASSED] - Object: 'Object Repository/Course Manager/option_Certification' is clicked on

2020-08-10 19:14:29 - [TEST_STEP][PASSED] - click(findTestObject("Course Manager/button_Submit_FocusArea")): Object: 'Object Repository/Course Manager/button_Submit_FocusArea' is clicked on

2020-08-10 19:14:29 - [MESSAGE][PASSED] - Object: 'Object Repository/Course Manager/button_Submit_FocusArea' is clicked on

2020-08-10 19:14:29 - [TEST_STEP][PASSED] - click(findTestObject("Course Manager/a_Next")): Object: 'Object Repository/Course Manager/a_Next' is clicked on

2020-08-10 19:14:31 - [MESSAGE][PASSED] - Object: 'Object Repository/Course Manager/a_Next' is clicked on

2020-08-10 19:14:31 - [TEST_STEP][PASSED] - click(findTestObject("Course Manager/select_TextBookProvided")): Object: 'Object Repository/Course Manager/select_TextBookProvided' is clicked on

2020-08-10 19:14:32 - [MESSAGE][PASSED] - Object: 'Object Repository/Course Manager/select_TextBookProvided' is clicked on

2020-08-10 19:14:32 - [TEST_STEP][PASSED] - click(findTestObject("Course Manager/option_Yes")): Object: 'Object Repository/Course Manager/option_Yes' is clicked on

2020-08-10 19:14:32 - [MESSAGE][PASSED] - Object: 'Object Repository/Course Manager/option_Yes' is clicked on

2020-08-10 19:14:32 - [TEST_STEP][PASSED] - setText(findTestObject("Course Manager/input_SD_custFiled_30"), "1234512345"): Text '1234512345' is set on object 'Object Repository/Course Manager/input_SD_custFiled_30'

2020-08-10 19:14:33 - [MESSAGE][PASSED] - Text '1234512345' is set on object 'Object Repository/Course Manager/input_SD_custFiled_30'

2020-08-10 19:14:33 - [TEST_STEP][PASSED] - click(findTestObject("Course Manager/input_Migrated Course_custFiled_31")): Object: 'Object Repository/Course Manager/input_Migrated Course_custFiled_31' is clicked on

2020-08-10 19:14:34 - [MESSAGE][PASSED] - Object: 'Object Repository/Course Manager/input_Migrated Course_custFiled_31' is clicked on

2020-08-10 19:14:34 - [TEST_STEP][PASSED] - setText(findTestObject("Course Manager/textarea_Learning Outcomes_custFiled_29"), "This is a test from automation"): Text 'This is a test from automation' is set on object 'Object Repository/Course Manager/textarea_Learning Outcomes_custFiled_29'

2020-08-10 19:14:35 - [MESSAGE][PASSED] - Text 'This is a test from automation' is set on object 'Object Repository/Course Manager/textarea_Learning Outcomes_custFiled_29'

2020-08-10 19:14:35 - [TEST_STEP][PASSED] - click(findTestObject("Course Manager/a_Next")): Object: 'Object Repository/Course Manager/a_Next' is clicked on

2020-08-10 19:14:35 - [MESSAGE][PASSED] - Object: 'Object Repository/Course Manager/a_Next' is clicked on

2020-08-10 19:14:35 - [TEST_STEP][PASSED] - click(findTestObject("Course Manager/a_Next")): Object: 'Object Repository/Course Manager/a_Next' is clicked on

2020-08-10 19:14:37 - [MESSAGE][PASSED] - Object: 'Object Repository/Course Manager/a_Next' is clicked on

2020-08-10 19:14:37 - [TEST_STEP][PASSED] - scrollToElement(findTestObject("Course Manager/input_Seats Expire On_DTRsvSeat"), 0): Scroll to object 'Object Repository/Course Manager/input_Seats Expire On_DTRsvSeat' successfully

2020-08-10 19:14:37 - [MESSAGE][WARNING] - Timeout '0' is invalid. Using default page load timeout: '30'

2020-08-10 19:14:38 - [MESSAGE][PASSED] - Scroll to object 'Object Repository/Course Manager/input_Seats Expire On_DTRsvSeat' successfully

2020-08-10 19:14:38 - [TEST_STEP][PASSED] - click(findTestObject("Course Manager/input_Seats Expire On_DTRsvSeat")): Object: 'Object Repository/Course Manager/input_Seats Expire On_DTRsvSeat' is clicked on

2020-08-10 19:14:38 - [MESSAGE][PASSED] - Object: 'Object Repository/Course Manager/input_Seats Expire On_DTRsvSeat' is clicked on

2020-08-10 19:14:38 - [TEST_STEP][PASSED] - click(findTestObject("Course Manager/div_31 (Expiry Date)")): Object: 'Object Repository/Course Manager/div_31 (Expiry Date)' is clicked on

2020-08-10 19:14:39 - [MESSAGE][PASSED] - Object: 'Object Repository/Course Manager/div_31 (Expiry Date)' is clicked on

2020-08-10 19:14:39 - [TEST_STEP][PASSED] - click(findTestObject("Course Manager/a_Next")): Object: 'Object Repository/Course Manager/a_Next' is clicked on

2020-08-10 19:14:40 - [MESSAGE][PASSED] - Object: 'Object Repository/Course Manager/a_Next' is clicked on

2020-08-10 19:14:40 - [TEST_STEP][PASSED] - click(findTestObject("Course Manager/a_Next")): Object: 'Object Repository/Course Manager/a_Next' is clicked on

2020-08-10 19:14:41 - [MESSAGE][PASSED] - Object: 'Object Repository/Course Manager/a_Next' is clicked on

2020-08-10 19:14:41 - [TEST_STEP][PASSED] - click(findTestObject("Course Manager/input__generate_start_date")): Object: 'Object Repository/Course Manager/input__generate_start_date' is clicked on

2020-08-10 19:14:42 - [MESSAGE][PASSED] - Object: 'Object Repository/Course Manager/input__generate_start_date' is clicked on

2020-08-10 19:14:42 - [TEST_STEP][PASSED] - click(findTestObject("Course Manager/button_December_xdsoft_next")): Object: 'Object Repository/Course Manager/button_December_xdsoft_next' is clicked on

2020-08-10 19:14:43 - [MESSAGE][PASSED] - Object: 'Object Repository/Course Manager/button_December_xdsoft_next' is clicked on

2020-08-10 19:14:43 - [TEST_STEP][PASSED] - click(findTestObject("Course Manager/div_1 (Sched Start Date)")): Object: 'Object Repository/Course Manager/div_1 (Sched Start Date)' is clicked on

2020-08-10 19:14:44 - [MESSAGE][PASSED] - Object: 'Object Repository/Course Manager/div_1 (Sched Start Date)' is clicked on

2020-08-10 19:14:44 - [TEST_STEP][PASSED] - click(findTestObject("Course Manager/input__generate_end_date")): Object: 'Object Repository/Course Manager/input__generate_end_date' is clicked on

2020-08-10 19:14:44 - [MESSAGE][PASSED] - Object: 'Object Repository/Course Manager/input__generate_end_date' is clicked on

2020-08-10 19:14:44 - [TEST_STEP][PASSED] - click(findTestObject("Course Manager/button_December_xdsoft_next (End Date)")): Object: 'Object Repository/Course Manager/button_December_xdsoft_next (End Date)' is clicked on

2020-08-10 19:14:45 - [MESSAGE][PASSED] - Object: 'Object Repository/Course Manager/button_December_xdsoft_next (End Date)' is clicked on

2020-08-10 19:14:45 - [TEST_STEP][PASSED] - click(findTestObject("Course Manager/div_31 (Sched End Date)")): Object: 'Object Repository/Course Manager/div_31 (Sched End Date)' is clicked on

2020-08-10 19:14:46 - [MESSAGE][PASSED] - Object: 'Object Repository/Course Manager/div_31 (Sched End Date)' is clicked on

2020-08-10 19:14:46 - [TEST_STEP][PASSED] - click(findTestObject("Course Manager/button_Schedule")): Object: 'Object Repository/Course Manager/button_Schedule' is clicked on

2020-08-10 19:14:46 - [MESSAGE][PASSED] - Object: 'Object Repository/Course Manager/button_Schedule' is clicked on

2020-08-10 19:14:46 - [TEST_STEP][PASSED] - click(findTestObject("Course Manager/a_Next")): Object: 'Object Repository/Course Manager/a_Next' is clicked on

2020-08-10 19:14:48 - [MESSAGE][PASSED] - Object: 'Object Repository/Course Manager/a_Next' is clicked on

2020-08-10 19:14:48 - [TEST_STEP][PASSED] - click(findTestObject("Course Manager/a_Next")): Object: 'Object Repository/Course Manager/a_Next' is clicked on

2020-08-10 19:14:50 - [MESSAGE][PASSED] - Object: 'Object Repository/Course Manager/a_Next' is clicked on

2020-08-10 19:14:50 - [TEST_STEP][PASSED] - click(findTestObject("Course Manager/a_ Add Restriction")): Object: 'Object Repository/Course Manager/a_ Add Restriction' is clicked on

2020-08-10 19:14:51 - [MESSAGE][PASSED] - Object: 'Object Repository/Course Manager/a_ Add Restriction' is clicked on

2020-08-10 19:14:51 - [TEST_STEP][PASSED] - setText(findTestObject("Course Manager/input__txtClassEnrollGroupName"), "TEST"): Text 'TEST' is set on object 'Object Repository/Course Manager/input__txtClassEnrollGroupName'

2020-08-10 19:14:52 - [MESSAGE][PASSED] - Text 'TEST' is set on object 'Object Repository/Course Manager/input__txtClassEnrollGroupName'

2020-08-10 19:14:52 - [TEST_STEP][PASSED] - click(findTestObject("Course Manager/option_a_GG test"), STOP_ON_FAILURE): Object: 'Object Repository/Course Manager/option_a_GG test' is clicked on

2020-08-10 19:14:53 - [MESSAGE][PASSED] - Object: 'Object Repository/Course Manager/option_a_GG test' is clicked on

2020-08-10 19:14:53 - [TEST_STEP][PASSED] - setText(findTestObject("Course Manager/input__ClassEnrollGroupLimit"), "10"): Text '10' is set on object 'Object Repository/Course Manager/input__ClassEnrollGroupLimit'

2020-08-10 19:14:54 - [MESSAGE][PASSED] - Text '10' is set on object 'Object Repository/Course Manager/input__ClassEnrollGroupLimit'

2020-08-10 19:14:54 - [TEST_STEP][PASSED] - click(findTestObject("Course Manager/input_Remove Limit After_dtExpiryDate"), STOP_ON_FAILURE): Object: 'Object Repository/Course Manager/input_Remove Limit After_dtExpiryDate' is clicked on

2020-08-10 19:14:54 - [MESSAGE][PASSED] - Object: 'Object Repository/Course Manager/input_Remove Limit After_dtExpiryDate' is clicked on

2020-08-10 19:14:54 - [TEST_STEP][PASSED] - click(findTestObject("Course Manager/div_30"), STOP_ON_FAILURE): Object: 'Object Repository/Course Manager/div_30' is clicked on

2020-08-10 19:14:55 - [MESSAGE][PASSED] - Object: 'Object Repository/Course Manager/div_30' is clicked on

2020-08-10 19:14:55 - [TEST_STEP][PASSED] - click(findTestObject("Course Manager/button_Submit (Restriction)"), STOP_ON_FAILURE): Object: 'Object Repository/Course Manager/button_Submit (Restriction)' is clicked on

2020-08-10 19:14:56 - [MESSAGE][PASSED] - Object: 'Object Repository/Course Manager/button_Submit (Restriction)' is clicked on

2020-08-10 19:14:56 - [TEST_STEP][PASSED] - click(findTestObject("Course Manager/a_Next")): Object: 'Object Repository/Course Manager/a_Next' is clicked on

2020-08-10 19:14:57 - [MESSAGE][PASSED] - Object: 'Object Repository/Course Manager/a_Next' is clicked on

2020-08-10 19:14:57 - [TEST_STEP][PASSED] - click(findTestObject("Course Manager/a_ Target Audience")): Object: 'Object Repository/Course Manager/a_ Target Audience' is clicked on

2020-08-10 19:14:58 - [MESSAGE][PASSED] - Object: 'Object Repository/Course Manager/a_ Target Audience' is clicked on

2020-08-10 19:14:58 - [TEST_STEP][PASSED] - click(findTestObject("Course Manager/option_Paraprofessionals")): Object: 'Object Repository/Course Manager/option_Paraprofessionals' is clicked on

2020-08-10 19:14:59 - [MESSAGE][PASSED] - Object: 'Object Repository/Course Manager/option_Paraprofessionals' is clicked on

2020-08-10 19:14:59 - [TEST_STEP][PASSED] - click(findTestObject("Course Manager/button_Submit (Target Audience)")): Object: 'Object Repository/Course Manager/button_Submit (Target Audience)' is clicked on

2020-08-10 19:14:59 - [MESSAGE][PASSED] - Object: 'Object Repository/Course Manager/button_Submit (Target Audience)' is clicked on

2020-08-10 19:14:59 - [TEST_STEP][PASSED] - click(findTestObject("Course Manager/a_Next")): Object: 'Object Repository/Course Manager/a_Next' is clicked on

2020-08-10 19:15:01 - [MESSAGE][PASSED] - Object: 'Object Repository/Course Manager/a_Next' is clicked on

2020-08-10 19:15:01 - [TEST_STEP][PASSED] - click(findTestObject("Course Manager/a_ Rubric")): Object: 'Object Repository/Course Manager/a_ Rubric' is clicked on

2020-08-10 19:15:02 - [MESSAGE][PASSED] - Object: 'Object Repository/Course Manager/a_ Rubric' is clicked on

2020-08-10 19:15:02 - [TEST_STEP][PASSED] - click(findTestObject("Course Manager/select_Rubric")): Object: 'Object Repository/Course Manager/select_Rubric' is clicked on

2020-08-10 19:15:02 - [MESSAGE][PASSED] - Object: 'Object Repository/Course Manager/select_Rubric' is clicked on

2020-08-10 19:15:02 - [TEST_STEP][PASSED] - click(findTestObject("Course Manager/option_Admin")): Object: 'Object Repository/Course Manager/option_Admin' is clicked on

2020-08-10 19:15:03 - [MESSAGE][PASSED] - Object: 'Object Repository/Course Manager/option_Admin' is clicked on

2020-08-10 19:15:03 - [TEST_STEP][PASSED] - click(findTestObject("Course Manager/select_Domain")): Object: 'Object Repository/Course Manager/select_Domain' is clicked on

2020-08-10 19:15:04 - [MESSAGE][PASSED] - Object: 'Object Repository/Course Manager/select_Domain' is clicked on

2020-08-10 19:15:04 - [TEST_STEP][PASSED] - click(findTestObject("Course Manager/option_Planning")): Object: 'Object Repository/Course Manager/option_Planning' is clicked on

2020-08-10 19:15:05 - [MESSAGE][PASSED] - Object: 'Object Repository/Course Manager/option_Planning' is clicked on

2020-08-10 19:15:05 - [TEST_STEP][PASSED] - click(findTestObject("Course Manager/option_sample"), STOP_ON_FAILURE): Object: 'Object Repository/Course Manager/option_sample' is clicked on

2020-08-10 19:15:06 - [MESSAGE][PASSED] - Object: 'Object Repository/Course Manager/option_sample' is clicked on

2020-08-10 19:15:06 - [TEST_STEP][PASSED] - click(findTestObject("Course Manager/button_Submit (Rubric)")): Object: 'Object Repository/Course Manager/button_Submit (Rubric)' is clicked on

2020-08-10 19:15:06 - [MESSAGE][PASSED] - Object: 'Object Repository/Course Manager/button_Submit (Rubric)' is clicked on

2020-08-10 19:15:06 - [TEST_STEP][PASSED] - click(findTestObject("Course Manager/a_Next")): Object: 'Object Repository/Course Manager/a_Next' is clicked on

2020-08-10 19:15:08 - [MESSAGE][PASSED] - Object: 'Object Repository/Course Manager/a_Next' is clicked on

2020-08-10 19:15:08 - [TEST_STEP][PASSED] - click(findTestObject("Course Manager/a_Next")): Object: 'Object Repository/Course Manager/a_Next' is clicked on

2020-08-10 19:15:10 - [MESSAGE][PASSED] - Object: 'Object Repository/Course Manager/a_Next' is clicked on

2020-08-10 19:15:10 - [TEST_STEP][PASSED] - click(findTestObject("Course Manager/a_Next")): Object: 'Object Repository/Course Manager/a_Next' is clicked on

2020-08-10 19:15:12 - [MESSAGE][PASSED] - Object: 'Object Repository/Course Manager/a_Next' is clicked on

2020-08-10 19:15:12 - [TEST_STEP][PASSED] - click(findTestObject("Course Manager/a_Finish")): Object: 'Object Repository/Course Manager/a_Finish' is clicked on

2020-08-10 19:15:13 - [MESSAGE][PASSED] - Object: 'Object Repository/Course Manager/a_Finish' is clicked on

2020-08-10 19:15:13 - [TEST_STEP][PASSED] - click(findTestObject("Course Manager/a_Course Manager")): Object: 'Object Repository/Course Manager/a_Course Manager' is clicked on

2020-08-10 19:15:21 - [MESSAGE][PASSED] - Object: 'Object Repository/Course Manager/a_Course Manager' is clicked on]]></system-out>
         <system-err><![CDATA[]]></system-err>
      </testcase>
      <testcase name="Test Cases/Course Manager/TC-010-CM-Creating Course without the ADA message" time="105.794" classname="Test Cases/Course Manager/TC-010-CM-Creating Course without the ADA message" status="PASSED">
         <system-out><![CDATA[2020-08-10 19:15:21 - [TEST_CASE][PASSED] - Test Cases/Course Manager/TC-010-CM-Creating Course without the ADA message: Test Cases/Course Manager/TC-010-CM-Creating Course without the ADA message

2020-08-10 19:15:21 - [TEST_STEP][PASSED] - click(findTestObject("Course Manager/button_New")): Object: 'Object Repository/Course Manager/button_New' is clicked on

2020-08-10 19:15:24 - [MESSAGE][PASSED] - Object: 'Object Repository/Course Manager/button_New' is clicked on

2020-08-10 19:15:24 - [TEST_STEP][PASSED] - click(findTestObject("Course Manager/select_Category")): Object: 'Object Repository/Course Manager/select_Category' is clicked on

2020-08-10 19:15:24 - [MESSAGE][PASSED] - Object: 'Object Repository/Course Manager/select_Category' is clicked on

2020-08-10 19:15:24 - [TEST_STEP][PASSED] - verifyElementVisible(findTestObject("Course Manager/option_Learning Plan")): Object 'Object Repository/Course Manager/option_Learning Plan' is visible

2020-08-10 19:15:25 - [MESSAGE][PASSED] - Object 'Object Repository/Course Manager/option_Learning Plan' is visible

2020-08-10 19:15:25 - [TEST_STEP][PASSED] - click(findTestObject("Course Manager/a_Course Manager")): Object: 'Object Repository/Course Manager/a_Course Manager' is clicked on

2020-08-10 19:15:27 - [MESSAGE][PASSED] - Object: 'Object Repository/Course Manager/a_Course Manager' is clicked on

2020-08-10 19:15:27 - [TEST_STEP][PASSED] - click(findTestObject("Course Manager/a_Tools")): Object: 'Object Repository/Course Manager/a_Tools' is clicked on

2020-08-10 19:15:29 - [MESSAGE][PASSED] - Object: 'Object Repository/Course Manager/a_Tools' is clicked on

2020-08-10 19:15:29 - [TEST_STEP][PASSED] - click(findTestObject("Course Manager/div_Manage Categories")): Object: 'Object Repository/Course Manager/div_Manage Categories' is clicked on

2020-08-10 19:15:31 - [MESSAGE][PASSED] - Object: 'Object Repository/Course Manager/div_Manage Categories' is clicked on

2020-08-10 19:15:31 - [TEST_STEP][PASSED] - click(findTestObject("Course Manager/a_Unlimited_update_traning editstudent btn _a4b332")): Object: 'Object Repository/Course Manager/a_Unlimited_update_traning editstudent btn _a4b332' is clicked on

2020-08-10 19:15:32 - [MESSAGE][PASSED] - Object: 'Object Repository/Course Manager/a_Unlimited_update_traning editstudent btn _a4b332' is clicked on

2020-08-10 19:15:32 - [TEST_STEP][PASSED] - click(findTestObject("Course Manager/div_ActiveInactive")): Object: 'Object Repository/Course Manager/div_ActiveInactive' is clicked on

2020-08-10 19:15:33 - [MESSAGE][PASSED] - Object: 'Object Repository/Course Manager/div_ActiveInactive' is clicked on

2020-08-10 19:15:33 - [TEST_STEP][PASSED] - click(findTestObject("Course Manager/input_Delete_save_category")): Object: 'Object Repository/Course Manager/input_Delete_save_category' is clicked on

2020-08-10 19:15:33 - [MESSAGE][PASSED] - Object: 'Object Repository/Course Manager/input_Delete_save_category' is clicked on

2020-08-10 19:15:33 - [TEST_STEP][PASSED] - click(findTestObject("Course Manager/a_Tools")): Object: 'Object Repository/Course Manager/a_Tools' is clicked on

2020-08-10 19:15:35 - [MESSAGE][PASSED] - Object: 'Object Repository/Course Manager/a_Tools' is clicked on

2020-08-10 19:15:35 - [TEST_STEP][PASSED] - click(findTestObject("Course Manager/div_Course Manager")): Object: 'Object Repository/Course Manager/div_Course Manager' is clicked on

2020-08-10 19:15:37 - [MESSAGE][PASSED] - Object: 'Object Repository/Course Manager/div_Course Manager' is clicked on

2020-08-10 19:15:37 - [TEST_STEP][PASSED] - click(findTestObject("Course Manager/button_New")): Object: 'Object Repository/Course Manager/button_New' is clicked on

2020-08-10 19:15:40 - [MESSAGE][PASSED] - Object: 'Object Repository/Course Manager/button_New' is clicked on

2020-08-10 19:15:40 - [TEST_STEP][PASSED] - click(findTestObject("Course Manager/select_Category")): Object: 'Object Repository/Course Manager/select_Category' is clicked on

2020-08-10 19:15:41 - [MESSAGE][PASSED] - Object: 'Object Repository/Course Manager/select_Category' is clicked on

2020-08-10 19:15:41 - [TEST_STEP][PASSED] - setText(findTestObject("Course Manager/input__txtTitle"), "Comp-101"): Text 'Comp-101' is set on object 'Object Repository/Course Manager/input__txtTitle'

2020-08-10 19:15:42 - [MESSAGE][PASSED] - Text 'Comp-101' is set on object 'Object Repository/Course Manager/input__txtTitle'

2020-08-10 19:15:42 - [TEST_STEP][PASSED] - selectOptionByValue(findTestObject("Object Repository/Course Manager/select_Choose                              _822a55"), "2", true): All options with value '2' are selected in object 'Object Repository/Course Manager/select_Choose                              _822a55'  using regular expression

2020-08-10 19:15:43 - [MESSAGE][PASSED] - All options with value '2' are selected in object 'Object Repository/Course Manager/select_Choose                              _822a55'  using regular expression

2020-08-10 19:15:43 - [TEST_STEP][PASSED] - selectOptionByValue(findTestObject("Object Repository/Course Manager/select_ChooseBlended Learning (OnlineFace-t_17004a"), "175", true): All options with value '175' are selected in object 'Object Repository/Course Manager/select_ChooseBlended Learning (OnlineFace-t_17004a'  using regular expression

2020-08-10 19:15:44 - [MESSAGE][PASSED] - All options with value '175' are selected in object 'Object Repository/Course Manager/select_ChooseBlended Learning (OnlineFace-t_17004a'  using regular expression

2020-08-10 19:15:44 - [TEST_STEP][PASSED] - selectOptionByValue(findTestObject("Object Repository/Course Manager/select_Choose                              _ed4c48"), "11", true): All options with value '11' are selected in object 'Object Repository/Course Manager/select_Choose                              _ed4c48'  using regular expression

2020-08-10 19:15:46 - [MESSAGE][PASSED] - All options with value '11' are selected in object 'Object Repository/Course Manager/select_Choose                              _ed4c48'  using regular expression

2020-08-10 19:15:46 - [TEST_STEP][PASSED] - click(findTestObject("Course Manager/a_Next")): Object: 'Object Repository/Course Manager/a_Next' is clicked on

2020-08-10 19:15:46 - [MESSAGE][PASSED] - Object: 'Object Repository/Course Manager/a_Next' is clicked on

2020-08-10 19:15:46 - [TEST_STEP][PASSED] - delay(2): Delayed 2 second(s)

2020-08-10 19:15:48 - [MESSAGE][PASSED] - Delayed 2 second(s)

2020-08-10 19:15:48 - [TEST_STEP][PASSED] - test.fileUpload.uploadFile(findTestObject("Course Manager/input_BROWSE_test"), "C:\Users\Kim\Downloads\depositphotos_180736330-stock-illustration-logo-quality-assurance-qa-testing.jpg"): test.fileUpload.uploadFile is PASSED

2020-08-10 19:15:49 - [MESSAGE][PASSED] - Object: 'Object Repository/Course Manager/input_BROWSE_test' is clicked on

2020-08-10 19:15:49 - [MESSAGE][PASSED] - test.fileUpload.uploadFile is PASSED

2020-08-10 19:15:49 - [TEST_STEP][PASSED] - setText(findTestObject("Course Manager/textarea_Course Desciption"), "This is a test description"): Text 'This is a test description' is set on object 'Object Repository/Course Manager/textarea_Course Desciption'

2020-08-10 19:15:50 - [MESSAGE][PASSED] - Text 'This is a test description' is set on object 'Object Repository/Course Manager/textarea_Course Desciption'

2020-08-10 19:15:50 - [TEST_STEP][PASSED] - click(findTestObject("Course Manager/a_Next")): Object: 'Object Repository/Course Manager/a_Next' is clicked on

2020-08-10 19:15:51 - [MESSAGE][PASSED] - Object: 'Object Repository/Course Manager/a_Next' is clicked on

2020-08-10 19:15:51 - [TEST_STEP][PASSED] - delay(2): Delayed 2 second(s)

2020-08-10 19:15:53 - [MESSAGE][PASSED] - Delayed 2 second(s)

2020-08-10 19:15:53 - [TEST_STEP][PASSED] - click(findTestObject("Course Manager/a_ Add Instructor")): Object: 'Object Repository/Course Manager/a_ Add Instructor' is clicked on

2020-08-10 19:15:54 - [MESSAGE][PASSED] - Object: 'Object Repository/Course Manager/a_ Add Instructor' is clicked on

2020-08-10 19:15:54 - [TEST_STEP][PASSED] - setText(findTestObject("Course Manager/input__txtInstructor"), "Lauro E"): Text 'Lauro E' is set on object 'Object Repository/Course Manager/input__txtInstructor'

2020-08-10 19:15:55 - [MESSAGE][PASSED] - Text 'Lauro E' is set on object 'Object Repository/Course Manager/input__txtInstructor'

2020-08-10 19:15:55 - [TEST_STEP][PASSED] - click(findTestObject("Course Manager/a_Lauro Eguia")): Object: 'Object Repository/Course Manager/a_Lauro Eguia' is clicked on

2020-08-10 19:15:57 - [MESSAGE][PASSED] - Object: 'Object Repository/Course Manager/a_Lauro Eguia' is clicked on

2020-08-10 19:15:57 - [TEST_STEP][PASSED] - delay(3): Delayed 3 second(s)

2020-08-10 19:16:00 - [MESSAGE][PASSED] - Delayed 3 second(s)

2020-08-10 19:16:00 - [TEST_STEP][PASSED] - click(findTestObject("Course Manager/button_Submit")): Object: 'Object Repository/Course Manager/button_Submit' is clicked on

2020-08-10 19:16:00 - [MESSAGE][PASSED] - Object: 'Object Repository/Course Manager/button_Submit' is clicked on

2020-08-10 19:16:00 - [TEST_STEP][PASSED] - click(findTestObject("Course Manager/a_Next")): Object: 'Object Repository/Course Manager/a_Next' is clicked on

2020-08-10 19:16:02 - [MESSAGE][PASSED] - Object: 'Object Repository/Course Manager/a_Next' is clicked on

2020-08-10 19:16:02 - [TEST_STEP][PASSED] - click(findTestObject("Course Manager/select_Training Center")): Object: 'Object Repository/Course Manager/select_Training Center' is clicked on

2020-08-10 19:16:03 - [MESSAGE][PASSED] - Object: 'Object Repository/Course Manager/select_Training Center' is clicked on

2020-08-10 19:16:03 - [TEST_STEP][PASSED] - click(findTestObject("Course Manager/Train_center_Value")): Object: 'Object Repository/Course Manager/Train_center_Value' is clicked on

2020-08-10 19:16:03 - [MESSAGE][PASSED] - Object: 'Object Repository/Course Manager/Train_center_Value' is clicked on

2020-08-10 19:16:03 - [TEST_STEP][PASSED] - click(findTestObject("Course Manager/select_Room")): Object: 'Object Repository/Course Manager/select_Room' is clicked on

2020-08-10 19:16:04 - [MESSAGE][PASSED] - Object: 'Object Repository/Course Manager/select_Room' is clicked on

2020-08-10 19:16:04 - [TEST_STEP][PASSED] - click(findTestObject("Course Manager/Room_Value")): Object: 'Object Repository/Course Manager/Room_Value' is clicked on

2020-08-10 19:16:05 - [MESSAGE][PASSED] - Object: 'Object Repository/Course Manager/Room_Value' is clicked on

2020-08-10 19:16:05 - [TEST_STEP][PASSED] - click(findTestObject("Course Manager/a_Next")): Object: 'Object Repository/Course Manager/a_Next' is clicked on

2020-08-10 19:16:05 - [MESSAGE][PASSED] - Object: 'Object Repository/Course Manager/a_Next' is clicked on

2020-08-10 19:16:05 - [TEST_STEP][PASSED] - click(findTestObject("Course Manager/a_ Add Focus Area")): Object: 'Object Repository/Course Manager/a_ Add Focus Area' is clicked on

2020-08-10 19:16:07 - [MESSAGE][PASSED] - Object: 'Object Repository/Course Manager/a_ Add Focus Area' is clicked on

2020-08-10 19:16:07 - [TEST_STEP][PASSED] - click(findTestObject("Course Manager/option_Certification")): Object: 'Object Repository/Course Manager/option_Certification' is clicked on

2020-08-10 19:16:07 - [MESSAGE][PASSED] - Object: 'Object Repository/Course Manager/option_Certification' is clicked on

2020-08-10 19:16:07 - [TEST_STEP][PASSED] - click(findTestObject("Course Manager/button_Submit_FocusArea")): Object: 'Object Repository/Course Manager/button_Submit_FocusArea' is clicked on

2020-08-10 19:16:08 - [MESSAGE][PASSED] - Object: 'Object Repository/Course Manager/button_Submit_FocusArea' is clicked on

2020-08-10 19:16:08 - [TEST_STEP][PASSED] - click(findTestObject("Course Manager/a_Next")): Object: 'Object Repository/Course Manager/a_Next' is clicked on

2020-08-10 19:16:09 - [MESSAGE][PASSED] - Object: 'Object Repository/Course Manager/a_Next' is clicked on

2020-08-10 19:16:09 - [TEST_STEP][PASSED] - click(findTestObject("Course Manager/select_TextBookProvided")): Object: 'Object Repository/Course Manager/select_TextBookProvided' is clicked on

2020-08-10 19:16:10 - [MESSAGE][PASSED] - Object: 'Object Repository/Course Manager/select_TextBookProvided' is clicked on

2020-08-10 19:16:10 - [TEST_STEP][PASSED] - click(findTestObject("Course Manager/option_Yes")): Object: 'Object Repository/Course Manager/option_Yes' is clicked on

2020-08-10 19:16:11 - [MESSAGE][PASSED] - Object: 'Object Repository/Course Manager/option_Yes' is clicked on

2020-08-10 19:16:11 - [TEST_STEP][PASSED] - setText(findTestObject("Course Manager/input_SD_custFiled_30"), "1234512345"): Text '1234512345' is set on object 'Object Repository/Course Manager/input_SD_custFiled_30'

2020-08-10 19:16:11 - [MESSAGE][PASSED] - Text '1234512345' is set on object 'Object Repository/Course Manager/input_SD_custFiled_30'

2020-08-10 19:16:11 - [TEST_STEP][PASSED] - click(findTestObject("Course Manager/input_Migrated Course_custFiled_31")): Object: 'Object Repository/Course Manager/input_Migrated Course_custFiled_31' is clicked on

2020-08-10 19:16:12 - [MESSAGE][PASSED] - Object: 'Object Repository/Course Manager/input_Migrated Course_custFiled_31' is clicked on

2020-08-10 19:16:12 - [TEST_STEP][PASSED] - setText(findTestObject("Course Manager/textarea_Learning Outcomes_custFiled_29"), "This is a test from automation"): Text 'This is a test from automation' is set on object 'Object Repository/Course Manager/textarea_Learning Outcomes_custFiled_29'

2020-08-10 19:16:13 - [MESSAGE][PASSED] - Text 'This is a test from automation' is set on object 'Object Repository/Course Manager/textarea_Learning Outcomes_custFiled_29'

2020-08-10 19:16:13 - [TEST_STEP][PASSED] - click(findTestObject("Course Manager/a_Next")): Object: 'Object Repository/Course Manager/a_Next' is clicked on

2020-08-10 19:16:14 - [MESSAGE][PASSED] - Object: 'Object Repository/Course Manager/a_Next' is clicked on

2020-08-10 19:16:14 - [TEST_STEP][PASSED] - click(findTestObject("Course Manager/a_Next")): Object: 'Object Repository/Course Manager/a_Next' is clicked on

2020-08-10 19:16:15 - [MESSAGE][PASSED] - Object: 'Object Repository/Course Manager/a_Next' is clicked on

2020-08-10 19:16:15 - [TEST_STEP][PASSED] - scrollToElement(findTestObject("Course Manager/input_Seats Expire On_DTRsvSeat"), 0): Scroll to object 'Object Repository/Course Manager/input_Seats Expire On_DTRsvSeat' successfully

2020-08-10 19:16:15 - [MESSAGE][WARNING] - Timeout '0' is invalid. Using default page load timeout: '30'

2020-08-10 19:16:16 - [MESSAGE][PASSED] - Scroll to object 'Object Repository/Course Manager/input_Seats Expire On_DTRsvSeat' successfully

2020-08-10 19:16:16 - [TEST_STEP][PASSED] - click(findTestObject("Course Manager/input_Seats Expire On_DTRsvSeat")): Object: 'Object Repository/Course Manager/input_Seats Expire On_DTRsvSeat' is clicked on

2020-08-10 19:16:17 - [MESSAGE][PASSED] - Object: 'Object Repository/Course Manager/input_Seats Expire On_DTRsvSeat' is clicked on

2020-08-10 19:16:17 - [TEST_STEP][PASSED] - click(findTestObject("Course Manager/div_31 (Expiry Date)")): Object: 'Object Repository/Course Manager/div_31 (Expiry Date)' is clicked on

2020-08-10 19:16:17 - [MESSAGE][PASSED] - Object: 'Object Repository/Course Manager/div_31 (Expiry Date)' is clicked on

2020-08-10 19:16:17 - [TEST_STEP][PASSED] - click(findTestObject("Course Manager/a_Next")): Object: 'Object Repository/Course Manager/a_Next' is clicked on

2020-08-10 19:16:18 - [MESSAGE][PASSED] - Object: 'Object Repository/Course Manager/a_Next' is clicked on

2020-08-10 19:16:18 - [TEST_STEP][PASSED] - setText(findTestObject("Course Manager/input_Non-Member Fee"), "50.00"): Text '50.00' is set on object 'Object Repository/Course Manager/input_Non-Member Fee'

2020-08-10 19:16:20 - [MESSAGE][PASSED] - Text '50.00' is set on object 'Object Repository/Course Manager/input_Non-Member Fee'

2020-08-10 19:16:20 - [TEST_STEP][PASSED] - setText(findTestObject("Course Manager/input_Member Fee"), "100.00"): Text '100.00' is set on object 'Object Repository/Course Manager/input_Member Fee'

2020-08-10 19:16:21 - [MESSAGE][PASSED] - Text '100.00' is set on object 'Object Repository/Course Manager/input_Member Fee'

2020-08-10 19:16:21 - [TEST_STEP][PASSED] - setText(findTestObject("Course Manager/input_Materials Fee"), "20.00"): Text '20.00' is set on object 'Object Repository/Course Manager/input_Materials Fee'

2020-08-10 19:16:22 - [MESSAGE][PASSED] - Text '20.00' is set on object 'Object Repository/Course Manager/input_Materials Fee'

2020-08-10 19:16:22 - [TEST_STEP][PASSED] - click(findTestObject("Course Manager/a_Next")): Object: 'Object Repository/Course Manager/a_Next' is clicked on

2020-08-10 19:16:22 - [MESSAGE][PASSED] - Object: 'Object Repository/Course Manager/a_Next' is clicked on

2020-08-10 19:16:22 - [TEST_STEP][PASSED] - click(findTestObject("Course Manager/input__generate_start_date")): Object: 'Object Repository/Course Manager/input__generate_start_date' is clicked on

2020-08-10 19:16:24 - [MESSAGE][PASSED] - Object: 'Object Repository/Course Manager/input__generate_start_date' is clicked on

2020-08-10 19:16:24 - [TEST_STEP][PASSED] - click(findTestObject("Course Manager/button_December_xdsoft_next")): Object: 'Object Repository/Course Manager/button_December_xdsoft_next' is clicked on

2020-08-10 19:16:24 - [MESSAGE][PASSED] - Object: 'Object Repository/Course Manager/button_December_xdsoft_next' is clicked on

2020-08-10 19:16:24 - [TEST_STEP][PASSED] - click(findTestObject("Course Manager/div_1 (Sched Start Date)")): Object: 'Object Repository/Course Manager/div_1 (Sched Start Date)' is clicked on

2020-08-10 19:16:25 - [MESSAGE][PASSED] - Object: 'Object Repository/Course Manager/div_1 (Sched Start Date)' is clicked on

2020-08-10 19:16:25 - [TEST_STEP][PASSED] - click(findTestObject("Course Manager/input__generate_end_date")): Object: 'Object Repository/Course Manager/input__generate_end_date' is clicked on

2020-08-10 19:16:26 - [MESSAGE][PASSED] - Object: 'Object Repository/Course Manager/input__generate_end_date' is clicked on

2020-08-10 19:16:26 - [TEST_STEP][PASSED] - click(findTestObject("Course Manager/button_December_xdsoft_next (End Date)")): Object: 'Object Repository/Course Manager/button_December_xdsoft_next (End Date)' is clicked on

2020-08-10 19:16:26 - [MESSAGE][PASSED] - Object: 'Object Repository/Course Manager/button_December_xdsoft_next (End Date)' is clicked on

2020-08-10 19:16:26 - [TEST_STEP][PASSED] - click(findTestObject("Course Manager/div_31 (Sched End Date)")): Object: 'Object Repository/Course Manager/div_31 (Sched End Date)' is clicked on

2020-08-10 19:16:27 - [MESSAGE][PASSED] - Object: 'Object Repository/Course Manager/div_31 (Sched End Date)' is clicked on

2020-08-10 19:16:27 - [TEST_STEP][PASSED] - click(findTestObject("Course Manager/button_Schedule")): Object: 'Object Repository/Course Manager/button_Schedule' is clicked on

2020-08-10 19:16:27 - [MESSAGE][PASSED] - Object: 'Object Repository/Course Manager/button_Schedule' is clicked on

2020-08-10 19:16:27 - [TEST_STEP][PASSED] - click(findTestObject("Course Manager/a_Next")): Object: 'Object Repository/Course Manager/a_Next' is clicked on

2020-08-10 19:16:29 - [MESSAGE][PASSED] - Object: 'Object Repository/Course Manager/a_Next' is clicked on

2020-08-10 19:16:29 - [TEST_STEP][PASSED] - click(findTestObject("Course Manager/a_Next")): Object: 'Object Repository/Course Manager/a_Next' is clicked on

2020-08-10 19:16:31 - [MESSAGE][PASSED] - Object: 'Object Repository/Course Manager/a_Next' is clicked on

2020-08-10 19:16:31 - [TEST_STEP][PASSED] - click(findTestObject("Course Manager/a_ Add Restriction")): Object: 'Object Repository/Course Manager/a_ Add Restriction' is clicked on

2020-08-10 19:16:32 - [MESSAGE][PASSED] - Object: 'Object Repository/Course Manager/a_ Add Restriction' is clicked on

2020-08-10 19:16:32 - [TEST_STEP][PASSED] - setText(findTestObject("Course Manager/input__txtClassEnrollGroupName"), "TEST"): Text 'TEST' is set on object 'Object Repository/Course Manager/input__txtClassEnrollGroupName'

2020-08-10 19:16:33 - [MESSAGE][PASSED] - Text 'TEST' is set on object 'Object Repository/Course Manager/input__txtClassEnrollGroupName'

2020-08-10 19:16:33 - [TEST_STEP][PASSED] - click(findTestObject("Course Manager/option_a_GG test"), STOP_ON_FAILURE): Object: 'Object Repository/Course Manager/option_a_GG test' is clicked on

2020-08-10 19:16:35 - [MESSAGE][PASSED] - Object: 'Object Repository/Course Manager/option_a_GG test' is clicked on

2020-08-10 19:16:35 - [TEST_STEP][PASSED] - setText(findTestObject("Course Manager/input__ClassEnrollGroupLimit"), "10"): Text '10' is set on object 'Object Repository/Course Manager/input__ClassEnrollGroupLimit'

2020-08-10 19:16:35 - [MESSAGE][PASSED] - Text '10' is set on object 'Object Repository/Course Manager/input__ClassEnrollGroupLimit'

2020-08-10 19:16:35 - [TEST_STEP][PASSED] - click(findTestObject("Course Manager/input_Remove Limit After_dtExpiryDate"), STOP_ON_FAILURE): Object: 'Object Repository/Course Manager/input_Remove Limit After_dtExpiryDate' is clicked on

2020-08-10 19:16:36 - [MESSAGE][PASSED] - Object: 'Object Repository/Course Manager/input_Remove Limit After_dtExpiryDate' is clicked on

2020-08-10 19:16:36 - [TEST_STEP][PASSED] - click(findTestObject("Course Manager/div_30"), STOP_ON_FAILURE): Object: 'Object Repository/Course Manager/div_30' is clicked on

2020-08-10 19:16:36 - [MESSAGE][PASSED] - Object: 'Object Repository/Course Manager/div_30' is clicked on

2020-08-10 19:16:36 - [TEST_STEP][PASSED] - click(findTestObject("Course Manager/button_Submit (Restriction)"), STOP_ON_FAILURE): Object: 'Object Repository/Course Manager/button_Submit (Restriction)' is clicked on

2020-08-10 19:16:37 - [MESSAGE][PASSED] - Object: 'Object Repository/Course Manager/button_Submit (Restriction)' is clicked on

2020-08-10 19:16:37 - [TEST_STEP][PASSED] - click(findTestObject("Course Manager/a_Next")): Object: 'Object Repository/Course Manager/a_Next' is clicked on

2020-08-10 19:16:39 - [MESSAGE][PASSED] - Object: 'Object Repository/Course Manager/a_Next' is clicked on

2020-08-10 19:16:39 - [TEST_STEP][PASSED] - click(findTestObject("Course Manager/a_ Target Audience")): Object: 'Object Repository/Course Manager/a_ Target Audience' is clicked on

2020-08-10 19:16:41 - [MESSAGE][PASSED] - Object: 'Object Repository/Course Manager/a_ Target Audience' is clicked on

2020-08-10 19:16:41 - [TEST_STEP][PASSED] - click(findTestObject("Course Manager/option_Paraprofessionals")): Object: 'Object Repository/Course Manager/option_Paraprofessionals' is clicked on

2020-08-10 19:16:41 - [MESSAGE][PASSED] - Object: 'Object Repository/Course Manager/option_Paraprofessionals' is clicked on

2020-08-10 19:16:41 - [TEST_STEP][PASSED] - click(findTestObject("Course Manager/button_Submit (Target Audience)")): Object: 'Object Repository/Course Manager/button_Submit (Target Audience)' is clicked on

2020-08-10 19:16:42 - [MESSAGE][PASSED] - Object: 'Object Repository/Course Manager/button_Submit (Target Audience)' is clicked on

2020-08-10 19:16:42 - [TEST_STEP][PASSED] - click(findTestObject("Course Manager/a_Next")): Object: 'Object Repository/Course Manager/a_Next' is clicked on

2020-08-10 19:16:45 - [MESSAGE][PASSED] - Object: 'Object Repository/Course Manager/a_Next' is clicked on

2020-08-10 19:16:45 - [TEST_STEP][PASSED] - click(findTestObject("Course Manager/a_ Rubric")): Object: 'Object Repository/Course Manager/a_ Rubric' is clicked on

2020-08-10 19:16:46 - [MESSAGE][PASSED] - Object: 'Object Repository/Course Manager/a_ Rubric' is clicked on

2020-08-10 19:16:46 - [TEST_STEP][PASSED] - click(findTestObject("Course Manager/select_Rubric")): Object: 'Object Repository/Course Manager/select_Rubric' is clicked on

2020-08-10 19:16:47 - [MESSAGE][PASSED] - Object: 'Object Repository/Course Manager/select_Rubric' is clicked on

2020-08-10 19:16:47 - [TEST_STEP][PASSED] - click(findTestObject("Course Manager/option_Admin")): Object: 'Object Repository/Course Manager/option_Admin' is clicked on

2020-08-10 19:16:48 - [MESSAGE][PASSED] - Object: 'Object Repository/Course Manager/option_Admin' is clicked on

2020-08-10 19:16:48 - [TEST_STEP][PASSED] - click(findTestObject("Course Manager/select_Domain")): Object: 'Object Repository/Course Manager/select_Domain' is clicked on

2020-08-10 19:16:49 - [MESSAGE][PASSED] - Object: 'Object Repository/Course Manager/select_Domain' is clicked on

2020-08-10 19:16:49 - [TEST_STEP][PASSED] - click(findTestObject("Course Manager/option_Planning")): Object: 'Object Repository/Course Manager/option_Planning' is clicked on

2020-08-10 19:16:49 - [MESSAGE][PASSED] - Object: 'Object Repository/Course Manager/option_Planning' is clicked on

2020-08-10 19:16:49 - [TEST_STEP][PASSED] - click(findTestObject("Course Manager/option_sample"), STOP_ON_FAILURE): Object: 'Object Repository/Course Manager/option_sample' is clicked on

2020-08-10 19:16:50 - [MESSAGE][PASSED] - Object: 'Object Repository/Course Manager/option_sample' is clicked on

2020-08-10 19:16:50 - [TEST_STEP][PASSED] - click(findTestObject("Course Manager/button_Submit (Rubric)")): Object: 'Object Repository/Course Manager/button_Submit (Rubric)' is clicked on

2020-08-10 19:16:51 - [MESSAGE][PASSED] - Object: 'Object Repository/Course Manager/button_Submit (Rubric)' is clicked on

2020-08-10 19:16:51 - [TEST_STEP][PASSED] - click(findTestObject("Course Manager/a_Next")): Object: 'Object Repository/Course Manager/a_Next' is clicked on

2020-08-10 19:16:53 - [MESSAGE][PASSED] - Object: 'Object Repository/Course Manager/a_Next' is clicked on

2020-08-10 19:16:53 - [TEST_STEP][PASSED] - click(findTestObject("Course Manager/a_Next")): Object: 'Object Repository/Course Manager/a_Next' is clicked on

2020-08-10 19:16:55 - [MESSAGE][PASSED] - Object: 'Object Repository/Course Manager/a_Next' is clicked on

2020-08-10 19:16:55 - [TEST_STEP][PASSED] - click(findTestObject("Course Manager/a_Next")): Object: 'Object Repository/Course Manager/a_Next' is clicked on

2020-08-10 19:16:56 - [MESSAGE][PASSED] - Object: 'Object Repository/Course Manager/a_Next' is clicked on

2020-08-10 19:16:56 - [TEST_STEP][PASSED] - click(findTestObject("Course Manager/a_Finish")): Object: 'Object Repository/Course Manager/a_Finish' is clicked on

2020-08-10 19:16:58 - [MESSAGE][PASSED] - Object: 'Object Repository/Course Manager/a_Finish' is clicked on

2020-08-10 19:16:58 - [TEST_STEP][PASSED] - click(findTestObject("Course Manager/a_Course Manager")): Object: 'Object Repository/Course Manager/a_Course Manager' is clicked on

2020-08-10 19:17:06 - [MESSAGE][PASSED] - Object: 'Object Repository/Course Manager/a_Course Manager' is clicked on]]></system-out>
         <system-err><![CDATA[]]></system-err>
      </testcase>
      <testcase name="Test Cases/Course Manager/TC-011-CM-Creating Course with Payment" time="89.873" classname="Test Cases/Course Manager/TC-011-CM-Creating Course with Payment" status="PASSED">
         <system-out><![CDATA[2020-08-10 19:17:06 - [TEST_CASE][PASSED] - Test Cases/Course Manager/TC-011-CM-Creating Course with Payment: Test Cases/Course Manager/TC-011-CM-Creating Course with Payment

2020-08-10 19:17:07 - [TEST_STEP][PASSED] - click(findTestObject("Course Manager/button_New")): Object: 'Object Repository/Course Manager/button_New' is clicked on

2020-08-10 19:17:12 - [MESSAGE][PASSED] - Object: 'Object Repository/Course Manager/button_New' is clicked on

2020-08-10 19:17:12 - [TEST_STEP][PASSED] - setText(findTestObject("Course Manager/input__txtTitle"), "Comp-101"): Text 'Comp-101' is set on object 'Object Repository/Course Manager/input__txtTitle'

2020-08-10 19:17:13 - [MESSAGE][PASSED] - Text 'Comp-101' is set on object 'Object Repository/Course Manager/input__txtTitle'

2020-08-10 19:17:13 - [TEST_STEP][PASSED] - selectOptionByValue(findTestObject("Object Repository/Course Manager/select_Choose                              _822a55"), "2", true): All options with value '2' are selected in object 'Object Repository/Course Manager/select_Choose                              _822a55'  using regular expression

2020-08-10 19:17:14 - [MESSAGE][PASSED] - All options with value '2' are selected in object 'Object Repository/Course Manager/select_Choose                              _822a55'  using regular expression

2020-08-10 19:17:14 - [TEST_STEP][PASSED] - selectOptionByValue(findTestObject("Object Repository/Course Manager/select_ChooseBlended Learning (OnlineFace-t_17004a"), "175", true): All options with value '175' are selected in object 'Object Repository/Course Manager/select_ChooseBlended Learning (OnlineFace-t_17004a'  using regular expression

2020-08-10 19:17:15 - [MESSAGE][PASSED] - All options with value '175' are selected in object 'Object Repository/Course Manager/select_ChooseBlended Learning (OnlineFace-t_17004a'  using regular expression

2020-08-10 19:17:15 - [TEST_STEP][PASSED] - selectOptionByValue(findTestObject("Object Repository/Course Manager/select_Choose                              _ed4c48"), "11", true): All options with value '11' are selected in object 'Object Repository/Course Manager/select_Choose                              _ed4c48'  using regular expression

2020-08-10 19:17:17 - [MESSAGE][PASSED] - All options with value '11' are selected in object 'Object Repository/Course Manager/select_Choose                              _ed4c48'  using regular expression

2020-08-10 19:17:17 - [TEST_STEP][PASSED] - click(findTestObject("Course Manager/a_Next")): Object: 'Object Repository/Course Manager/a_Next' is clicked on

2020-08-10 19:17:18 - [MESSAGE][PASSED] - Object: 'Object Repository/Course Manager/a_Next' is clicked on

2020-08-10 19:17:18 - [TEST_STEP][PASSED] - delay(2): Delayed 2 second(s)

2020-08-10 19:17:20 - [MESSAGE][PASSED] - Delayed 2 second(s)

2020-08-10 19:17:20 - [TEST_STEP][PASSED] - test.fileUpload.uploadFile(findTestObject("Course Manager/input_BROWSE_test"), "C:\Users\Kim\Downloads\depositphotos_180736330-stock-illustration-logo-quality-assurance-qa-testing.jpg"): test.fileUpload.uploadFile is PASSED

2020-08-10 19:17:20 - [MESSAGE][PASSED] - Object: 'Object Repository/Course Manager/input_BROWSE_test' is clicked on

2020-08-10 19:17:20 - [MESSAGE][PASSED] - test.fileUpload.uploadFile is PASSED

2020-08-10 19:17:20 - [TEST_STEP][PASSED] - setText(findTestObject("Course Manager/textarea_Course Desciption"), "This is a test description"): Text 'This is a test description' is set on object 'Object Repository/Course Manager/textarea_Course Desciption'

2020-08-10 19:17:21 - [MESSAGE][PASSED] - Text 'This is a test description' is set on object 'Object Repository/Course Manager/textarea_Course Desciption'

2020-08-10 19:17:21 - [TEST_STEP][PASSED] - click(findTestObject("Course Manager/a_Next")): Object: 'Object Repository/Course Manager/a_Next' is clicked on

2020-08-10 19:17:22 - [MESSAGE][PASSED] - Object: 'Object Repository/Course Manager/a_Next' is clicked on

2020-08-10 19:17:22 - [TEST_STEP][PASSED] - delay(2): Delayed 2 second(s)

2020-08-10 19:17:24 - [MESSAGE][PASSED] - Delayed 2 second(s)

2020-08-10 19:17:24 - [TEST_STEP][PASSED] - click(findTestObject("Course Manager/a_ Add Instructor")): Object: 'Object Repository/Course Manager/a_ Add Instructor' is clicked on

2020-08-10 19:17:25 - [MESSAGE][PASSED] - Object: 'Object Repository/Course Manager/a_ Add Instructor' is clicked on

2020-08-10 19:17:25 - [TEST_STEP][PASSED] - setText(findTestObject("Course Manager/input__txtInstructor"), "Lauro E"): Text 'Lauro E' is set on object 'Object Repository/Course Manager/input__txtInstructor'

2020-08-10 19:17:26 - [MESSAGE][PASSED] - Text 'Lauro E' is set on object 'Object Repository/Course Manager/input__txtInstructor'

2020-08-10 19:17:26 - [TEST_STEP][PASSED] - click(findTestObject("Course Manager/a_Lauro Eguia")): Object: 'Object Repository/Course Manager/a_Lauro Eguia' is clicked on

2020-08-10 19:17:27 - [MESSAGE][PASSED] - Object: 'Object Repository/Course Manager/a_Lauro Eguia' is clicked on

2020-08-10 19:17:27 - [TEST_STEP][PASSED] - delay(3): Delayed 3 second(s)

2020-08-10 19:17:30 - [MESSAGE][PASSED] - Delayed 3 second(s)

2020-08-10 19:17:30 - [TEST_STEP][PASSED] - click(findTestObject("Course Manager/button_Submit")): Object: 'Object Repository/Course Manager/button_Submit' is clicked on

2020-08-10 19:17:30 - [MESSAGE][PASSED] - Object: 'Object Repository/Course Manager/button_Submit' is clicked on

2020-08-10 19:17:30 - [TEST_STEP][PASSED] - click(findTestObject("Course Manager/a_Next")): Object: 'Object Repository/Course Manager/a_Next' is clicked on

2020-08-10 19:17:32 - [MESSAGE][PASSED] - Object: 'Object Repository/Course Manager/a_Next' is clicked on

2020-08-10 19:17:32 - [TEST_STEP][PASSED] - click(findTestObject("Course Manager/select_Training Center")): Object: 'Object Repository/Course Manager/select_Training Center' is clicked on

2020-08-10 19:17:33 - [MESSAGE][PASSED] - Object: 'Object Repository/Course Manager/select_Training Center' is clicked on

2020-08-10 19:17:33 - [TEST_STEP][PASSED] - click(findTestObject("Course Manager/Train_center_Value")): Object: 'Object Repository/Course Manager/Train_center_Value' is clicked on

2020-08-10 19:17:33 - [MESSAGE][PASSED] - Object: 'Object Repository/Course Manager/Train_center_Value' is clicked on

2020-08-10 19:17:33 - [TEST_STEP][PASSED] - click(findTestObject("Course Manager/select_Room")): Object: 'Object Repository/Course Manager/select_Room' is clicked on

2020-08-10 19:17:34 - [MESSAGE][PASSED] - Object: 'Object Repository/Course Manager/select_Room' is clicked on

2020-08-10 19:17:34 - [TEST_STEP][PASSED] - click(findTestObject("Course Manager/Room_Value")): Object: 'Object Repository/Course Manager/Room_Value' is clicked on

2020-08-10 19:17:35 - [MESSAGE][PASSED] - Object: 'Object Repository/Course Manager/Room_Value' is clicked on

2020-08-10 19:17:35 - [TEST_STEP][PASSED] - click(findTestObject("Course Manager/a_Next")): Object: 'Object Repository/Course Manager/a_Next' is clicked on

2020-08-10 19:17:36 - [MESSAGE][PASSED] - Object: 'Object Repository/Course Manager/a_Next' is clicked on

2020-08-10 19:17:36 - [TEST_STEP][PASSED] - click(findTestObject("Course Manager/a_ Add Focus Area")): Object: 'Object Repository/Course Manager/a_ Add Focus Area' is clicked on

2020-08-10 19:17:37 - [MESSAGE][PASSED] - Object: 'Object Repository/Course Manager/a_ Add Focus Area' is clicked on

2020-08-10 19:17:37 - [TEST_STEP][PASSED] - click(findTestObject("Course Manager/option_Certification")): Object: 'Object Repository/Course Manager/option_Certification' is clicked on

2020-08-10 19:17:37 - [MESSAGE][PASSED] - Object: 'Object Repository/Course Manager/option_Certification' is clicked on

2020-08-10 19:17:37 - [TEST_STEP][PASSED] - click(findTestObject("Course Manager/button_Submit_FocusArea")): Object: 'Object Repository/Course Manager/button_Submit_FocusArea' is clicked on

2020-08-10 19:17:38 - [MESSAGE][PASSED] - Object: 'Object Repository/Course Manager/button_Submit_FocusArea' is clicked on

2020-08-10 19:17:38 - [TEST_STEP][PASSED] - click(findTestObject("Course Manager/a_Next")): Object: 'Object Repository/Course Manager/a_Next' is clicked on

2020-08-10 19:17:39 - [MESSAGE][PASSED] - Object: 'Object Repository/Course Manager/a_Next' is clicked on

2020-08-10 19:17:39 - [TEST_STEP][PASSED] - click(findTestObject("Course Manager/select_TextBookProvided")): Object: 'Object Repository/Course Manager/select_TextBookProvided' is clicked on

2020-08-10 19:17:40 - [MESSAGE][PASSED] - Object: 'Object Repository/Course Manager/select_TextBookProvided' is clicked on

2020-08-10 19:17:40 - [TEST_STEP][PASSED] - click(findTestObject("Course Manager/option_Yes")): Object: 'Object Repository/Course Manager/option_Yes' is clicked on

2020-08-10 19:17:41 - [MESSAGE][PASSED] - Object: 'Object Repository/Course Manager/option_Yes' is clicked on

2020-08-10 19:17:41 - [TEST_STEP][PASSED] - setText(findTestObject("Course Manager/input_SD_custFiled_30"), "1234512345"): Text '1234512345' is set on object 'Object Repository/Course Manager/input_SD_custFiled_30'

2020-08-10 19:17:41 - [MESSAGE][PASSED] - Text '1234512345' is set on object 'Object Repository/Course Manager/input_SD_custFiled_30'

2020-08-10 19:17:41 - [TEST_STEP][PASSED] - click(findTestObject("Course Manager/input_Migrated Course_custFiled_31")): Object: 'Object Repository/Course Manager/input_Migrated Course_custFiled_31' is clicked on

2020-08-10 19:17:42 - [MESSAGE][PASSED] - Object: 'Object Repository/Course Manager/input_Migrated Course_custFiled_31' is clicked on

2020-08-10 19:17:42 - [TEST_STEP][PASSED] - setText(findTestObject("Course Manager/textarea_Learning Outcomes_custFiled_29"), "This is a test from automation"): Text 'This is a test from automation' is set on object 'Object Repository/Course Manager/textarea_Learning Outcomes_custFiled_29'

2020-08-10 19:17:43 - [MESSAGE][PASSED] - Text 'This is a test from automation' is set on object 'Object Repository/Course Manager/textarea_Learning Outcomes_custFiled_29'

2020-08-10 19:17:43 - [TEST_STEP][PASSED] - click(findTestObject("Course Manager/a_Next")): Object: 'Object Repository/Course Manager/a_Next' is clicked on

2020-08-10 19:17:44 - [MESSAGE][PASSED] - Object: 'Object Repository/Course Manager/a_Next' is clicked on

2020-08-10 19:17:44 - [TEST_STEP][PASSED] - click(findTestObject("Course Manager/a_Next")): Object: 'Object Repository/Course Manager/a_Next' is clicked on

2020-08-10 19:17:45 - [MESSAGE][PASSED] - Object: 'Object Repository/Course Manager/a_Next' is clicked on

2020-08-10 19:17:45 - [TEST_STEP][PASSED] - scrollToElement(findTestObject("Course Manager/input_Seats Expire On_DTRsvSeat"), 0): Scroll to object 'Object Repository/Course Manager/input_Seats Expire On_DTRsvSeat' successfully

2020-08-10 19:17:45 - [MESSAGE][WARNING] - Timeout '0' is invalid. Using default page load timeout: '30'

2020-08-10 19:17:46 - [MESSAGE][PASSED] - Scroll to object 'Object Repository/Course Manager/input_Seats Expire On_DTRsvSeat' successfully

2020-08-10 19:17:46 - [TEST_STEP][PASSED] - click(findTestObject("Course Manager/input_Seats Expire On_DTRsvSeat")): Object: 'Object Repository/Course Manager/input_Seats Expire On_DTRsvSeat' is clicked on

2020-08-10 19:17:47 - [MESSAGE][PASSED] - Object: 'Object Repository/Course Manager/input_Seats Expire On_DTRsvSeat' is clicked on

2020-08-10 19:17:47 - [TEST_STEP][PASSED] - click(findTestObject("Course Manager/div_31 (Expiry Date)")): Object: 'Object Repository/Course Manager/div_31 (Expiry Date)' is clicked on

2020-08-10 19:17:47 - [MESSAGE][PASSED] - Object: 'Object Repository/Course Manager/div_31 (Expiry Date)' is clicked on

2020-08-10 19:17:47 - [TEST_STEP][PASSED] - click(findTestObject("Course Manager/a_Next")): Object: 'Object Repository/Course Manager/a_Next' is clicked on

2020-08-10 19:17:48 - [MESSAGE][PASSED] - Object: 'Object Repository/Course Manager/a_Next' is clicked on

2020-08-10 19:17:48 - [TEST_STEP][PASSED] - setText(findTestObject("Course Manager/input_Non-Member Fee"), "50.00"): Text '50.00' is set on object 'Object Repository/Course Manager/input_Non-Member Fee'

2020-08-10 19:17:50 - [MESSAGE][PASSED] - Text '50.00' is set on object 'Object Repository/Course Manager/input_Non-Member Fee'

2020-08-10 19:17:50 - [TEST_STEP][PASSED] - setText(findTestObject("Course Manager/input_Member Fee"), "100.00"): Text '100.00' is set on object 'Object Repository/Course Manager/input_Member Fee'

2020-08-10 19:17:51 - [MESSAGE][PASSED] - Text '100.00' is set on object 'Object Repository/Course Manager/input_Member Fee'

2020-08-10 19:17:51 - [TEST_STEP][PASSED] - setText(findTestObject("Course Manager/input_Materials Fee"), "20.00"): Text '20.00' is set on object 'Object Repository/Course Manager/input_Materials Fee'

2020-08-10 19:17:52 - [MESSAGE][PASSED] - Text '20.00' is set on object 'Object Repository/Course Manager/input_Materials Fee'

2020-08-10 19:17:52 - [TEST_STEP][PASSED] - click(findTestObject("Course Manager/a_Next")): Object: 'Object Repository/Course Manager/a_Next' is clicked on

2020-08-10 19:17:52 - [MESSAGE][PASSED] - Object: 'Object Repository/Course Manager/a_Next' is clicked on

2020-08-10 19:17:52 - [TEST_STEP][PASSED] - click(findTestObject("Course Manager/input__generate_start_date")): Object: 'Object Repository/Course Manager/input__generate_start_date' is clicked on

2020-08-10 19:17:54 - [MESSAGE][PASSED] - Object: 'Object Repository/Course Manager/input__generate_start_date' is clicked on

2020-08-10 19:17:54 - [TEST_STEP][PASSED] - click(findTestObject("Course Manager/button_December_xdsoft_next")): Object: 'Object Repository/Course Manager/button_December_xdsoft_next' is clicked on

2020-08-10 19:17:55 - [MESSAGE][PASSED] - Object: 'Object Repository/Course Manager/button_December_xdsoft_next' is clicked on

2020-08-10 19:17:55 - [TEST_STEP][PASSED] - click(findTestObject("Course Manager/div_1 (Sched Start Date)")): Object: 'Object Repository/Course Manager/div_1 (Sched Start Date)' is clicked on

2020-08-10 19:17:55 - [MESSAGE][PASSED] - Object: 'Object Repository/Course Manager/div_1 (Sched Start Date)' is clicked on

2020-08-10 19:17:55 - [TEST_STEP][PASSED] - click(findTestObject("Course Manager/input__generate_end_date")): Object: 'Object Repository/Course Manager/input__generate_end_date' is clicked on

2020-08-10 19:17:56 - [MESSAGE][PASSED] - Object: 'Object Repository/Course Manager/input__generate_end_date' is clicked on

2020-08-10 19:17:56 - [TEST_STEP][PASSED] - click(findTestObject("Course Manager/button_December_xdsoft_next (End Date)")): Object: 'Object Repository/Course Manager/button_December_xdsoft_next (End Date)' is clicked on

2020-08-10 19:17:57 - [MESSAGE][PASSED] - Object: 'Object Repository/Course Manager/button_December_xdsoft_next (End Date)' is clicked on

2020-08-10 19:17:57 - [TEST_STEP][PASSED] - click(findTestObject("Course Manager/div_31 (Sched End Date)")): Object: 'Object Repository/Course Manager/div_31 (Sched End Date)' is clicked on

2020-08-10 19:17:57 - [MESSAGE][PASSED] - Object: 'Object Repository/Course Manager/div_31 (Sched End Date)' is clicked on

2020-08-10 19:17:57 - [TEST_STEP][PASSED] - click(findTestObject("Course Manager/button_Schedule")): Object: 'Object Repository/Course Manager/button_Schedule' is clicked on

2020-08-10 19:17:58 - [MESSAGE][PASSED] - Object: 'Object Repository/Course Manager/button_Schedule' is clicked on

2020-08-10 19:17:58 - [TEST_STEP][PASSED] - click(findTestObject("Course Manager/a_Next")): Object: 'Object Repository/Course Manager/a_Next' is clicked on

2020-08-10 19:18:00 - [MESSAGE][PASSED] - Object: 'Object Repository/Course Manager/a_Next' is clicked on

2020-08-10 19:18:00 - [TEST_STEP][PASSED] - click(findTestObject("Course Manager/a_Next")): Object: 'Object Repository/Course Manager/a_Next' is clicked on

2020-08-10 19:18:02 - [MESSAGE][PASSED] - Object: 'Object Repository/Course Manager/a_Next' is clicked on

2020-08-10 19:18:02 - [TEST_STEP][PASSED] - click(findTestObject("Course Manager/a_ Add Restriction")): Object: 'Object Repository/Course Manager/a_ Add Restriction' is clicked on

2020-08-10 19:18:03 - [MESSAGE][PASSED] - Object: 'Object Repository/Course Manager/a_ Add Restriction' is clicked on

2020-08-10 19:18:03 - [TEST_STEP][PASSED] - setText(findTestObject("Course Manager/input__txtClassEnrollGroupName"), "TEST"): Text 'TEST' is set on object 'Object Repository/Course Manager/input__txtClassEnrollGroupName'

2020-08-10 19:18:04 - [MESSAGE][PASSED] - Text 'TEST' is set on object 'Object Repository/Course Manager/input__txtClassEnrollGroupName'

2020-08-10 19:18:04 - [TEST_STEP][PASSED] - click(findTestObject("Course Manager/option_a_GG test"), STOP_ON_FAILURE): Object: 'Object Repository/Course Manager/option_a_GG test' is clicked on

2020-08-10 19:18:05 - [MESSAGE][PASSED] - Object: 'Object Repository/Course Manager/option_a_GG test' is clicked on

2020-08-10 19:18:05 - [TEST_STEP][PASSED] - setText(findTestObject("Course Manager/input__ClassEnrollGroupLimit"), "10"): Text '10' is set on object 'Object Repository/Course Manager/input__ClassEnrollGroupLimit'

2020-08-10 19:18:06 - [MESSAGE][PASSED] - Text '10' is set on object 'Object Repository/Course Manager/input__ClassEnrollGroupLimit'

2020-08-10 19:18:06 - [TEST_STEP][PASSED] - click(findTestObject("Course Manager/input_Remove Limit After_dtExpiryDate"), STOP_ON_FAILURE): Object: 'Object Repository/Course Manager/input_Remove Limit After_dtExpiryDate' is clicked on

2020-08-10 19:18:07 - [MESSAGE][PASSED] - Object: 'Object Repository/Course Manager/input_Remove Limit After_dtExpiryDate' is clicked on

2020-08-10 19:18:07 - [TEST_STEP][PASSED] - click(findTestObject("Course Manager/div_30"), STOP_ON_FAILURE): Object: 'Object Repository/Course Manager/div_30' is clicked on

2020-08-10 19:18:07 - [MESSAGE][PASSED] - Object: 'Object Repository/Course Manager/div_30' is clicked on

2020-08-10 19:18:07 - [TEST_STEP][PASSED] - click(findTestObject("Course Manager/button_Submit (Restriction)"), STOP_ON_FAILURE): Object: 'Object Repository/Course Manager/button_Submit (Restriction)' is clicked on

2020-08-10 19:18:08 - [MESSAGE][PASSED] - Object: 'Object Repository/Course Manager/button_Submit (Restriction)' is clicked on

2020-08-10 19:18:08 - [TEST_STEP][PASSED] - click(findTestObject("Course Manager/a_Next")): Object: 'Object Repository/Course Manager/a_Next' is clicked on

2020-08-10 19:18:10 - [MESSAGE][PASSED] - Object: 'Object Repository/Course Manager/a_Next' is clicked on

2020-08-10 19:18:10 - [TEST_STEP][PASSED] - click(findTestObject("Course Manager/a_ Target Audience")): Object: 'Object Repository/Course Manager/a_ Target Audience' is clicked on

2020-08-10 19:18:11 - [MESSAGE][PASSED] - Object: 'Object Repository/Course Manager/a_ Target Audience' is clicked on

2020-08-10 19:18:11 - [TEST_STEP][PASSED] - click(findTestObject("Course Manager/option_Paraprofessionals")): Object: 'Object Repository/Course Manager/option_Paraprofessionals' is clicked on

2020-08-10 19:18:11 - [MESSAGE][PASSED] - Object: 'Object Repository/Course Manager/option_Paraprofessionals' is clicked on

2020-08-10 19:18:11 - [TEST_STEP][PASSED] - click(findTestObject("Course Manager/button_Submit (Target Audience)")): Object: 'Object Repository/Course Manager/button_Submit (Target Audience)' is clicked on

2020-08-10 19:18:12 - [MESSAGE][PASSED] - Object: 'Object Repository/Course Manager/button_Submit (Target Audience)' is clicked on

2020-08-10 19:18:12 - [TEST_STEP][PASSED] - click(findTestObject("Course Manager/a_Next")): Object: 'Object Repository/Course Manager/a_Next' is clicked on

2020-08-10 19:18:13 - [MESSAGE][PASSED] - Object: 'Object Repository/Course Manager/a_Next' is clicked on

2020-08-10 19:18:13 - [TEST_STEP][PASSED] - click(findTestObject("Course Manager/a_ Rubric")): Object: 'Object Repository/Course Manager/a_ Rubric' is clicked on

2020-08-10 19:18:14 - [MESSAGE][PASSED] - Object: 'Object Repository/Course Manager/a_ Rubric' is clicked on

2020-08-10 19:18:14 - [TEST_STEP][PASSED] - click(findTestObject("Course Manager/select_Rubric")): Object: 'Object Repository/Course Manager/select_Rubric' is clicked on

2020-08-10 19:18:15 - [MESSAGE][PASSED] - Object: 'Object Repository/Course Manager/select_Rubric' is clicked on

2020-08-10 19:18:15 - [TEST_STEP][PASSED] - click(findTestObject("Course Manager/option_Admin")): Object: 'Object Repository/Course Manager/option_Admin' is clicked on

2020-08-10 19:18:15 - [MESSAGE][PASSED] - Object: 'Object Repository/Course Manager/option_Admin' is clicked on

2020-08-10 19:18:15 - [TEST_STEP][PASSED] - click(findTestObject("Course Manager/select_Domain")): Object: 'Object Repository/Course Manager/select_Domain' is clicked on

2020-08-10 19:18:17 - [MESSAGE][PASSED] - Object: 'Object Repository/Course Manager/select_Domain' is clicked on

2020-08-10 19:18:17 - [TEST_STEP][PASSED] - click(findTestObject("Course Manager/option_Planning")): Object: 'Object Repository/Course Manager/option_Planning' is clicked on

2020-08-10 19:18:17 - [MESSAGE][PASSED] - Object: 'Object Repository/Course Manager/option_Planning' is clicked on

2020-08-10 19:18:17 - [TEST_STEP][PASSED] - click(findTestObject("Course Manager/option_sample"), STOP_ON_FAILURE): Object: 'Object Repository/Course Manager/option_sample' is clicked on

2020-08-10 19:18:18 - [MESSAGE][PASSED] - Object: 'Object Repository/Course Manager/option_sample' is clicked on

2020-08-10 19:18:18 - [TEST_STEP][PASSED] - click(findTestObject("Course Manager/button_Submit (Rubric)")): Object: 'Object Repository/Course Manager/button_Submit (Rubric)' is clicked on

2020-08-10 19:18:19 - [MESSAGE][PASSED] - Object: 'Object Repository/Course Manager/button_Submit (Rubric)' is clicked on

2020-08-10 19:18:19 - [TEST_STEP][PASSED] - click(findTestObject("Course Manager/a_Next")): Object: 'Object Repository/Course Manager/a_Next' is clicked on

2020-08-10 19:18:21 - [MESSAGE][PASSED] - Object: 'Object Repository/Course Manager/a_Next' is clicked on

2020-08-10 19:18:21 - [TEST_STEP][PASSED] - click(findTestObject("Course Manager/a_Next")): Object: 'Object Repository/Course Manager/a_Next' is clicked on

2020-08-10 19:18:23 - [MESSAGE][PASSED] - Object: 'Object Repository/Course Manager/a_Next' is clicked on

2020-08-10 19:18:23 - [TEST_STEP][PASSED] - click(findTestObject("Course Manager/a_Next")): Object: 'Object Repository/Course Manager/a_Next' is clicked on

2020-08-10 19:18:24 - [MESSAGE][PASSED] - Object: 'Object Repository/Course Manager/a_Next' is clicked on

2020-08-10 19:18:24 - [TEST_STEP][PASSED] - click(findTestObject("Course Manager/a_Finish")): Object: 'Object Repository/Course Manager/a_Finish' is clicked on

2020-08-10 19:18:25 - [MESSAGE][PASSED] - Object: 'Object Repository/Course Manager/a_Finish' is clicked on

2020-08-10 19:18:25 - [TEST_STEP][PASSED] - click(findTestObject("Course Manager/a_Course Manager")): Object: 'Object Repository/Course Manager/a_Course Manager' is clicked on

2020-08-10 19:18:33 - [MESSAGE][PASSED] - Object: 'Object Repository/Course Manager/a_Course Manager' is clicked on

2020-08-10 19:18:33 - [TEST_STEP][PASSED] - delay(2): Delayed 2 second(s)

2020-08-10 19:18:35 - [MESSAGE][PASSED] - Delayed 2 second(s)

2020-08-10 19:18:35 - [TEST_STEP][PASSED] - closeBrowser(): Browser is closed

2020-08-10 19:18:36 - [MESSAGE][PASSED] - Browser is closed]]></system-out>
         <system-err><![CDATA[]]></system-err>
      </testcase>
      <system-out><![CDATA[2020-08-10 19:11:39 - [TEST_SUITE][PASSED] - Course Manager: Test Cases/Course Manager/TC-011-CM-Creating Course with Payment]]></system-out>
      <system-err><![CDATA[]]></system-err>
   </testsuite>
</testsuites>
