<?xml version="1.0" encoding="UTF-8"?>
<testsuites name="Course Manager" time="490.987" tests="7" failures="1" errors="0">
   <testsuite name="Course Manager" tests="7" failures="1" errors="0" time="490.987" timestamp="2020-07-31 15:14:22" hostname="Kim - DESKTOP-604KTOQ" id="Test Suites/Course Manager">
      <properties>
         <property name="deviceName" value=""/>
         <property name="devicePlatform" value=""/>
         <property name="logFolder" value="C:\\Users\\Kim\\git\\ascriptica-automation\\Reports\\20200731_151418\\Course Manager\\20200731_151418"/>
         <property name="logFiles" value="C:\\Users\\Kim\\git\\ascriptica-automation\\Reports\\20200731_151418\\Course Manager\\20200731_151418\\execution0.log"/>
         <property name="attachments" value="C:\\Users\\Kim\\git\\ascriptica-automation\\Reports\\20200731_151418\\Course Manager\\20200731_151418\\1596180150432.png"/>
         <property name="hostName" value="Kim - DESKTOP-604KTOQ"/>
         <property name="os" value="Windows 10 64bit"/>
         <property name="katalonVersion" value="7.4.0.1"/>
         <property name="browser" value="Chrome 84.0.4147.105"/>
         <property name="hostAddress" value="192.168.254.106"/>
         <property name="sessionId" value="e2d4d0a12c5e93fb3597db238d984301"/>
         <property name="seleniumVersion" value="3.141.59"/>
         <property name="proxyInformation" value="ProxyInformation{proxyOption=NO_PROXY, proxyServerType=HTTP, password=, proxyServerAddress=, proxyServerPort=0, executionList=}"/>
         <property name="platform" value="Windows 10"/>
      </properties>
      <testcase name="Test Cases/Login/TC00 - Login" time="15.857" classname="Test Cases/Login/TC00 - Login" status="PASSED">
         <system-out><![CDATA[2020-07-31 15:14:23 - [TEST_CASE][PASSED] - Test Cases/Login/TC00 - Login: Test Cases/Login/TC00 - Login

2020-07-31 15:14:23 - [TEST_STEP][PASSED] - openBrowser(""): Browser is opened with url: ''

2020-07-31 15:14:24 - [MESSAGE][INFO] - Starting 'Chrome' driver

2020-07-31 15:14:24 - [MESSAGE][INFO] - Action delay is set to 0 milliseconds

2020-07-31 15:14:29 - [MESSAGE][PASSED] - Browser is opened with url: ''

2020-07-31 15:14:29 - [TEST_STEP][PASSED] - maximizeWindow(): Current window maximized

2020-07-31 15:14:31 - [MESSAGE][PASSED] - Current window maximized

2020-07-31 15:14:31 - [TEST_STEP][PASSED] - navigateToUrl("http://demos1.stral.in/PGCTechnologyServices/site/login"): Navigate to 'http://demos1.stral.in/PGCTechnologyServices/site/login' successfully

2020-07-31 15:14:36 - [MESSAGE][PASSED] - Navigate to 'http://demos1.stral.in/PGCTechnologyServices/site/login' successfully

2020-07-31 15:14:36 - [TEST_STEP][PASSED] - setText(findTestObject("Object Repository/Login/input_User ID  Email Address_LoginFormusername"), "jeffdy010203@gmail.com"): Text 'jeffdy010203@gmail.com' is set on object 'Object Repository/Login/input_User ID  Email Address_LoginFormusername'

2020-07-31 15:14:37 - [MESSAGE][PASSED] - Text 'jeffdy010203@gmail.com' is set on object 'Object Repository/Login/input_User ID  Email Address_LoginFormusername'

2020-07-31 15:14:37 - [TEST_STEP][PASSED] - setEncryptedText(findTestObject("Object Repository/Login/input_Password_LoginFormpassword"), "mpwtaF1AOAT+pVLiPGdxib800znL7mVX"): Text ****** has been set on object 'Object Repository/Login/input_Password_LoginFormpassword'

2020-07-31 15:14:38 - [MESSAGE][PASSED] - Text ****** has been set on object 'Object Repository/Login/input_Password_LoginFormpassword'

2020-07-31 15:14:38 - [TEST_STEP][PASSED] - click(findTestObject("Object Repository/Login/button_Login")): Object: 'Object Repository/Login/button_Login' is clicked on

2020-07-31 15:14:38 - [MESSAGE][PASSED] - Object: 'Object Repository/Login/button_Login' is clicked on]]></system-out>
         <system-err><![CDATA[]]></system-err>
      </testcase>
      <testcase name="Test Cases/Course Manager/TC-006-CM-Duplicate button" time="36.086" classname="Test Cases/Course Manager/TC-006-CM-Duplicate button" status="PASSED">
         <system-out><![CDATA[2020-07-31 15:14:38 - [TEST_CASE][PASSED] - Test Cases/Course Manager/TC-006-CM-Duplicate button: Test Cases/Course Manager/TC-006-CM-Duplicate button

2020-07-31 15:14:39 - [TEST_STEP][PASSED] - click(findTestObject("Course Manager/a_Tools")): Object: 'Object Repository/Course Manager/a_Tools' is clicked on

2020-07-31 15:14:45 - [MESSAGE][PASSED] - Object: 'Object Repository/Course Manager/a_Tools' is clicked on

2020-07-31 15:14:45 - [TEST_STEP][PASSED] - doubleClick(findTestObject("Course Manager/div_Course Manager")): Object: 'Object Repository/Course Manager/div_Course Manager' is double clicked on

2020-07-31 15:14:47 - [MESSAGE][PASSED] - Object: 'Object Repository/Course Manager/div_Course Manager' is double clicked on

2020-07-31 15:14:47 - [TEST_STEP][PASSED] - scrollToElement(findTestObject("Course Manager/input_Duplicate_classes (EXACT)"), 0): Scroll to object 'Object Repository/Course Manager/input_Duplicate_classes (EXACT)' successfully

2020-07-31 15:14:47 - [MESSAGE][WARNING] - Timeout '0' is invalid. Using default page load timeout: '30'

2020-07-31 15:14:48 - [MESSAGE][PASSED] - Scroll to object 'Object Repository/Course Manager/input_Duplicate_classes (EXACT)' successfully

2020-07-31 15:14:48 - [TEST_STEP][PASSED] - click(findTestObject("Course Manager/input_Duplicate_classes (EXACT)")): Object: 'Object Repository/Course Manager/input_Duplicate_classes (EXACT)' is clicked on

2020-07-31 15:14:48 - [MESSAGE][PASSED] - Object: 'Object Repository/Course Manager/input_Duplicate_classes (EXACT)' is clicked on

2020-07-31 15:14:48 - [TEST_STEP][PASSED] - click(findTestObject("Object Repository/Course Manager/button_Duplicate")): Object: 'Object Repository/Course Manager/button_Duplicate' is clicked on

2020-07-31 15:14:54 - [MESSAGE][PASSED] - Object: 'Object Repository/Course Manager/button_Duplicate' is clicked on

2020-07-31 15:14:54 - [TEST_STEP][PASSED] - selectOptionByValue(findTestObject("Course Manager/select_Choose                              _822a55"), "2", true): All options with value '2' are selected in object 'Object Repository/Course Manager/select_Choose                              _822a55'  using regular expression

2020-07-31 15:14:57 - [MESSAGE][PASSED] - All options with value '2' are selected in object 'Object Repository/Course Manager/select_Choose                              _822a55'  using regular expression

2020-07-31 15:14:57 - [TEST_STEP][PASSED] - selectOptionByValue(findTestObject("Course Manager/select_ChooseBlended Learning (OnlineFace-t_17004a"), "175", true): All options with value '175' are selected in object 'Object Repository/Course Manager/select_ChooseBlended Learning (OnlineFace-t_17004a'  using regular expression

2020-07-31 15:14:59 - [MESSAGE][PASSED] - All options with value '175' are selected in object 'Object Repository/Course Manager/select_ChooseBlended Learning (OnlineFace-t_17004a'  using regular expression

2020-07-31 15:14:59 - [TEST_STEP][PASSED] - click(findTestObject("Course Manager/a_Deadlines")): Object: 'Object Repository/Course Manager/a_Deadlines' is clicked on

2020-07-31 15:15:00 - [MESSAGE][PASSED] - Object: 'Object Repository/Course Manager/a_Deadlines' is clicked on

2020-07-31 15:15:00 - [TEST_STEP][PASSED] - click(findTestObject("Course Manager/input_Evaluation Completion")): Object: 'Object Repository/Course Manager/input_Evaluation Completion' is clicked on

2020-07-31 15:15:01 - [MESSAGE][PASSED] - Object: 'Object Repository/Course Manager/input_Evaluation Completion' is clicked on

2020-07-31 15:15:01 - [TEST_STEP][PASSED] - click(findTestObject("Course Manager/div_31 (August)")): Object: 'Object Repository/Course Manager/div_31 (August)' is clicked on

2020-07-31 15:15:02 - [MESSAGE][PASSED] - Object: 'Object Repository/Course Manager/div_31 (August)' is clicked on

2020-07-31 15:15:02 - [TEST_STEP][PASSED] - click(findTestObject("Course Manager/a_Next")): Object: 'Object Repository/Course Manager/a_Next' is clicked on

2020-07-31 15:15:03 - [MESSAGE][PASSED] - Object: 'Object Repository/Course Manager/a_Next' is clicked on

2020-07-31 15:15:03 - [TEST_STEP][PASSED] - click(findTestObject("Course Manager/a_Follow-up Questions")): Object: 'Object Repository/Course Manager/a_Follow-up Questions' is clicked on

2020-07-31 15:15:05 - [MESSAGE][PASSED] - Object: 'Object Repository/Course Manager/a_Follow-up Questions' is clicked on

2020-07-31 15:15:05 - [TEST_STEP][PASSED] - click(findTestObject("Course Manager/a_Finish")): Object: 'Object Repository/Course Manager/a_Finish' is clicked on

2020-07-31 15:15:06 - [MESSAGE][PASSED] - Object: 'Object Repository/Course Manager/a_Finish' is clicked on

2020-07-31 15:15:06 - [TEST_STEP][PASSED] - click(findTestObject("Course Manager/a_Course Manager")): Object: 'Object Repository/Course Manager/a_Course Manager' is clicked on

2020-07-31 15:15:15 - [MESSAGE][PASSED] - Object: 'Object Repository/Course Manager/a_Course Manager' is clicked on]]></system-out>
         <system-err><![CDATA[]]></system-err>
      </testcase>
      <testcase name="Test Cases/Course Manager/TC-007-CM-Details Button" time="69.1" classname="Test Cases/Course Manager/TC-007-CM-Details Button" status="PASSED">
         <system-out><![CDATA[2020-07-31 15:15:15 - [TEST_CASE][PASSED] - Test Cases/Course Manager/TC-007-CM-Details Button: Test Cases/Course Manager/TC-007-CM-Details Button

2020-07-31 15:15:15 - [TEST_STEP][PASSED] - click(findTestObject("Course Manager/button_DETAILS")): Object: 'Object Repository/Course Manager/button_DETAILS' is clicked on

2020-07-31 15:15:16 - [MESSAGE][PASSED] - Object: 'Object Repository/Course Manager/button_DETAILS' is clicked on

2020-07-31 15:15:16 - [TEST_STEP][PASSED] - click(findTestObject("Course Manager/a_MODIFY")): Object: 'Object Repository/Course Manager/a_MODIFY' is clicked on

2020-07-31 15:15:19 - [MESSAGE][PASSED] - Object: 'Object Repository/Course Manager/a_MODIFY' is clicked on

2020-07-31 15:15:19 - [TEST_STEP][PASSED] - click(findTestObject("Course Manager/a_Deadlines")): Object: 'Object Repository/Course Manager/a_Deadlines' is clicked on

2020-07-31 15:15:22 - [MESSAGE][PASSED] - Object: 'Object Repository/Course Manager/a_Deadlines' is clicked on

2020-07-31 15:15:22 - [TEST_STEP][PASSED] - click(findTestObject("Course Manager/input_Evaluation Completion")): Object: 'Object Repository/Course Manager/input_Evaluation Completion' is clicked on

2020-07-31 15:15:23 - [MESSAGE][PASSED] - Object: 'Object Repository/Course Manager/input_Evaluation Completion' is clicked on

2020-07-31 15:15:23 - [TEST_STEP][PASSED] - click(findTestObject("Course Manager/div_31 (August)")): Object: 'Object Repository/Course Manager/div_31 (August)' is clicked on

2020-07-31 15:15:24 - [MESSAGE][PASSED] - Object: 'Object Repository/Course Manager/div_31 (August)' is clicked on

2020-07-31 15:15:24 - [TEST_STEP][PASSED] - click(findTestObject("Course Manager/a_Follow-up Questions")): Object: 'Object Repository/Course Manager/a_Follow-up Questions' is clicked on

2020-07-31 15:15:25 - [MESSAGE][PASSED] - Object: 'Object Repository/Course Manager/a_Follow-up Questions' is clicked on

2020-07-31 15:15:25 - [TEST_STEP][PASSED] - click(findTestObject("Course Manager/a_Finish")): Object: 'Object Repository/Course Manager/a_Finish' is clicked on

2020-07-31 15:15:27 - [MESSAGE][PASSED] - Object: 'Object Repository/Course Manager/a_Finish' is clicked on

2020-07-31 15:15:27 - [TEST_STEP][PASSED] - click(findTestObject("Course Manager/a_Course Manager")): Object: 'Object Repository/Course Manager/a_Course Manager' is clicked on

2020-07-31 15:15:35 - [MESSAGE][PASSED] - Object: 'Object Repository/Course Manager/a_Course Manager' is clicked on

2020-07-31 15:15:35 - [TEST_STEP][PASSED] - scrollToElement(findTestObject("Course Manager/button_DETAILS"), 0): Scroll to object 'Object Repository/Course Manager/button_DETAILS' successfully

2020-07-31 15:15:35 - [MESSAGE][WARNING] - Timeout '0' is invalid. Using default page load timeout: '30'

2020-07-31 15:15:35 - [MESSAGE][PASSED] - Scroll to object 'Object Repository/Course Manager/button_DETAILS' successfully

2020-07-31 15:15:35 - [TEST_STEP][PASSED] - click(findTestObject("Course Manager/button_DETAILS")): Object: 'Object Repository/Course Manager/button_DETAILS' is clicked on

2020-07-31 15:15:36 - [MESSAGE][PASSED] - Object: 'Object Repository/Course Manager/button_DETAILS' is clicked on

2020-07-31 15:15:36 - [TEST_STEP][PASSED] - click(findTestObject("Course Manager/a_DENY")): Object: 'Object Repository/Course Manager/a_DENY' is clicked on

2020-07-31 15:15:37 - [MESSAGE][PASSED] - Object: 'Object Repository/Course Manager/a_DENY' is clicked on

2020-07-31 15:15:37 - [TEST_STEP][PASSED] - acceptAlert(): Alert accepted

2020-07-31 15:15:37 - [MESSAGE][PASSED] - Alert accepted

2020-07-31 15:15:37 - [TEST_STEP][PASSED] - setText(findTestObject("Course Manager/textarea_Reason For Decline_reason"), "This is a Test"): Text 'This is a Test' is set on object 'Object Repository/Course Manager/textarea_Reason For Decline_reason'

2020-07-31 15:15:38 - [MESSAGE][PASSED] - Text 'This is a Test' is set on object 'Object Repository/Course Manager/textarea_Reason For Decline_reason'

2020-07-31 15:15:38 - [TEST_STEP][PASSED] - click(findTestObject("Course Manager/button_Submit (Deny)")): Object: 'Object Repository/Course Manager/button_Submit (Deny)' is clicked on

2020-07-31 15:15:38 - [MESSAGE][PASSED] - Object: 'Object Repository/Course Manager/button_Submit (Deny)' is clicked on

2020-07-31 15:15:38 - [TEST_STEP][PASSED] - scrollToElement(findTestObject("Course Manager/p_Declined"), 0): Scroll to object 'Object Repository/Course Manager/p_Declined' successfully

2020-07-31 15:15:38 - [MESSAGE][WARNING] - Timeout '0' is invalid. Using default page load timeout: '30'

2020-07-31 15:15:39 - [MESSAGE][PASSED] - Scroll to object 'Object Repository/Course Manager/p_Declined' successfully

2020-07-31 15:15:39 - [TEST_STEP][PASSED] - verifyElementVisible(findTestObject("Course Manager/p_Declined")): Object 'Object Repository/Course Manager/p_Declined' is visible

2020-07-31 15:15:41 - [MESSAGE][PASSED] - Object 'Object Repository/Course Manager/p_Declined' is visible

2020-07-31 15:15:41 - [TEST_STEP][PASSED] - click(findTestObject("Course Manager/button_DETAILS")): Object: 'Object Repository/Course Manager/button_DETAILS' is clicked on

2020-07-31 15:15:41 - [MESSAGE][PASSED] - Object: 'Object Repository/Course Manager/button_DETAILS' is clicked on

2020-07-31 15:15:41 - [TEST_STEP][PASSED] - click(findTestObject("Course Manager/a_APPROVE")): Object: 'Object Repository/Course Manager/a_APPROVE' is clicked on

2020-07-31 15:15:42 - [MESSAGE][PASSED] - Object: 'Object Repository/Course Manager/a_APPROVE' is clicked on

2020-07-31 15:15:42 - [TEST_STEP][PASSED] - acceptAlert(): Alert accepted

2020-07-31 15:15:42 - [MESSAGE][PASSED] - Alert accepted

2020-07-31 15:15:42 - [TEST_STEP][PASSED] - scrollToElement(findTestObject("Course Manager/a_Tools"), 0): Scroll to object 'Object Repository/Course Manager/a_Tools' successfully

2020-07-31 15:15:42 - [MESSAGE][WARNING] - Timeout '0' is invalid. Using default page load timeout: '30'

2020-07-31 15:15:43 - [MESSAGE][PASSED] - Scroll to object 'Object Repository/Course Manager/a_Tools' successfully

2020-07-31 15:15:43 - [TEST_STEP][PASSED] - click(findTestObject("Course Manager/a_Tools")): Object: 'Object Repository/Course Manager/a_Tools' is clicked on

2020-07-31 15:15:46 - [MESSAGE][PASSED] - Object: 'Object Repository/Course Manager/a_Tools' is clicked on

2020-07-31 15:15:46 - [TEST_STEP][PASSED] - click(findTestObject("Course Manager/div_Course Manager")): Object: 'Object Repository/Course Manager/div_Course Manager' is clicked on

2020-07-31 15:15:48 - [MESSAGE][PASSED] - Object: 'Object Repository/Course Manager/div_Course Manager' is clicked on

2020-07-31 15:15:48 - [TEST_STEP][PASSED] - click(findTestObject("Course Manager/button_DETAILS")): Object: 'Object Repository/Course Manager/button_DETAILS' is clicked on

2020-07-31 15:15:49 - [MESSAGE][PASSED] - Object: 'Object Repository/Course Manager/button_DETAILS' is clicked on

2020-07-31 15:15:49 - [TEST_STEP][PASSED] - click(findTestObject("Course Manager/a_DUPLICATE")): Object: 'Object Repository/Course Manager/a_DUPLICATE' is clicked on

2020-07-31 15:15:53 - [MESSAGE][PASSED] - Object: 'Object Repository/Course Manager/a_DUPLICATE' is clicked on

2020-07-31 15:15:53 - [TEST_STEP][PASSED] - selectOptionByValue(findTestObject("Course Manager/select_Choose                              _822a55"), "2", true): All options with value '2' are selected in object 'Object Repository/Course Manager/select_Choose                              _822a55'  using regular expression

2020-07-31 15:15:56 - [MESSAGE][PASSED] - All options with value '2' are selected in object 'Object Repository/Course Manager/select_Choose                              _822a55'  using regular expression

2020-07-31 15:15:56 - [TEST_STEP][PASSED] - click(findTestObject("Course Manager/a_Follow-up Questions")): Object: 'Object Repository/Course Manager/a_Follow-up Questions' is clicked on

2020-07-31 15:15:58 - [MESSAGE][PASSED] - Object: 'Object Repository/Course Manager/a_Follow-up Questions' is clicked on

2020-07-31 15:15:58 - [TEST_STEP][PASSED] - click(findTestObject("Course Manager/a_Finish")): Object: 'Object Repository/Course Manager/a_Finish' is clicked on

2020-07-31 15:16:00 - [MESSAGE][PASSED] - Object: 'Object Repository/Course Manager/a_Finish' is clicked on

2020-07-31 15:16:00 - [TEST_STEP][PASSED] - click(findTestObject("Course Manager/a_Course Manager")): Object: 'Object Repository/Course Manager/a_Course Manager' is clicked on

2020-07-31 15:16:08 - [MESSAGE][PASSED] - Object: 'Object Repository/Course Manager/a_Course Manager' is clicked on

2020-07-31 15:16:08 - [TEST_STEP][PASSED] - scrollToElement(findTestObject("Course Manager/button_DETAILS"), 0): Scroll to object 'Object Repository/Course Manager/button_DETAILS' successfully

2020-07-31 15:16:08 - [MESSAGE][WARNING] - Timeout '0' is invalid. Using default page load timeout: '30'

2020-07-31 15:16:09 - [MESSAGE][PASSED] - Scroll to object 'Object Repository/Course Manager/button_DETAILS' successfully

2020-07-31 15:16:09 - [TEST_STEP][PASSED] - click(findTestObject("Course Manager/button_DETAILS")): Object: 'Object Repository/Course Manager/button_DETAILS' is clicked on

2020-07-31 15:16:09 - [MESSAGE][PASSED] - Object: 'Object Repository/Course Manager/button_DETAILS' is clicked on

2020-07-31 15:16:09 - [TEST_STEP][PASSED] - click(findTestObject("Course Manager/a_ENROLLMENT")): Object: 'Object Repository/Course Manager/a_ENROLLMENT' is clicked on

2020-07-31 15:16:14 - [MESSAGE][PASSED] - Object: 'Object Repository/Course Manager/a_ENROLLMENT' is clicked on

2020-07-31 15:16:14 - [TEST_STEP][PASSED] - click(findTestObject("Course Manager/a_Course Manager")): Object: 'Object Repository/Course Manager/a_Course Manager' is clicked on

2020-07-31 15:16:17 - [MESSAGE][PASSED] - Object: 'Object Repository/Course Manager/a_Course Manager' is clicked on

2020-07-31 15:16:17 - [TEST_STEP][PASSED] - click(findTestObject("Course Manager/button_DETAILS")): Object: 'Object Repository/Course Manager/button_DETAILS' is clicked on

2020-07-31 15:16:17 - [MESSAGE][PASSED] - Object: 'Object Repository/Course Manager/button_DETAILS' is clicked on

2020-07-31 15:16:17 - [TEST_STEP][PASSED] - click(findTestObject("Course Manager/a_CANCEL")): Object: 'Object Repository/Course Manager/a_CANCEL' is clicked on

2020-07-31 15:16:18 - [MESSAGE][PASSED] - Object: 'Object Repository/Course Manager/a_CANCEL' is clicked on

2020-07-31 15:16:18 - [TEST_STEP][PASSED] - acceptAlert(): Alert accepted

2020-07-31 15:16:18 - [MESSAGE][PASSED] - Alert accepted

2020-07-31 15:16:18 - [TEST_STEP][PASSED] - setText(findTestObject("Course Manager/textarea_Reason For Cancel_reason_cancel"), "This is a test"): Text 'This is a test' is set on object 'Object Repository/Course Manager/textarea_Reason For Cancel_reason_cancel'

2020-07-31 15:16:20 - [MESSAGE][PASSED] - Text 'This is a test' is set on object 'Object Repository/Course Manager/textarea_Reason For Cancel_reason_cancel'

2020-07-31 15:16:20 - [TEST_STEP][PASSED] - click(findTestObject("Course Manager/button_Submit_Cancel")): Object: 'Object Repository/Course Manager/button_Submit_Cancel' is clicked on

2020-07-31 15:16:20 - [MESSAGE][PASSED] - Object: 'Object Repository/Course Manager/button_Submit_Cancel' is clicked on

2020-07-31 15:16:20 - [TEST_STEP][PASSED] - scrollToElement(findTestObject("Object Repository/Course Manager/p_Cancelled"), 0): Scroll to object 'Object Repository/Course Manager/p_Cancelled' successfully

2020-07-31 15:16:20 - [MESSAGE][WARNING] - Timeout '0' is invalid. Using default page load timeout: '30'

2020-07-31 15:16:21 - [MESSAGE][PASSED] - Scroll to object 'Object Repository/Course Manager/p_Cancelled' successfully

2020-07-31 15:16:21 - [TEST_STEP][PASSED] - verifyElementVisible(findTestObject("Object Repository/Course Manager/p_Cancelled")): Object 'Object Repository/Course Manager/p_Cancelled' is visible

2020-07-31 15:16:23 - [MESSAGE][PASSED] - Object 'Object Repository/Course Manager/p_Cancelled' is visible

2020-07-31 15:16:23 - [TEST_STEP][PASSED] - click(findTestObject("Course Manager/button_DETAILS")): Object: 'Object Repository/Course Manager/button_DETAILS' is clicked on

2020-07-31 15:16:23 - [MESSAGE][PASSED] - Object: 'Object Repository/Course Manager/button_DETAILS' is clicked on

2020-07-31 15:16:23 - [TEST_STEP][PASSED] - click(findTestObject("Course Manager/a_DELETE")): Object: 'Object Repository/Course Manager/a_DELETE' is clicked on

2020-07-31 15:16:24 - [MESSAGE][PASSED] - Object: 'Object Repository/Course Manager/a_DELETE' is clicked on

2020-07-31 15:16:24 - [TEST_STEP][PASSED] - acceptAlert(): Alert accepted

2020-07-31 15:16:24 - [MESSAGE][PASSED] - Alert accepted]]></system-out>
         <system-err><![CDATA[]]></system-err>
      </testcase>
      <testcase name="Test Cases/Course Manager/TC-008-CM-Re Opening Ended course" time="42.103" classname="Test Cases/Course Manager/TC-008-CM-Re Opening Ended course" status="PASSED">
         <system-out><![CDATA[2020-07-31 15:16:24 - [TEST_CASE][PASSED] - Test Cases/Course Manager/TC-008-CM-Re Opening Ended course: Test Cases/Course Manager/TC-008-CM-Re Opening Ended course

2020-07-31 15:16:24 - [TEST_STEP][PASSED] - scrollToElement(findTestObject("Course Manager/button_DETAILS"), 0): Scroll to object 'Object Repository/Course Manager/button_DETAILS' successfully

2020-07-31 15:16:24 - [MESSAGE][WARNING] - Timeout '0' is invalid. Using default page load timeout: '30'

2020-07-31 15:16:25 - [MESSAGE][PASSED] - Scroll to object 'Object Repository/Course Manager/button_DETAILS' successfully

2020-07-31 15:16:25 - [TEST_STEP][PASSED] - click(findTestObject("Course Manager/button_DETAILS")): Object: 'Object Repository/Course Manager/button_DETAILS' is clicked on

2020-07-31 15:16:27 - [MESSAGE][PASSED] - Object: 'Object Repository/Course Manager/button_DETAILS' is clicked on

2020-07-31 15:16:27 - [TEST_STEP][PASSED] - click(findTestObject("Course Manager/a_MODIFY")): Object: 'Object Repository/Course Manager/a_MODIFY' is clicked on

2020-07-31 15:16:30 - [MESSAGE][PASSED] - Object: 'Object Repository/Course Manager/a_MODIFY' is clicked on

2020-07-31 15:16:30 - [TEST_STEP][PASSED] - click(findTestObject("Course Manager/a_Schedule")): Object: 'Object Repository/Course Manager/a_Schedule' is clicked on

2020-07-31 15:16:33 - [MESSAGE][PASSED] - Object: 'Object Repository/Course Manager/a_Schedule' is clicked on

2020-07-31 15:16:33 - [TEST_STEP][PASSED] - click(findTestObject("Course Manager/input__generate_start_date")): Object: 'Object Repository/Course Manager/input__generate_start_date' is clicked on

2020-07-31 15:16:35 - [MESSAGE][PASSED] - Object: 'Object Repository/Course Manager/input__generate_start_date' is clicked on

2020-07-31 15:16:35 - [TEST_STEP][PASSED] - click(findTestObject("Course Manager/div_29")): Object: 'Object Repository/Course Manager/div_29' is clicked on

2020-07-31 15:16:36 - [MESSAGE][PASSED] - Object: 'Object Repository/Course Manager/div_29' is clicked on

2020-07-31 15:16:36 - [TEST_STEP][PASSED] - click(findTestObject("Course Manager/input__generate_end_date")): Object: 'Object Repository/Course Manager/input__generate_end_date' is clicked on

2020-07-31 15:16:37 - [MESSAGE][PASSED] - Object: 'Object Repository/Course Manager/input__generate_end_date' is clicked on

2020-07-31 15:16:37 - [TEST_STEP][PASSED] - click(findTestObject("Course Manager/div_1")): Object: 'Object Repository/Course Manager/div_1' is clicked on

2020-07-31 15:16:37 - [MESSAGE][PASSED] - Object: 'Object Repository/Course Manager/div_1' is clicked on

2020-07-31 15:16:37 - [TEST_STEP][PASSED] - click(findTestObject("Course Manager/button_Schedule")): Object: 'Object Repository/Course Manager/button_Schedule' is clicked on

2020-07-31 15:16:38 - [MESSAGE][PASSED] - Object: 'Object Repository/Course Manager/button_Schedule' is clicked on

2020-07-31 15:16:38 - [TEST_STEP][PASSED] - verifyElementVisible(findTestObject("Course Manager/p_Updating course  Georgia TAPP Program 202_e049af")): Object 'Object Repository/Course Manager/p_Updating course  Georgia TAPP Program 202_e049af' is visible

2020-07-31 15:16:40 - [MESSAGE][PASSED] - Object 'Object Repository/Course Manager/p_Updating course  Georgia TAPP Program 202_e049af' is visible

2020-07-31 15:16:40 - [TEST_STEP][PASSED] - click(findTestObject("Course Manager/a_Deadlines")): Object: 'Object Repository/Course Manager/a_Deadlines' is clicked on

2020-07-31 15:16:41 - [MESSAGE][PASSED] - Object: 'Object Repository/Course Manager/a_Deadlines' is clicked on

2020-07-31 15:16:41 - [TEST_STEP][PASSED] - if (findTestObject("Course Manager/label_Follow-up Completion date cannot be e_fd7ed2")): Object: 'Object Repository/Course Manager/input_Evaluation Completion Date' is clicked on

2020-07-31 15:16:41 - [TEST_STEP][PASSED] - click(findTestObject("Course Manager/input_Evaluation Completion Date")): Object: 'Object Repository/Course Manager/input_Evaluation Completion Date' is clicked on

2020-07-31 15:16:42 - [MESSAGE][PASSED] - Object: 'Object Repository/Course Manager/input_Evaluation Completion Date' is clicked on

2020-07-31 15:16:42 - [TEST_STEP][PASSED] - click(findTestObject("Course Manager/button_Completion Date")): Object: 'Object Repository/Course Manager/button_Completion Date' is clicked on

2020-07-31 15:16:42 - [MESSAGE][PASSED] - Object: 'Object Repository/Course Manager/button_Completion Date' is clicked on

2020-07-31 15:16:42 - [TEST_STEP][PASSED] - click(findTestObject("Course Manager/div_2")): Object: 'Object Repository/Course Manager/div_2' is clicked on

2020-07-31 15:16:43 - [MESSAGE][PASSED] - Object: 'Object Repository/Course Manager/div_2' is clicked on

2020-07-31 15:16:43 - [TEST_STEP][PASSED] - click(findTestObject("Course Manager/a_Follow-up Questions")): Object: 'Object Repository/Course Manager/a_Follow-up Questions' is clicked on

2020-07-31 15:16:44 - [MESSAGE][PASSED] - Object: 'Object Repository/Course Manager/a_Follow-up Questions' is clicked on

2020-07-31 15:16:44 - [TEST_STEP][PASSED] - click(findTestObject("Course Manager/a_Finish")): Object: 'Object Repository/Course Manager/a_Finish' is clicked on

2020-07-31 15:16:46 - [MESSAGE][PASSED] - Object: 'Object Repository/Course Manager/a_Finish' is clicked on

2020-07-31 15:16:46 - [TEST_STEP][PASSED] - verifyElementVisible(findTestObject("Course Manager/ul_Course updated successfully")): Object 'Object Repository/Course Manager/ul_Course updated successfully' is visible

2020-07-31 15:16:51 - [MESSAGE][PASSED] - Object 'Object Repository/Course Manager/ul_Course updated successfully' is visible

2020-07-31 15:16:51 - [TEST_STEP][PASSED] - click(findTestObject("Course Manager/a_Course Manager")): Object: 'Object Repository/Course Manager/a_Course Manager' is clicked on

2020-07-31 15:16:54 - [MESSAGE][PASSED] - Object: 'Object Repository/Course Manager/a_Course Manager' is clicked on

2020-07-31 15:16:54 - [TEST_STEP][PASSED] - click(findTestObject("Course Manager/a_Tools")): Object: 'Object Repository/Course Manager/a_Tools' is clicked on

2020-07-31 15:16:56 - [MESSAGE][PASSED] - Object: 'Object Repository/Course Manager/a_Tools' is clicked on

2020-07-31 15:16:56 - [TEST_STEP][PASSED] - click(findTestObject("Course Manager/div_Course Enrollments")): Object: 'Object Repository/Course Manager/div_Course Enrollments' is clicked on

2020-07-31 15:16:58 - [MESSAGE][PASSED] - Object: 'Object Repository/Course Manager/div_Course Enrollments' is clicked on

2020-07-31 15:16:58 - [TEST_STEP][PASSED] - click(findTestObject("Course Manager/a_Open Roster")): Object: 'Object Repository/Course Manager/a_Open Roster' is clicked on

2020-07-31 15:17:00 - [MESSAGE][PASSED] - Object: 'Object Repository/Course Manager/a_Open Roster' is clicked on

2020-07-31 15:17:00 - [TEST_STEP][PASSED] - verifyElementVisible(findTestObject("Course Manager/li_Roster")): Object 'Object Repository/Course Manager/li_Roster' is visible

2020-07-31 15:17:01 - [MESSAGE][PASSED] - Object 'Object Repository/Course Manager/li_Roster' is visible

2020-07-31 15:17:01 - [TEST_STEP][PASSED] - click(findTestObject("Course Manager/a_Tools")): Object: 'Object Repository/Course Manager/a_Tools' is clicked on

2020-07-31 15:17:03 - [MESSAGE][PASSED] - Object: 'Object Repository/Course Manager/a_Tools' is clicked on

2020-07-31 15:17:03 - [TEST_STEP][PASSED] - click(findTestObject("Course Manager/div_Course Manager")): Object: 'Object Repository/Course Manager/div_Course Manager' is clicked on

2020-07-31 15:17:05 - [MESSAGE][PASSED] - Object: 'Object Repository/Course Manager/div_Course Manager' is clicked on

2020-07-31 15:17:05 - [TEST_STEP][PASSED] - scrollToElement(findTestObject("Course Manager/p_Open"), 0): Scroll to object 'Object Repository/Course Manager/p_Open' successfully

2020-07-31 15:17:05 - [MESSAGE][WARNING] - Timeout '0' is invalid. Using default page load timeout: '30'

2020-07-31 15:17:05 - [MESSAGE][PASSED] - Scroll to object 'Object Repository/Course Manager/p_Open' successfully

2020-07-31 15:17:05 - [TEST_STEP][PASSED] - verifyElementVisible(findTestObject("Course Manager/p_Open"), STOP_ON_FAILURE): Object 'Object Repository/Course Manager/p_Open' is visible

2020-07-31 15:17:06 - [MESSAGE][PASSED] - Object 'Object Repository/Course Manager/p_Open' is visible]]></system-out>
         <system-err><![CDATA[]]></system-err>
      </testcase>
      <testcase name="Test Cases/Course Manager/TC-009-CM-Creating Course without payment" time="97.467" classname="Test Cases/Course Manager/TC-009-CM-Creating Course without payment" status="PASSED">
         <system-out><![CDATA[2020-07-31 15:17:06 - [TEST_CASE][PASSED] - Test Cases/Course Manager/TC-009-CM-Creating Course without payment: Test Cases/Course Manager/TC-009-CM-Creating Course without payment

2020-07-31 15:17:06 - [TEST_STEP][PASSED] - click(findTestObject("Course Manager/button_New")): Object: 'Object Repository/Course Manager/button_New' is clicked on

2020-07-31 15:17:09 - [MESSAGE][PASSED] - Object: 'Object Repository/Course Manager/button_New' is clicked on

2020-07-31 15:17:09 - [TEST_STEP][PASSED] - setText(findTestObject("Course Manager/input__txtTitle"), "Comp-101"): Text 'Comp-101' is set on object 'Object Repository/Course Manager/input__txtTitle'

2020-07-31 15:17:10 - [MESSAGE][PASSED] - Text 'Comp-101' is set on object 'Object Repository/Course Manager/input__txtTitle'

2020-07-31 15:17:10 - [TEST_STEP][PASSED] - selectOptionByValue(findTestObject("Object Repository/Course Manager/select_Choose                              _822a55"), "2", true): All options with value '2' are selected in object 'Object Repository/Course Manager/select_Choose                              _822a55'  using regular expression

2020-07-31 15:17:12 - [MESSAGE][PASSED] - All options with value '2' are selected in object 'Object Repository/Course Manager/select_Choose                              _822a55'  using regular expression

2020-07-31 15:17:12 - [TEST_STEP][PASSED] - selectOptionByValue(findTestObject("Object Repository/Course Manager/select_ChooseBlended Learning (OnlineFace-t_17004a"), "175", true): All options with value '175' are selected in object 'Object Repository/Course Manager/select_ChooseBlended Learning (OnlineFace-t_17004a'  using regular expression

2020-07-31 15:17:14 - [MESSAGE][PASSED] - All options with value '175' are selected in object 'Object Repository/Course Manager/select_ChooseBlended Learning (OnlineFace-t_17004a'  using regular expression

2020-07-31 15:17:14 - [TEST_STEP][PASSED] - selectOptionByValue(findTestObject("Object Repository/Course Manager/select_Choose                              _ed4c48"), "11", true): All options with value '11' are selected in object 'Object Repository/Course Manager/select_Choose                              _ed4c48'  using regular expression

2020-07-31 15:17:16 - [MESSAGE][PASSED] - All options with value '11' are selected in object 'Object Repository/Course Manager/select_Choose                              _ed4c48'  using regular expression

2020-07-31 15:17:16 - [TEST_STEP][PASSED] - click(findTestObject("Course Manager/a_Next")): Object: 'Object Repository/Course Manager/a_Next' is clicked on

2020-07-31 15:17:16 - [MESSAGE][PASSED] - Object: 'Object Repository/Course Manager/a_Next' is clicked on

2020-07-31 15:17:16 - [TEST_STEP][PASSED] - delay(2): Delayed 2 second(s)

2020-07-31 15:17:18 - [MESSAGE][PASSED] - Delayed 2 second(s)

2020-07-31 15:17:18 - [TEST_STEP][PASSED] - test.fileUpload.uploadFile(findTestObject("Course Manager/input_BROWSE_test"), "C:\Users\Kim\Downloads\depositphotos_180736330-stock-illustration-logo-quality-assurance-qa-testing.jpg"): test.fileUpload.uploadFile is PASSED

2020-07-31 15:17:19 - [MESSAGE][PASSED] - Object: 'Object Repository/Course Manager/input_BROWSE_test' is clicked on

2020-07-31 15:17:19 - [MESSAGE][PASSED] - test.fileUpload.uploadFile is PASSED

2020-07-31 15:17:19 - [TEST_STEP][PASSED] - setText(findTestObject("Course Manager/textarea_Course Desciption"), "This is a test description"): Text 'This is a test description' is set on object 'Object Repository/Course Manager/textarea_Course Desciption'

2020-07-31 15:17:21 - [MESSAGE][PASSED] - Text 'This is a test description' is set on object 'Object Repository/Course Manager/textarea_Course Desciption'

2020-07-31 15:17:21 - [TEST_STEP][PASSED] - click(findTestObject("Course Manager/a_Next")): Object: 'Object Repository/Course Manager/a_Next' is clicked on

2020-07-31 15:17:22 - [MESSAGE][PASSED] - Object: 'Object Repository/Course Manager/a_Next' is clicked on

2020-07-31 15:17:22 - [TEST_STEP][PASSED] - delay(2): Delayed 2 second(s)

2020-07-31 15:17:24 - [MESSAGE][PASSED] - Delayed 2 second(s)

2020-07-31 15:17:24 - [TEST_STEP][PASSED] - click(findTestObject("Course Manager/a_ Add Instructor")): Object: 'Object Repository/Course Manager/a_ Add Instructor' is clicked on

2020-07-31 15:17:29 - [MESSAGE][PASSED] - Object: 'Object Repository/Course Manager/a_ Add Instructor' is clicked on

2020-07-31 15:17:29 - [TEST_STEP][PASSED] - setText(findTestObject("Course Manager/input__txtInstructor"), "Lauro E"): Text 'Lauro E' is set on object 'Object Repository/Course Manager/input__txtInstructor'

2020-07-31 15:17:30 - [MESSAGE][PASSED] - Text 'Lauro E' is set on object 'Object Repository/Course Manager/input__txtInstructor'

2020-07-31 15:17:30 - [TEST_STEP][PASSED] - click(findTestObject("Course Manager/a_Lauro Eguia")): Object: 'Object Repository/Course Manager/a_Lauro Eguia' is clicked on

2020-07-31 15:17:31 - [MESSAGE][PASSED] - Object: 'Object Repository/Course Manager/a_Lauro Eguia' is clicked on

2020-07-31 15:17:31 - [TEST_STEP][PASSED] - delay(3): Delayed 3 second(s)

2020-07-31 15:17:34 - [MESSAGE][PASSED] - Delayed 3 second(s)

2020-07-31 15:17:34 - [TEST_STEP][PASSED] - click(findTestObject("Course Manager/button_Submit")): Object: 'Object Repository/Course Manager/button_Submit' is clicked on

2020-07-31 15:17:35 - [MESSAGE][PASSED] - Object: 'Object Repository/Course Manager/button_Submit' is clicked on

2020-07-31 15:17:35 - [TEST_STEP][PASSED] - click(findTestObject("Course Manager/a_Next")): Object: 'Object Repository/Course Manager/a_Next' is clicked on

2020-07-31 15:17:37 - [MESSAGE][PASSED] - Object: 'Object Repository/Course Manager/a_Next' is clicked on

2020-07-31 15:17:37 - [TEST_STEP][PASSED] - click(findTestObject("Course Manager/select_Training Center")): Object: 'Object Repository/Course Manager/select_Training Center' is clicked on

2020-07-31 15:17:38 - [MESSAGE][PASSED] - Object: 'Object Repository/Course Manager/select_Training Center' is clicked on

2020-07-31 15:17:38 - [TEST_STEP][PASSED] - click(findTestObject("Course Manager/Train_center_Value")): Object: 'Object Repository/Course Manager/Train_center_Value' is clicked on

2020-07-31 15:17:38 - [MESSAGE][PASSED] - Object: 'Object Repository/Course Manager/Train_center_Value' is clicked on

2020-07-31 15:17:38 - [TEST_STEP][PASSED] - click(findTestObject("Course Manager/select_Room")): Object: 'Object Repository/Course Manager/select_Room' is clicked on

2020-07-31 15:17:39 - [MESSAGE][PASSED] - Object: 'Object Repository/Course Manager/select_Room' is clicked on

2020-07-31 15:17:39 - [TEST_STEP][PASSED] - click(findTestObject("Course Manager/Room_Value")): Object: 'Object Repository/Course Manager/Room_Value' is clicked on

2020-07-31 15:17:40 - [MESSAGE][PASSED] - Object: 'Object Repository/Course Manager/Room_Value' is clicked on

2020-07-31 15:17:40 - [TEST_STEP][PASSED] - click(findTestObject("Course Manager/a_Next")): Object: 'Object Repository/Course Manager/a_Next' is clicked on

2020-07-31 15:17:41 - [MESSAGE][PASSED] - Object: 'Object Repository/Course Manager/a_Next' is clicked on

2020-07-31 15:17:41 - [TEST_STEP][PASSED] - click(findTestObject("Course Manager/a_ Add Focus Area")): Object: 'Object Repository/Course Manager/a_ Add Focus Area' is clicked on

2020-07-31 15:17:42 - [MESSAGE][PASSED] - Object: 'Object Repository/Course Manager/a_ Add Focus Area' is clicked on

2020-07-31 15:17:42 - [TEST_STEP][PASSED] - click(findTestObject("Course Manager/option_Certification")): Object: 'Object Repository/Course Manager/option_Certification' is clicked on

2020-07-31 15:17:43 - [MESSAGE][PASSED] - Object: 'Object Repository/Course Manager/option_Certification' is clicked on

2020-07-31 15:17:43 - [TEST_STEP][PASSED] - click(findTestObject("Course Manager/button_Submit_FocusArea")): Object: 'Object Repository/Course Manager/button_Submit_FocusArea' is clicked on

2020-07-31 15:17:43 - [MESSAGE][PASSED] - Object: 'Object Repository/Course Manager/button_Submit_FocusArea' is clicked on

2020-07-31 15:17:43 - [TEST_STEP][PASSED] - click(findTestObject("Course Manager/a_Next")): Object: 'Object Repository/Course Manager/a_Next' is clicked on

2020-07-31 15:17:45 - [MESSAGE][PASSED] - Object: 'Object Repository/Course Manager/a_Next' is clicked on

2020-07-31 15:17:45 - [TEST_STEP][PASSED] - click(findTestObject("Course Manager/select_TextBookProvided")): Object: 'Object Repository/Course Manager/select_TextBookProvided' is clicked on

2020-07-31 15:17:46 - [MESSAGE][PASSED] - Object: 'Object Repository/Course Manager/select_TextBookProvided' is clicked on

2020-07-31 15:17:46 - [TEST_STEP][PASSED] - click(findTestObject("Course Manager/option_Yes")): Object: 'Object Repository/Course Manager/option_Yes' is clicked on

2020-07-31 15:17:46 - [MESSAGE][PASSED] - Object: 'Object Repository/Course Manager/option_Yes' is clicked on

2020-07-31 15:17:47 - [TEST_STEP][PASSED] - setText(findTestObject("Course Manager/input_SD_custFiled_30"), "1234512345"): Text '1234512345' is set on object 'Object Repository/Course Manager/input_SD_custFiled_30'

2020-07-31 15:17:48 - [MESSAGE][PASSED] - Text '1234512345' is set on object 'Object Repository/Course Manager/input_SD_custFiled_30'

2020-07-31 15:17:48 - [TEST_STEP][PASSED] - click(findTestObject("Course Manager/input_Migrated Course_custFiled_31")): Object: 'Object Repository/Course Manager/input_Migrated Course_custFiled_31' is clicked on

2020-07-31 15:17:48 - [MESSAGE][PASSED] - Object: 'Object Repository/Course Manager/input_Migrated Course_custFiled_31' is clicked on

2020-07-31 15:17:48 - [TEST_STEP][PASSED] - setText(findTestObject("Course Manager/textarea_Learning Outcomes_custFiled_29"), "This is a test from automation"): Text 'This is a test from automation' is set on object 'Object Repository/Course Manager/textarea_Learning Outcomes_custFiled_29'

2020-07-31 15:17:49 - [MESSAGE][PASSED] - Text 'This is a test from automation' is set on object 'Object Repository/Course Manager/textarea_Learning Outcomes_custFiled_29'

2020-07-31 15:17:49 - [TEST_STEP][PASSED] - click(findTestObject("Course Manager/a_Next")): Object: 'Object Repository/Course Manager/a_Next' is clicked on

2020-07-31 15:17:50 - [MESSAGE][PASSED] - Object: 'Object Repository/Course Manager/a_Next' is clicked on

2020-07-31 15:17:50 - [TEST_STEP][PASSED] - click(findTestObject("Course Manager/a_Next")): Object: 'Object Repository/Course Manager/a_Next' is clicked on

2020-07-31 15:17:51 - [MESSAGE][PASSED] - Object: 'Object Repository/Course Manager/a_Next' is clicked on

2020-07-31 15:17:51 - [TEST_STEP][PASSED] - scrollToElement(findTestObject("Course Manager/input_Seats Expire On_DTRsvSeat"), 0): Scroll to object 'Object Repository/Course Manager/input_Seats Expire On_DTRsvSeat' successfully

2020-07-31 15:17:51 - [MESSAGE][WARNING] - Timeout '0' is invalid. Using default page load timeout: '30'

2020-07-31 15:17:52 - [MESSAGE][PASSED] - Scroll to object 'Object Repository/Course Manager/input_Seats Expire On_DTRsvSeat' successfully

2020-07-31 15:17:52 - [TEST_STEP][PASSED] - click(findTestObject("Course Manager/input_Seats Expire On_DTRsvSeat")): Object: 'Object Repository/Course Manager/input_Seats Expire On_DTRsvSeat' is clicked on

2020-07-31 15:17:53 - [MESSAGE][PASSED] - Object: 'Object Repository/Course Manager/input_Seats Expire On_DTRsvSeat' is clicked on

2020-07-31 15:17:53 - [TEST_STEP][PASSED] - click(findTestObject("Course Manager/button_December_xdsoft_next (Limits)")): Object: 'Object Repository/Course Manager/button_December_xdsoft_next (Limits)' is clicked on

2020-07-31 15:17:54 - [MESSAGE][PASSED] - Object: 'Object Repository/Course Manager/button_December_xdsoft_next (Limits)' is clicked on

2020-07-31 15:17:54 - [TEST_STEP][PASSED] - click(findTestObject("Course Manager/div_31 (Expiry Date)")): Object: 'Object Repository/Course Manager/div_31 (Expiry Date)' is clicked on

2020-07-31 15:17:55 - [MESSAGE][PASSED] - Object: 'Object Repository/Course Manager/div_31 (Expiry Date)' is clicked on

2020-07-31 15:17:55 - [TEST_STEP][PASSED] - click(findTestObject("Course Manager/a_Next")): Object: 'Object Repository/Course Manager/a_Next' is clicked on

2020-07-31 15:17:56 - [MESSAGE][PASSED] - Object: 'Object Repository/Course Manager/a_Next' is clicked on

2020-07-31 15:17:56 - [TEST_STEP][PASSED] - click(findTestObject("Course Manager/a_Next")): Object: 'Object Repository/Course Manager/a_Next' is clicked on

2020-07-31 15:17:58 - [MESSAGE][PASSED] - Object: 'Object Repository/Course Manager/a_Next' is clicked on

2020-07-31 15:17:58 - [TEST_STEP][PASSED] - click(findTestObject("Course Manager/input__generate_start_date")): Object: 'Object Repository/Course Manager/input__generate_start_date' is clicked on

2020-07-31 15:17:59 - [MESSAGE][PASSED] - Object: 'Object Repository/Course Manager/input__generate_start_date' is clicked on

2020-07-31 15:17:59 - [TEST_STEP][PASSED] - click(findTestObject("Course Manager/button_December_xdsoft_next")): Object: 'Object Repository/Course Manager/button_December_xdsoft_next' is clicked on

2020-07-31 15:18:00 - [MESSAGE][PASSED] - Object: 'Object Repository/Course Manager/button_December_xdsoft_next' is clicked on

2020-07-31 15:18:00 - [TEST_STEP][PASSED] - click(findTestObject("Course Manager/div_1 (Sched Start Date)")): Object: 'Object Repository/Course Manager/div_1 (Sched Start Date)' is clicked on

2020-07-31 15:18:00 - [MESSAGE][PASSED] - Object: 'Object Repository/Course Manager/div_1 (Sched Start Date)' is clicked on

2020-07-31 15:18:00 - [TEST_STEP][PASSED] - click(findTestObject("Course Manager/input__generate_end_date")): Object: 'Object Repository/Course Manager/input__generate_end_date' is clicked on

2020-07-31 15:18:01 - [MESSAGE][PASSED] - Object: 'Object Repository/Course Manager/input__generate_end_date' is clicked on

2020-07-31 15:18:01 - [TEST_STEP][PASSED] - click(findTestObject("Course Manager/button_December_xdsoft_next (End Date)")): Object: 'Object Repository/Course Manager/button_December_xdsoft_next (End Date)' is clicked on

2020-07-31 15:18:02 - [MESSAGE][PASSED] - Object: 'Object Repository/Course Manager/button_December_xdsoft_next (End Date)' is clicked on

2020-07-31 15:18:02 - [TEST_STEP][PASSED] - click(findTestObject("Course Manager/div_31 (Sched End Date)")): Object: 'Object Repository/Course Manager/div_31 (Sched End Date)' is clicked on

2020-07-31 15:18:03 - [MESSAGE][PASSED] - Object: 'Object Repository/Course Manager/div_31 (Sched End Date)' is clicked on

2020-07-31 15:18:03 - [TEST_STEP][PASSED] - click(findTestObject("Course Manager/button_Schedule")): Object: 'Object Repository/Course Manager/button_Schedule' is clicked on

2020-07-31 15:18:03 - [MESSAGE][PASSED] - Object: 'Object Repository/Course Manager/button_Schedule' is clicked on

2020-07-31 15:18:03 - [TEST_STEP][PASSED] - click(findTestObject("Course Manager/a_Next")): Object: 'Object Repository/Course Manager/a_Next' is clicked on

2020-07-31 15:18:06 - [MESSAGE][PASSED] - Object: 'Object Repository/Course Manager/a_Next' is clicked on

2020-07-31 15:18:06 - [TEST_STEP][PASSED] - click(findTestObject("Course Manager/a_Next")): Object: 'Object Repository/Course Manager/a_Next' is clicked on

2020-07-31 15:18:07 - [MESSAGE][PASSED] - Object: 'Object Repository/Course Manager/a_Next' is clicked on

2020-07-31 15:18:07 - [TEST_STEP][PASSED] - click(findTestObject("Course Manager/a_ Add Restriction")): Object: 'Object Repository/Course Manager/a_ Add Restriction' is clicked on

2020-07-31 15:18:09 - [MESSAGE][PASSED] - Object: 'Object Repository/Course Manager/a_ Add Restriction' is clicked on

2020-07-31 15:18:09 - [TEST_STEP][PASSED] - setText(findTestObject("Course Manager/input__txtClassEnrollGroupName"), "TEST"): Text 'TEST' is set on object 'Object Repository/Course Manager/input__txtClassEnrollGroupName'

2020-07-31 15:18:10 - [MESSAGE][PASSED] - Text 'TEST' is set on object 'Object Repository/Course Manager/input__txtClassEnrollGroupName'

2020-07-31 15:18:10 - [TEST_STEP][PASSED] - click(findTestObject("Course Manager/option_a_GG test"), STOP_ON_FAILURE): Object: 'Object Repository/Course Manager/option_a_GG test' is clicked on

2020-07-31 15:18:11 - [MESSAGE][PASSED] - Object: 'Object Repository/Course Manager/option_a_GG test' is clicked on

2020-07-31 15:18:11 - [TEST_STEP][PASSED] - setText(findTestObject("Course Manager/input__ClassEnrollGroupLimit"), "10"): Text '10' is set on object 'Object Repository/Course Manager/input__ClassEnrollGroupLimit'

2020-07-31 15:18:12 - [MESSAGE][PASSED] - Text '10' is set on object 'Object Repository/Course Manager/input__ClassEnrollGroupLimit'

2020-07-31 15:18:12 - [TEST_STEP][PASSED] - click(findTestObject("Course Manager/input_Remove Limit After_dtExpiryDate"), STOP_ON_FAILURE): Object: 'Object Repository/Course Manager/input_Remove Limit After_dtExpiryDate' is clicked on

2020-07-31 15:18:13 - [MESSAGE][PASSED] - Object: 'Object Repository/Course Manager/input_Remove Limit After_dtExpiryDate' is clicked on

2020-07-31 15:18:13 - [TEST_STEP][PASSED] - click(findTestObject("Course Manager/div_30"), STOP_ON_FAILURE): Object: 'Object Repository/Course Manager/div_30' is clicked on

2020-07-31 15:18:13 - [MESSAGE][PASSED] - Object: 'Object Repository/Course Manager/div_30' is clicked on

2020-07-31 15:18:13 - [TEST_STEP][PASSED] - click(findTestObject("Course Manager/button_Submit (Restriction)"), STOP_ON_FAILURE): Object: 'Object Repository/Course Manager/button_Submit (Restriction)' is clicked on

2020-07-31 15:18:14 - [MESSAGE][PASSED] - Object: 'Object Repository/Course Manager/button_Submit (Restriction)' is clicked on

2020-07-31 15:18:14 - [TEST_STEP][PASSED] - click(findTestObject("Course Manager/a_Next")): Object: 'Object Repository/Course Manager/a_Next' is clicked on

2020-07-31 15:18:16 - [MESSAGE][PASSED] - Object: 'Object Repository/Course Manager/a_Next' is clicked on

2020-07-31 15:18:16 - [TEST_STEP][PASSED] - click(findTestObject("Course Manager/a_ Target Audience")): Object: 'Object Repository/Course Manager/a_ Target Audience' is clicked on

2020-07-31 15:18:17 - [MESSAGE][PASSED] - Object: 'Object Repository/Course Manager/a_ Target Audience' is clicked on

2020-07-31 15:18:17 - [TEST_STEP][PASSED] - click(findTestObject("Course Manager/option_Paraprofessionals")): Object: 'Object Repository/Course Manager/option_Paraprofessionals' is clicked on

2020-07-31 15:18:18 - [MESSAGE][PASSED] - Object: 'Object Repository/Course Manager/option_Paraprofessionals' is clicked on

2020-07-31 15:18:18 - [TEST_STEP][PASSED] - click(findTestObject("Course Manager/button_Submit (Target Audience)")): Object: 'Object Repository/Course Manager/button_Submit (Target Audience)' is clicked on

2020-07-31 15:18:18 - [MESSAGE][PASSED] - Object: 'Object Repository/Course Manager/button_Submit (Target Audience)' is clicked on

2020-07-31 15:18:18 - [TEST_STEP][PASSED] - click(findTestObject("Course Manager/a_Next")): Object: 'Object Repository/Course Manager/a_Next' is clicked on

2020-07-31 15:18:20 - [MESSAGE][PASSED] - Object: 'Object Repository/Course Manager/a_Next' is clicked on

2020-07-31 15:18:20 - [TEST_STEP][PASSED] - click(findTestObject("Course Manager/a_ Rubric")): Object: 'Object Repository/Course Manager/a_ Rubric' is clicked on

2020-07-31 15:18:21 - [MESSAGE][PASSED] - Object: 'Object Repository/Course Manager/a_ Rubric' is clicked on

2020-07-31 15:18:21 - [TEST_STEP][PASSED] - click(findTestObject("Course Manager/select_Rubric")): Object: 'Object Repository/Course Manager/select_Rubric' is clicked on

2020-07-31 15:18:22 - [MESSAGE][PASSED] - Object: 'Object Repository/Course Manager/select_Rubric' is clicked on

2020-07-31 15:18:22 - [TEST_STEP][PASSED] - click(findTestObject("Course Manager/option_Admin")): Object: 'Object Repository/Course Manager/option_Admin' is clicked on

2020-07-31 15:18:22 - [MESSAGE][PASSED] - Object: 'Object Repository/Course Manager/option_Admin' is clicked on

2020-07-31 15:18:22 - [TEST_STEP][PASSED] - click(findTestObject("Course Manager/select_Domain")): Object: 'Object Repository/Course Manager/select_Domain' is clicked on

2020-07-31 15:18:24 - [MESSAGE][PASSED] - Object: 'Object Repository/Course Manager/select_Domain' is clicked on

2020-07-31 15:18:24 - [TEST_STEP][PASSED] - click(findTestObject("Course Manager/option_Planning")): Object: 'Object Repository/Course Manager/option_Planning' is clicked on

2020-07-31 15:18:24 - [MESSAGE][PASSED] - Object: 'Object Repository/Course Manager/option_Planning' is clicked on

2020-07-31 15:18:24 - [TEST_STEP][PASSED] - click(findTestObject("Course Manager/option_sample"), STOP_ON_FAILURE): Object: 'Object Repository/Course Manager/option_sample' is clicked on

2020-07-31 15:18:25 - [MESSAGE][PASSED] - Object: 'Object Repository/Course Manager/option_sample' is clicked on

2020-07-31 15:18:25 - [TEST_STEP][PASSED] - click(findTestObject("Course Manager/button_Submit (Rubric)")): Object: 'Object Repository/Course Manager/button_Submit (Rubric)' is clicked on

2020-07-31 15:18:26 - [MESSAGE][PASSED] - Object: 'Object Repository/Course Manager/button_Submit (Rubric)' is clicked on

2020-07-31 15:18:26 - [TEST_STEP][PASSED] - click(findTestObject("Course Manager/a_Next")): Object: 'Object Repository/Course Manager/a_Next' is clicked on

2020-07-31 15:18:29 - [MESSAGE][PASSED] - Object: 'Object Repository/Course Manager/a_Next' is clicked on

2020-07-31 15:18:29 - [TEST_STEP][PASSED] - click(findTestObject("Course Manager/a_Next")): Object: 'Object Repository/Course Manager/a_Next' is clicked on

2020-07-31 15:18:32 - [MESSAGE][PASSED] - Object: 'Object Repository/Course Manager/a_Next' is clicked on

2020-07-31 15:18:32 - [TEST_STEP][PASSED] - click(findTestObject("Course Manager/a_Next")): Object: 'Object Repository/Course Manager/a_Next' is clicked on

2020-07-31 15:18:33 - [MESSAGE][PASSED] - Object: 'Object Repository/Course Manager/a_Next' is clicked on

2020-07-31 15:18:33 - [TEST_STEP][PASSED] - click(findTestObject("Course Manager/a_Finish")): Object: 'Object Repository/Course Manager/a_Finish' is clicked on

2020-07-31 15:18:34 - [MESSAGE][PASSED] - Object: 'Object Repository/Course Manager/a_Finish' is clicked on

2020-07-31 15:18:34 - [TEST_STEP][PASSED] - click(findTestObject("Course Manager/a_Course Manager")): Object: 'Object Repository/Course Manager/a_Course Manager' is clicked on

2020-07-31 15:18:43 - [MESSAGE][PASSED] - Object: 'Object Repository/Course Manager/a_Course Manager' is clicked on]]></system-out>
         <system-err><![CDATA[]]></system-err>
      </testcase>
      <testcase name="Test Cases/Course Manager/TC-010-CM-Creating Course without the ADA message" time="118.019" classname="Test Cases/Course Manager/TC-010-CM-Creating Course without the ADA message" status="PASSED">
         <system-out><![CDATA[2020-07-31 15:18:43 - [TEST_CASE][PASSED] - Test Cases/Course Manager/TC-010-CM-Creating Course without the ADA message: Test Cases/Course Manager/TC-010-CM-Creating Course without the ADA message

2020-07-31 15:18:44 - [TEST_STEP][PASSED] - click(findTestObject("Course Manager/button_New")): Object: 'Object Repository/Course Manager/button_New' is clicked on

2020-07-31 15:18:47 - [MESSAGE][PASSED] - Object: 'Object Repository/Course Manager/button_New' is clicked on

2020-07-31 15:18:47 - [TEST_STEP][PASSED] - click(findTestObject("Course Manager/select_Category")): Object: 'Object Repository/Course Manager/select_Category' is clicked on

2020-07-31 15:18:47 - [MESSAGE][PASSED] - Object: 'Object Repository/Course Manager/select_Category' is clicked on

2020-07-31 15:18:47 - [TEST_STEP][PASSED] - verifyElementVisible(findTestObject("Course Manager/option_Learning Plan")): Object 'Object Repository/Course Manager/option_Learning Plan' is visible

2020-07-31 15:18:48 - [MESSAGE][PASSED] - Object 'Object Repository/Course Manager/option_Learning Plan' is visible

2020-07-31 15:18:48 - [TEST_STEP][PASSED] - click(findTestObject("Course Manager/a_Course Manager")): Object: 'Object Repository/Course Manager/a_Course Manager' is clicked on

2020-07-31 15:18:50 - [MESSAGE][PASSED] - Object: 'Object Repository/Course Manager/a_Course Manager' is clicked on

2020-07-31 15:18:50 - [TEST_STEP][PASSED] - click(findTestObject("Course Manager/a_Tools")): Object: 'Object Repository/Course Manager/a_Tools' is clicked on

2020-07-31 15:18:52 - [MESSAGE][PASSED] - Object: 'Object Repository/Course Manager/a_Tools' is clicked on

2020-07-31 15:18:52 - [TEST_STEP][PASSED] - click(findTestObject("Course Manager/div_Manage Categories")): Object: 'Object Repository/Course Manager/div_Manage Categories' is clicked on

2020-07-31 15:18:56 - [MESSAGE][PASSED] - Object: 'Object Repository/Course Manager/div_Manage Categories' is clicked on

2020-07-31 15:18:56 - [TEST_STEP][PASSED] - click(findTestObject("Course Manager/a_Unlimited_update_traning editstudent btn _a4b332")): Object: 'Object Repository/Course Manager/a_Unlimited_update_traning editstudent btn _a4b332' is clicked on

2020-07-31 15:18:57 - [MESSAGE][PASSED] - Object: 'Object Repository/Course Manager/a_Unlimited_update_traning editstudent btn _a4b332' is clicked on

2020-07-31 15:18:57 - [TEST_STEP][PASSED] - click(findTestObject("Course Manager/div_ActiveInactive")): Object: 'Object Repository/Course Manager/div_ActiveInactive' is clicked on

2020-07-31 15:18:58 - [MESSAGE][PASSED] - Object: 'Object Repository/Course Manager/div_ActiveInactive' is clicked on

2020-07-31 15:18:58 - [TEST_STEP][PASSED] - click(findTestObject("Course Manager/input_Delete_save_category")): Object: 'Object Repository/Course Manager/input_Delete_save_category' is clicked on

2020-07-31 15:18:58 - [MESSAGE][PASSED] - Object: 'Object Repository/Course Manager/input_Delete_save_category' is clicked on

2020-07-31 15:18:58 - [TEST_STEP][PASSED] - click(findTestObject("Course Manager/a_Tools")): Object: 'Object Repository/Course Manager/a_Tools' is clicked on

2020-07-31 15:19:01 - [MESSAGE][PASSED] - Object: 'Object Repository/Course Manager/a_Tools' is clicked on

2020-07-31 15:19:01 - [TEST_STEP][PASSED] - click(findTestObject("Course Manager/div_Course Manager")): Object: 'Object Repository/Course Manager/div_Course Manager' is clicked on

2020-07-31 15:19:03 - [MESSAGE][PASSED] - Object: 'Object Repository/Course Manager/div_Course Manager' is clicked on

2020-07-31 15:19:03 - [TEST_STEP][PASSED] - click(findTestObject("Course Manager/button_New")): Object: 'Object Repository/Course Manager/button_New' is clicked on

2020-07-31 15:19:06 - [MESSAGE][PASSED] - Object: 'Object Repository/Course Manager/button_New' is clicked on

2020-07-31 15:19:06 - [TEST_STEP][PASSED] - click(findTestObject("Course Manager/select_Category")): Object: 'Object Repository/Course Manager/select_Category' is clicked on

2020-07-31 15:19:07 - [MESSAGE][PASSED] - Object: 'Object Repository/Course Manager/select_Category' is clicked on

2020-07-31 15:19:07 - [TEST_STEP][PASSED] - setText(findTestObject("Course Manager/input__txtTitle"), "Comp-101"): Text 'Comp-101' is set on object 'Object Repository/Course Manager/input__txtTitle'

2020-07-31 15:19:07 - [MESSAGE][PASSED] - Text 'Comp-101' is set on object 'Object Repository/Course Manager/input__txtTitle'

2020-07-31 15:19:07 - [TEST_STEP][PASSED] - selectOptionByValue(findTestObject("Object Repository/Course Manager/select_Choose                              _822a55"), "2", true): All options with value '2' are selected in object 'Object Repository/Course Manager/select_Choose                              _822a55'  using regular expression

2020-07-31 15:19:09 - [MESSAGE][PASSED] - All options with value '2' are selected in object 'Object Repository/Course Manager/select_Choose                              _822a55'  using regular expression

2020-07-31 15:19:09 - [TEST_STEP][PASSED] - selectOptionByValue(findTestObject("Object Repository/Course Manager/select_ChooseBlended Learning (OnlineFace-t_17004a"), "175", true): All options with value '175' are selected in object 'Object Repository/Course Manager/select_ChooseBlended Learning (OnlineFace-t_17004a'  using regular expression

2020-07-31 15:19:10 - [MESSAGE][PASSED] - All options with value '175' are selected in object 'Object Repository/Course Manager/select_ChooseBlended Learning (OnlineFace-t_17004a'  using regular expression

2020-07-31 15:19:10 - [TEST_STEP][PASSED] - selectOptionByValue(findTestObject("Object Repository/Course Manager/select_Choose                              _ed4c48"), "11", true): All options with value '11' are selected in object 'Object Repository/Course Manager/select_Choose                              _ed4c48'  using regular expression

2020-07-31 15:19:12 - [MESSAGE][PASSED] - All options with value '11' are selected in object 'Object Repository/Course Manager/select_Choose                              _ed4c48'  using regular expression

2020-07-31 15:19:12 - [TEST_STEP][PASSED] - click(findTestObject("Course Manager/a_Next")): Object: 'Object Repository/Course Manager/a_Next' is clicked on

2020-07-31 15:19:13 - [MESSAGE][PASSED] - Object: 'Object Repository/Course Manager/a_Next' is clicked on

2020-07-31 15:19:13 - [TEST_STEP][PASSED] - delay(2): Delayed 2 second(s)

2020-07-31 15:19:15 - [MESSAGE][PASSED] - Delayed 2 second(s)

2020-07-31 15:19:15 - [TEST_STEP][PASSED] - test.fileUpload.uploadFile(findTestObject("Course Manager/input_BROWSE_test"), "C:\Users\Kim\Downloads\depositphotos_180736330-stock-illustration-logo-quality-assurance-qa-testing.jpg"): test.fileUpload.uploadFile is PASSED

2020-07-31 15:19:15 - [MESSAGE][PASSED] - Object: 'Object Repository/Course Manager/input_BROWSE_test' is clicked on

2020-07-31 15:19:15 - [MESSAGE][PASSED] - test.fileUpload.uploadFile is PASSED

2020-07-31 15:19:15 - [TEST_STEP][PASSED] - setText(findTestObject("Course Manager/textarea_Course Desciption"), "This is a test description"): Text 'This is a test description' is set on object 'Object Repository/Course Manager/textarea_Course Desciption'

2020-07-31 15:19:17 - [MESSAGE][PASSED] - Text 'This is a test description' is set on object 'Object Repository/Course Manager/textarea_Course Desciption'

2020-07-31 15:19:17 - [TEST_STEP][PASSED] - click(findTestObject("Course Manager/a_Next")): Object: 'Object Repository/Course Manager/a_Next' is clicked on

2020-07-31 15:19:18 - [MESSAGE][PASSED] - Object: 'Object Repository/Course Manager/a_Next' is clicked on

2020-07-31 15:19:18 - [TEST_STEP][PASSED] - delay(2): Delayed 2 second(s)

2020-07-31 15:19:20 - [MESSAGE][PASSED] - Delayed 2 second(s)

2020-07-31 15:19:20 - [TEST_STEP][PASSED] - click(findTestObject("Course Manager/a_ Add Instructor")): Object: 'Object Repository/Course Manager/a_ Add Instructor' is clicked on

2020-07-31 15:19:20 - [MESSAGE][PASSED] - Object: 'Object Repository/Course Manager/a_ Add Instructor' is clicked on

2020-07-31 15:19:20 - [TEST_STEP][PASSED] - setText(findTestObject("Course Manager/input__txtInstructor"), "Lauro E"): Text 'Lauro E' is set on object 'Object Repository/Course Manager/input__txtInstructor'

2020-07-31 15:19:21 - [MESSAGE][PASSED] - Text 'Lauro E' is set on object 'Object Repository/Course Manager/input__txtInstructor'

2020-07-31 15:19:21 - [TEST_STEP][PASSED] - click(findTestObject("Course Manager/a_Lauro Eguia")): Object: 'Object Repository/Course Manager/a_Lauro Eguia' is clicked on

2020-07-31 15:19:23 - [MESSAGE][PASSED] - Object: 'Object Repository/Course Manager/a_Lauro Eguia' is clicked on

2020-07-31 15:19:23 - [TEST_STEP][PASSED] - delay(3): Delayed 3 second(s)

2020-07-31 15:19:26 - [MESSAGE][PASSED] - Delayed 3 second(s)

2020-07-31 15:19:26 - [TEST_STEP][PASSED] - click(findTestObject("Course Manager/button_Submit")): Object: 'Object Repository/Course Manager/button_Submit' is clicked on

2020-07-31 15:19:27 - [MESSAGE][PASSED] - Object: 'Object Repository/Course Manager/button_Submit' is clicked on

2020-07-31 15:19:27 - [TEST_STEP][PASSED] - click(findTestObject("Course Manager/a_Next")): Object: 'Object Repository/Course Manager/a_Next' is clicked on

2020-07-31 15:19:28 - [MESSAGE][PASSED] - Object: 'Object Repository/Course Manager/a_Next' is clicked on

2020-07-31 15:19:28 - [TEST_STEP][PASSED] - click(findTestObject("Course Manager/select_Training Center")): Object: 'Object Repository/Course Manager/select_Training Center' is clicked on

2020-07-31 15:19:30 - [MESSAGE][PASSED] - Object: 'Object Repository/Course Manager/select_Training Center' is clicked on

2020-07-31 15:19:30 - [TEST_STEP][PASSED] - click(findTestObject("Course Manager/Train_center_Value")): Object: 'Object Repository/Course Manager/Train_center_Value' is clicked on

2020-07-31 15:19:30 - [MESSAGE][PASSED] - Object: 'Object Repository/Course Manager/Train_center_Value' is clicked on

2020-07-31 15:19:30 - [TEST_STEP][PASSED] - click(findTestObject("Course Manager/select_Room")): Object: 'Object Repository/Course Manager/select_Room' is clicked on

2020-07-31 15:19:32 - [MESSAGE][PASSED] - Object: 'Object Repository/Course Manager/select_Room' is clicked on

2020-07-31 15:19:32 - [TEST_STEP][PASSED] - click(findTestObject("Course Manager/Room_Value")): Object: 'Object Repository/Course Manager/Room_Value' is clicked on

2020-07-31 15:19:32 - [MESSAGE][PASSED] - Object: 'Object Repository/Course Manager/Room_Value' is clicked on

2020-07-31 15:19:32 - [TEST_STEP][PASSED] - click(findTestObject("Course Manager/a_Next")): Object: 'Object Repository/Course Manager/a_Next' is clicked on

2020-07-31 15:19:33 - [MESSAGE][PASSED] - Object: 'Object Repository/Course Manager/a_Next' is clicked on

2020-07-31 15:19:33 - [TEST_STEP][PASSED] - click(findTestObject("Course Manager/a_ Add Focus Area")): Object: 'Object Repository/Course Manager/a_ Add Focus Area' is clicked on

2020-07-31 15:19:34 - [MESSAGE][PASSED] - Object: 'Object Repository/Course Manager/a_ Add Focus Area' is clicked on

2020-07-31 15:19:34 - [TEST_STEP][PASSED] - click(findTestObject("Course Manager/option_Certification")): Object: 'Object Repository/Course Manager/option_Certification' is clicked on

2020-07-31 15:19:35 - [MESSAGE][PASSED] - Object: 'Object Repository/Course Manager/option_Certification' is clicked on

2020-07-31 15:19:35 - [TEST_STEP][PASSED] - click(findTestObject("Course Manager/button_Submit_FocusArea")): Object: 'Object Repository/Course Manager/button_Submit_FocusArea' is clicked on

2020-07-31 15:19:35 - [MESSAGE][PASSED] - Object: 'Object Repository/Course Manager/button_Submit_FocusArea' is clicked on

2020-07-31 15:19:35 - [TEST_STEP][PASSED] - click(findTestObject("Course Manager/a_Next")): Object: 'Object Repository/Course Manager/a_Next' is clicked on

2020-07-31 15:19:37 - [MESSAGE][PASSED] - Object: 'Object Repository/Course Manager/a_Next' is clicked on

2020-07-31 15:19:37 - [TEST_STEP][PASSED] - click(findTestObject("Course Manager/select_TextBookProvided")): Object: 'Object Repository/Course Manager/select_TextBookProvided' is clicked on

2020-07-31 15:19:39 - [MESSAGE][PASSED] - Object: 'Object Repository/Course Manager/select_TextBookProvided' is clicked on

2020-07-31 15:19:39 - [TEST_STEP][PASSED] - click(findTestObject("Course Manager/option_Yes")): Object: 'Object Repository/Course Manager/option_Yes' is clicked on

2020-07-31 15:19:39 - [MESSAGE][PASSED] - Object: 'Object Repository/Course Manager/option_Yes' is clicked on

2020-07-31 15:19:39 - [TEST_STEP][PASSED] - setText(findTestObject("Course Manager/input_SD_custFiled_30"), "1234512345"): Text '1234512345' is set on object 'Object Repository/Course Manager/input_SD_custFiled_30'

2020-07-31 15:19:40 - [MESSAGE][PASSED] - Text '1234512345' is set on object 'Object Repository/Course Manager/input_SD_custFiled_30'

2020-07-31 15:19:40 - [TEST_STEP][PASSED] - click(findTestObject("Course Manager/input_Migrated Course_custFiled_31")): Object: 'Object Repository/Course Manager/input_Migrated Course_custFiled_31' is clicked on

2020-07-31 15:19:41 - [MESSAGE][PASSED] - Object: 'Object Repository/Course Manager/input_Migrated Course_custFiled_31' is clicked on

2020-07-31 15:19:41 - [TEST_STEP][PASSED] - setText(findTestObject("Course Manager/textarea_Learning Outcomes_custFiled_29"), "This is a test from automation"): Text 'This is a test from automation' is set on object 'Object Repository/Course Manager/textarea_Learning Outcomes_custFiled_29'

2020-07-31 15:19:42 - [MESSAGE][PASSED] - Text 'This is a test from automation' is set on object 'Object Repository/Course Manager/textarea_Learning Outcomes_custFiled_29'

2020-07-31 15:19:42 - [TEST_STEP][PASSED] - click(findTestObject("Course Manager/a_Next")): Object: 'Object Repository/Course Manager/a_Next' is clicked on

2020-07-31 15:19:43 - [MESSAGE][PASSED] - Object: 'Object Repository/Course Manager/a_Next' is clicked on

2020-07-31 15:19:43 - [TEST_STEP][PASSED] - click(findTestObject("Course Manager/a_Next")): Object: 'Object Repository/Course Manager/a_Next' is clicked on

2020-07-31 15:19:44 - [MESSAGE][PASSED] - Object: 'Object Repository/Course Manager/a_Next' is clicked on

2020-07-31 15:19:44 - [TEST_STEP][PASSED] - scrollToElement(findTestObject("Course Manager/input_Seats Expire On_DTRsvSeat"), 0): Scroll to object 'Object Repository/Course Manager/input_Seats Expire On_DTRsvSeat' successfully

2020-07-31 15:19:44 - [MESSAGE][WARNING] - Timeout '0' is invalid. Using default page load timeout: '30'

2020-07-31 15:19:45 - [MESSAGE][PASSED] - Scroll to object 'Object Repository/Course Manager/input_Seats Expire On_DTRsvSeat' successfully

2020-07-31 15:19:45 - [TEST_STEP][PASSED] - click(findTestObject("Course Manager/input_Seats Expire On_DTRsvSeat")): Object: 'Object Repository/Course Manager/input_Seats Expire On_DTRsvSeat' is clicked on

2020-07-31 15:19:46 - [MESSAGE][PASSED] - Object: 'Object Repository/Course Manager/input_Seats Expire On_DTRsvSeat' is clicked on

2020-07-31 15:19:46 - [TEST_STEP][PASSED] - click(findTestObject("Course Manager/button_December_xdsoft_next (Limits)")): Object: 'Object Repository/Course Manager/button_December_xdsoft_next (Limits)' is clicked on

2020-07-31 15:19:47 - [MESSAGE][PASSED] - Object: 'Object Repository/Course Manager/button_December_xdsoft_next (Limits)' is clicked on

2020-07-31 15:19:47 - [TEST_STEP][PASSED] - click(findTestObject("Course Manager/div_31 (Expiry Date)")): Object: 'Object Repository/Course Manager/div_31 (Expiry Date)' is clicked on

2020-07-31 15:19:48 - [MESSAGE][PASSED] - Object: 'Object Repository/Course Manager/div_31 (Expiry Date)' is clicked on

2020-07-31 15:19:48 - [TEST_STEP][PASSED] - click(findTestObject("Course Manager/a_Next")): Object: 'Object Repository/Course Manager/a_Next' is clicked on

2020-07-31 15:19:49 - [MESSAGE][PASSED] - Object: 'Object Repository/Course Manager/a_Next' is clicked on

2020-07-31 15:19:49 - [TEST_STEP][PASSED] - setText(findTestObject("Course Manager/input_Non-Member Fee"), "50.00"): Text '50.00' is set on object 'Object Repository/Course Manager/input_Non-Member Fee'

2020-07-31 15:19:51 - [MESSAGE][PASSED] - Text '50.00' is set on object 'Object Repository/Course Manager/input_Non-Member Fee'

2020-07-31 15:19:51 - [TEST_STEP][PASSED] - setText(findTestObject("Course Manager/input_Member Fee"), "100.00"): Text '100.00' is set on object 'Object Repository/Course Manager/input_Member Fee'

2020-07-31 15:19:52 - [MESSAGE][PASSED] - Text '100.00' is set on object 'Object Repository/Course Manager/input_Member Fee'

2020-07-31 15:19:52 - [TEST_STEP][PASSED] - setText(findTestObject("Course Manager/input_Materials Fee"), "20.00"): Text '20.00' is set on object 'Object Repository/Course Manager/input_Materials Fee'

2020-07-31 15:19:53 - [MESSAGE][PASSED] - Text '20.00' is set on object 'Object Repository/Course Manager/input_Materials Fee'

2020-07-31 15:19:53 - [TEST_STEP][PASSED] - click(findTestObject("Course Manager/a_Next")): Object: 'Object Repository/Course Manager/a_Next' is clicked on

2020-07-31 15:19:54 - [MESSAGE][PASSED] - Object: 'Object Repository/Course Manager/a_Next' is clicked on

2020-07-31 15:19:54 - [TEST_STEP][PASSED] - click(findTestObject("Course Manager/input__generate_start_date")): Object: 'Object Repository/Course Manager/input__generate_start_date' is clicked on

2020-07-31 15:19:55 - [MESSAGE][PASSED] - Object: 'Object Repository/Course Manager/input__generate_start_date' is clicked on

2020-07-31 15:19:55 - [TEST_STEP][PASSED] - click(findTestObject("Course Manager/button_December_xdsoft_next")): Object: 'Object Repository/Course Manager/button_December_xdsoft_next' is clicked on

2020-07-31 15:19:56 - [MESSAGE][PASSED] - Object: 'Object Repository/Course Manager/button_December_xdsoft_next' is clicked on

2020-07-31 15:19:56 - [TEST_STEP][PASSED] - click(findTestObject("Course Manager/div_1 (Sched Start Date)")): Object: 'Object Repository/Course Manager/div_1 (Sched Start Date)' is clicked on

2020-07-31 15:19:57 - [MESSAGE][PASSED] - Object: 'Object Repository/Course Manager/div_1 (Sched Start Date)' is clicked on

2020-07-31 15:19:57 - [TEST_STEP][PASSED] - click(findTestObject("Course Manager/input__generate_end_date")): Object: 'Object Repository/Course Manager/input__generate_end_date' is clicked on

2020-07-31 15:19:57 - [MESSAGE][PASSED] - Object: 'Object Repository/Course Manager/input__generate_end_date' is clicked on

2020-07-31 15:19:57 - [TEST_STEP][PASSED] - click(findTestObject("Course Manager/button_December_xdsoft_next (End Date)")): Object: 'Object Repository/Course Manager/button_December_xdsoft_next (End Date)' is clicked on

2020-07-31 15:19:58 - [MESSAGE][PASSED] - Object: 'Object Repository/Course Manager/button_December_xdsoft_next (End Date)' is clicked on

2020-07-31 15:19:58 - [TEST_STEP][PASSED] - click(findTestObject("Course Manager/div_31 (Sched End Date)")): Object: 'Object Repository/Course Manager/div_31 (Sched End Date)' is clicked on

2020-07-31 15:19:59 - [MESSAGE][PASSED] - Object: 'Object Repository/Course Manager/div_31 (Sched End Date)' is clicked on

2020-07-31 15:19:59 - [TEST_STEP][PASSED] - click(findTestObject("Course Manager/button_Schedule")): Object: 'Object Repository/Course Manager/button_Schedule' is clicked on

2020-07-31 15:20:00 - [MESSAGE][PASSED] - Object: 'Object Repository/Course Manager/button_Schedule' is clicked on

2020-07-31 15:20:00 - [TEST_STEP][PASSED] - click(findTestObject("Course Manager/a_Next")): Object: 'Object Repository/Course Manager/a_Next' is clicked on

2020-07-31 15:20:03 - [MESSAGE][PASSED] - Object: 'Object Repository/Course Manager/a_Next' is clicked on

2020-07-31 15:20:03 - [TEST_STEP][PASSED] - click(findTestObject("Course Manager/a_Next")): Object: 'Object Repository/Course Manager/a_Next' is clicked on

2020-07-31 15:20:05 - [MESSAGE][PASSED] - Object: 'Object Repository/Course Manager/a_Next' is clicked on

2020-07-31 15:20:05 - [TEST_STEP][PASSED] - click(findTestObject("Course Manager/a_ Add Restriction")): Object: 'Object Repository/Course Manager/a_ Add Restriction' is clicked on

2020-07-31 15:20:06 - [MESSAGE][PASSED] - Object: 'Object Repository/Course Manager/a_ Add Restriction' is clicked on

2020-07-31 15:20:06 - [TEST_STEP][PASSED] - setText(findTestObject("Course Manager/input__txtClassEnrollGroupName"), "TEST"): Text 'TEST' is set on object 'Object Repository/Course Manager/input__txtClassEnrollGroupName'

2020-07-31 15:20:08 - [MESSAGE][PASSED] - Text 'TEST' is set on object 'Object Repository/Course Manager/input__txtClassEnrollGroupName'

2020-07-31 15:20:08 - [TEST_STEP][PASSED] - click(findTestObject("Course Manager/option_a_GG test"), STOP_ON_FAILURE): Object: 'Object Repository/Course Manager/option_a_GG test' is clicked on

2020-07-31 15:20:09 - [MESSAGE][PASSED] - Object: 'Object Repository/Course Manager/option_a_GG test' is clicked on

2020-07-31 15:20:09 - [TEST_STEP][PASSED] - setText(findTestObject("Course Manager/input__ClassEnrollGroupLimit"), "10"): Text '10' is set on object 'Object Repository/Course Manager/input__ClassEnrollGroupLimit'

2020-07-31 15:20:10 - [MESSAGE][PASSED] - Text '10' is set on object 'Object Repository/Course Manager/input__ClassEnrollGroupLimit'

2020-07-31 15:20:10 - [TEST_STEP][PASSED] - click(findTestObject("Course Manager/input_Remove Limit After_dtExpiryDate"), STOP_ON_FAILURE): Object: 'Object Repository/Course Manager/input_Remove Limit After_dtExpiryDate' is clicked on

2020-07-31 15:20:11 - [MESSAGE][PASSED] - Object: 'Object Repository/Course Manager/input_Remove Limit After_dtExpiryDate' is clicked on

2020-07-31 15:20:11 - [TEST_STEP][PASSED] - click(findTestObject("Course Manager/div_30"), STOP_ON_FAILURE): Object: 'Object Repository/Course Manager/div_30' is clicked on

2020-07-31 15:20:11 - [MESSAGE][PASSED] - Object: 'Object Repository/Course Manager/div_30' is clicked on

2020-07-31 15:20:11 - [TEST_STEP][PASSED] - click(findTestObject("Course Manager/button_Submit (Restriction)"), STOP_ON_FAILURE): Object: 'Object Repository/Course Manager/button_Submit (Restriction)' is clicked on

2020-07-31 15:20:12 - [MESSAGE][PASSED] - Object: 'Object Repository/Course Manager/button_Submit (Restriction)' is clicked on

2020-07-31 15:20:12 - [TEST_STEP][PASSED] - click(findTestObject("Course Manager/a_Next")): Object: 'Object Repository/Course Manager/a_Next' is clicked on

2020-07-31 15:20:14 - [MESSAGE][PASSED] - Object: 'Object Repository/Course Manager/a_Next' is clicked on

2020-07-31 15:20:14 - [TEST_STEP][PASSED] - click(findTestObject("Course Manager/a_ Target Audience")): Object: 'Object Repository/Course Manager/a_ Target Audience' is clicked on

2020-07-31 15:20:15 - [MESSAGE][PASSED] - Object: 'Object Repository/Course Manager/a_ Target Audience' is clicked on

2020-07-31 15:20:15 - [TEST_STEP][PASSED] - click(findTestObject("Course Manager/option_Paraprofessionals")): Object: 'Object Repository/Course Manager/option_Paraprofessionals' is clicked on

2020-07-31 15:20:16 - [MESSAGE][PASSED] - Object: 'Object Repository/Course Manager/option_Paraprofessionals' is clicked on

2020-07-31 15:20:16 - [TEST_STEP][PASSED] - click(findTestObject("Course Manager/button_Submit (Target Audience)")): Object: 'Object Repository/Course Manager/button_Submit (Target Audience)' is clicked on

2020-07-31 15:20:17 - [MESSAGE][PASSED] - Object: 'Object Repository/Course Manager/button_Submit (Target Audience)' is clicked on

2020-07-31 15:20:17 - [TEST_STEP][PASSED] - click(findTestObject("Course Manager/a_Next")): Object: 'Object Repository/Course Manager/a_Next' is clicked on

2020-07-31 15:20:19 - [MESSAGE][PASSED] - Object: 'Object Repository/Course Manager/a_Next' is clicked on

2020-07-31 15:20:19 - [TEST_STEP][PASSED] - click(findTestObject("Course Manager/a_ Rubric")): Object: 'Object Repository/Course Manager/a_ Rubric' is clicked on

2020-07-31 15:20:20 - [MESSAGE][PASSED] - Object: 'Object Repository/Course Manager/a_ Rubric' is clicked on

2020-07-31 15:20:20 - [TEST_STEP][PASSED] - click(findTestObject("Course Manager/select_Rubric")): Object: 'Object Repository/Course Manager/select_Rubric' is clicked on

2020-07-31 15:20:21 - [MESSAGE][PASSED] - Object: 'Object Repository/Course Manager/select_Rubric' is clicked on

2020-07-31 15:20:21 - [TEST_STEP][PASSED] - click(findTestObject("Course Manager/option_Admin")): Object: 'Object Repository/Course Manager/option_Admin' is clicked on

2020-07-31 15:20:21 - [MESSAGE][PASSED] - Object: 'Object Repository/Course Manager/option_Admin' is clicked on

2020-07-31 15:20:21 - [TEST_STEP][PASSED] - click(findTestObject("Course Manager/select_Domain")): Object: 'Object Repository/Course Manager/select_Domain' is clicked on

2020-07-31 15:20:23 - [MESSAGE][PASSED] - Object: 'Object Repository/Course Manager/select_Domain' is clicked on

2020-07-31 15:20:23 - [TEST_STEP][PASSED] - click(findTestObject("Course Manager/option_Planning")): Object: 'Object Repository/Course Manager/option_Planning' is clicked on

2020-07-31 15:20:23 - [MESSAGE][PASSED] - Object: 'Object Repository/Course Manager/option_Planning' is clicked on

2020-07-31 15:20:23 - [TEST_STEP][PASSED] - click(findTestObject("Course Manager/option_sample"), STOP_ON_FAILURE): Object: 'Object Repository/Course Manager/option_sample' is clicked on

2020-07-31 15:20:24 - [MESSAGE][PASSED] - Object: 'Object Repository/Course Manager/option_sample' is clicked on

2020-07-31 15:20:24 - [TEST_STEP][PASSED] - click(findTestObject("Course Manager/button_Submit (Rubric)")): Object: 'Object Repository/Course Manager/button_Submit (Rubric)' is clicked on

2020-07-31 15:20:25 - [MESSAGE][PASSED] - Object: 'Object Repository/Course Manager/button_Submit (Rubric)' is clicked on

2020-07-31 15:20:25 - [TEST_STEP][PASSED] - click(findTestObject("Course Manager/a_Next")): Object: 'Object Repository/Course Manager/a_Next' is clicked on

2020-07-31 15:20:28 - [MESSAGE][PASSED] - Object: 'Object Repository/Course Manager/a_Next' is clicked on

2020-07-31 15:20:28 - [TEST_STEP][PASSED] - click(findTestObject("Course Manager/a_Next")): Object: 'Object Repository/Course Manager/a_Next' is clicked on

2020-07-31 15:20:30 - [MESSAGE][PASSED] - Object: 'Object Repository/Course Manager/a_Next' is clicked on

2020-07-31 15:20:30 - [TEST_STEP][PASSED] - click(findTestObject("Course Manager/a_Next")): Object: 'Object Repository/Course Manager/a_Next' is clicked on

2020-07-31 15:20:32 - [MESSAGE][PASSED] - Object: 'Object Repository/Course Manager/a_Next' is clicked on

2020-07-31 15:20:32 - [TEST_STEP][PASSED] - click(findTestObject("Course Manager/a_Finish")): Object: 'Object Repository/Course Manager/a_Finish' is clicked on

2020-07-31 15:20:33 - [MESSAGE][PASSED] - Object: 'Object Repository/Course Manager/a_Finish' is clicked on

2020-07-31 15:20:33 - [TEST_STEP][PASSED] - click(findTestObject("Course Manager/a_Course Manager")): Object: 'Object Repository/Course Manager/a_Course Manager' is clicked on

2020-07-31 15:20:41 - [MESSAGE][PASSED] - Object: 'Object Repository/Course Manager/a_Course Manager' is clicked on]]></system-out>
         <system-err><![CDATA[]]></system-err>
      </testcase>
      <testcase name="Test Cases/Course Manager/TC-011-CM-Creating Course with Payment" time="109.426" classname="Test Cases/Course Manager/TC-011-CM-Creating Course with Payment" status="FAILED">
         <failure type="FAILED" message="Test Cases/Course Manager/TC-011-CM-Creating Course with Payment FAILED.
Reason:
com.kms.katalon.core.exception.StepFailedException: Unable to click on object 'Object Repository/Course Manager/option_sample'
	at com.kms.katalon.core.webui.keyword.internal.WebUIKeywordMain.stepFailed(WebUIKeywordMain.groovy:64)
	at com.kms.katalon.core.webui.keyword.internal.WebUIKeywordMain.runKeyword(WebUIKeywordMain.groovy:26)
	at com.kms.katalon.core.webui.keyword.builtin.ClickKeyword.click(ClickKeyword.groovy:76)
	at com.kms.katalon.core.webui.keyword.builtin.ClickKeyword.execute(ClickKeyword.groovy:43)
	at com.kms.katalon.core.keyword.internal.KeywordExecutor.executeKeywordForPlatform(KeywordExecutor.groovy:72)
	at com.kms.katalon.core.webui.keyword.WebUiBuiltInKeywords.click(WebUiBuiltInKeywords.groovy:604)
	at com.kms.katalon.core.webui.keyword.WebUiBuiltInKeywords$click$11.call(Unknown Source)
	at TC-011-CM-Creating Course with Payment.run(TC-011-CM-Creating Course with Payment:158)
	at com.kms.katalon.core.main.ScriptEngine.run(ScriptEngine.java:194)
	at com.kms.katalon.core.main.ScriptEngine.runScriptAsRawText(ScriptEngine.java:119)
	at com.kms.katalon.core.main.TestCaseExecutor.runScript(TestCaseExecutor.java:337)
	at com.kms.katalon.core.main.TestCaseExecutor.doExecute(TestCaseExecutor.java:328)
	at com.kms.katalon.core.main.TestCaseExecutor.processExecutionPhase(TestCaseExecutor.java:307)
	at com.kms.katalon.core.main.TestCaseExecutor.accessMainPhase(TestCaseExecutor.java:299)
	at com.kms.katalon.core.main.TestCaseExecutor.execute(TestCaseExecutor.java:233)
	at com.kms.katalon.core.main.TestSuiteExecutor.accessTestCaseMainPhase(TestSuiteExecutor.java:169)
	at com.kms.katalon.core.main.TestSuiteExecutor.accessTestSuiteMainPhase(TestSuiteExecutor.java:142)
	at com.kms.katalon.core.main.TestSuiteExecutor.execute(TestSuiteExecutor.java:91)
	at com.kms.katalon.core.main.TestCaseMain.startTestSuite(TestCaseMain.java:157)
	at com.kms.katalon.core.main.TestCaseMain$startTestSuite$0.call(Unknown Source)
	at TempTestSuite1596179658951.run(TempTestSuite1596179658951.groovy:37)
Caused by: org.openqa.selenium.ElementNotInteractableException: element not interactable: Element is not currently visible and may not be manipulated
  (Session info: chrome=84.0.4147.105)
Build info: version: '3.141.59', revision: 'e82be7d358', time: '2018-11-14T08:25:53'
System info: host: 'DESKTOP-604KTOQ', ip: '192.168.254.106', os.name: 'Windows 10', os.arch: 'amd64', os.version: '10.0', java.version: '1.8.0_181'
Driver info: com.kms.katalon.selenium.driver.CChromeDriver
Capabilities {acceptInsecureCerts: false, browserName: chrome, browserVersion: 84.0.4147.105, chrome: {chromedriverVersion: 83.0.4103.39 (ccbf011cb2d2b..., userDataDir: C:\Users\Kim\AppData\Local\...}, goog:chromeOptions: {debuggerAddress: localhost:60016}, javascriptEnabled: true, networkConnectionEnabled: false, pageLoadStrategy: normal, platform: WINDOWS, platformName: WINDOWS, proxy: Proxy(), setWindowRect: true, strictFileInteractability: false, timeouts: {implicit: 0, pageLoad: 300000, script: 30000}, unhandledPromptBehavior: dismiss and notify, webauthn:virtualAuthenticators: true}
Session ID: e2d4d0a12c5e93fb3597db238d984301
	at org.openqa.selenium.remote.http.W3CHttpResponseCodec.createException(W3CHttpResponseCodec.java:187)
	at org.openqa.selenium.remote.http.W3CHttpResponseCodec.decode(W3CHttpResponseCodec.java:122)
	at org.openqa.selenium.remote.http.W3CHttpResponseCodec.decode(W3CHttpResponseCodec.java:49)
	at org.openqa.selenium.remote.HttpCommandExecutor.execute(HttpCommandExecutor.java:158)
	at org.openqa.selenium.remote.service.DriverCommandExecutor.execute(DriverCommandExecutor.java:83)
	at org.openqa.selenium.remote.RemoteWebDriver.execute(RemoteWebDriver.java:552)
	at com.kms.katalon.selenium.driver.CChromeDriver.execute(CChromeDriver.java:19)
	at org.openqa.selenium.remote.RemoteWebElement.execute(RemoteWebElement.java:285)
	at org.openqa.selenium.remote.RemoteWebElement.click(RemoteWebElement.java:84)
	at org.openqa.selenium.support.events.EventFiringWebDriver$EventFiringWebElement.lambda$new$0(EventFiringWebDriver.java:404)
	at com.sun.proxy.$Proxy10.click(Unknown Source)
	at org.openqa.selenium.support.events.EventFiringWebDriver$EventFiringWebElement.click(EventFiringWebDriver.java:417)
	at com.kms.katalon.core.webui.keyword.builtin.ClickKeyword$_click_closure1.doCall(ClickKeyword.groovy:69)
	at com.kms.katalon.core.webui.keyword.builtin.ClickKeyword$_click_closure1.call(ClickKeyword.groovy)
	at com.kms.katalon.core.webui.keyword.internal.WebUIKeywordMain.runKeyword(WebUIKeywordMain.groovy:20)
	... 19 more
"/>
         <system-out><![CDATA[2020-07-31 15:20:41 - [TEST_CASE][FAILED] - Test Cases/Course Manager/TC-011-CM-Creating Course with Payment: Test Cases/Course Manager/TC-011-CM-Creating Course with Payment FAILED.
Reason:
com.kms.katalon.core.exception.StepFailedException: Unable to click on object 'Object Repository/Course Manager/option_sample'
	at com.kms.katalon.core.webui.keyword.internal.WebUIKeywordMain.stepFailed(WebUIKeywordMain.groovy:64)
	at com.kms.katalon.core.webui.keyword.internal.WebUIKeywordMain.runKeyword(WebUIKeywordMain.groovy:26)
	at com.kms.katalon.core.webui.keyword.builtin.ClickKeyword.click(ClickKeyword.groovy:76)
	at com.kms.katalon.core.webui.keyword.builtin.ClickKeyword.execute(ClickKeyword.groovy:43)
	at com.kms.katalon.core.keyword.internal.KeywordExecutor.executeKeywordForPlatform(KeywordExecutor.groovy:72)
	at com.kms.katalon.core.webui.keyword.WebUiBuiltInKeywords.click(WebUiBuiltInKeywords.groovy:604)
	at com.kms.katalon.core.webui.keyword.WebUiBuiltInKeywords$click$11.call(Unknown Source)
	at TC-011-CM-Creating Course with Payment.run(TC-011-CM-Creating Course with Payment:158)
	at com.kms.katalon.core.main.ScriptEngine.run(ScriptEngine.java:194)
	at com.kms.katalon.core.main.ScriptEngine.runScriptAsRawText(ScriptEngine.java:119)
	at com.kms.katalon.core.main.TestCaseExecutor.runScript(TestCaseExecutor.java:337)
	at com.kms.katalon.core.main.TestCaseExecutor.doExecute(TestCaseExecutor.java:328)
	at com.kms.katalon.core.main.TestCaseExecutor.processExecutionPhase(TestCaseExecutor.java:307)
	at com.kms.katalon.core.main.TestCaseExecutor.accessMainPhase(TestCaseExecutor.java:299)
	at com.kms.katalon.core.main.TestCaseExecutor.execute(TestCaseExecutor.java:233)
	at com.kms.katalon.core.main.TestSuiteExecutor.accessTestCaseMainPhase(TestSuiteExecutor.java:169)
	at com.kms.katalon.core.main.TestSuiteExecutor.accessTestSuiteMainPhase(TestSuiteExecutor.java:142)
	at com.kms.katalon.core.main.TestSuiteExecutor.execute(TestSuiteExecutor.java:91)
	at com.kms.katalon.core.main.TestCaseMain.startTestSuite(TestCaseMain.java:157)
	at com.kms.katalon.core.main.TestCaseMain$startTestSuite$0.call(Unknown Source)
	at TempTestSuite1596179658951.run(TempTestSuite1596179658951.groovy:37)
Caused by: org.openqa.selenium.ElementNotInteractableException: element not interactable: Element is not currently visible and may not be manipulated
  (Session info: chrome=84.0.4147.105)
Build info: version: '3.141.59', revision: 'e82be7d358', time: '2018-11-14T08:25:53'
System info: host: 'DESKTOP-604KTOQ', ip: '192.168.254.106', os.name: 'Windows 10', os.arch: 'amd64', os.version: '10.0', java.version: '1.8.0_181'
Driver info: com.kms.katalon.selenium.driver.CChromeDriver
Capabilities {acceptInsecureCerts: false, browserName: chrome, browserVersion: 84.0.4147.105, chrome: {chromedriverVersion: 83.0.4103.39 (ccbf011cb2d2b..., userDataDir: C:\Users\Kim\AppData\Local\...}, goog:chromeOptions: {debuggerAddress: localhost:60016}, javascriptEnabled: true, networkConnectionEnabled: false, pageLoadStrategy: normal, platform: WINDOWS, platformName: WINDOWS, proxy: Proxy(), setWindowRect: true, strictFileInteractability: false, timeouts: {implicit: 0, pageLoad: 300000, script: 30000}, unhandledPromptBehavior: dismiss and notify, webauthn:virtualAuthenticators: true}
Session ID: e2d4d0a12c5e93fb3597db238d984301
	at org.openqa.selenium.remote.http.W3CHttpResponseCodec.createException(W3CHttpResponseCodec.java:187)
	at org.openqa.selenium.remote.http.W3CHttpResponseCodec.decode(W3CHttpResponseCodec.java:122)
	at org.openqa.selenium.remote.http.W3CHttpResponseCodec.decode(W3CHttpResponseCodec.java:49)
	at org.openqa.selenium.remote.HttpCommandExecutor.execute(HttpCommandExecutor.java:158)
	at org.openqa.selenium.remote.service.DriverCommandExecutor.execute(DriverCommandExecutor.java:83)
	at org.openqa.selenium.remote.RemoteWebDriver.execute(RemoteWebDriver.java:552)
	at com.kms.katalon.selenium.driver.CChromeDriver.execute(CChromeDriver.java:19)
	at org.openqa.selenium.remote.RemoteWebElement.execute(RemoteWebElement.java:285)
	at org.openqa.selenium.remote.RemoteWebElement.click(RemoteWebElement.java:84)
	at org.openqa.selenium.support.events.EventFiringWebDriver$EventFiringWebElement.lambda$new$0(EventFiringWebDriver.java:404)
	at com.sun.proxy.$Proxy10.click(Unknown Source)
	at org.openqa.selenium.support.events.EventFiringWebDriver$EventFiringWebElement.click(EventFiringWebDriver.java:417)
	at com.kms.katalon.core.webui.keyword.builtin.ClickKeyword$_click_closure1.doCall(ClickKeyword.groovy:69)
	at com.kms.katalon.core.webui.keyword.builtin.ClickKeyword$_click_closure1.call(ClickKeyword.groovy)
	at com.kms.katalon.core.webui.keyword.internal.WebUIKeywordMain.runKeyword(WebUIKeywordMain.groovy:20)
	... 19 more


2020-07-31 15:20:42 - [TEST_STEP][PASSED] - click(findTestObject("Course Manager/button_New")): Object: 'Object Repository/Course Manager/button_New' is clicked on

2020-07-31 15:20:45 - [MESSAGE][PASSED] - Object: 'Object Repository/Course Manager/button_New' is clicked on

2020-07-31 15:20:45 - [TEST_STEP][PASSED] - setText(findTestObject("Course Manager/input__txtTitle"), "Comp-101"): Text 'Comp-101' is set on object 'Object Repository/Course Manager/input__txtTitle'

2020-07-31 15:20:46 - [MESSAGE][PASSED] - Text 'Comp-101' is set on object 'Object Repository/Course Manager/input__txtTitle'

2020-07-31 15:20:46 - [TEST_STEP][PASSED] - selectOptionByValue(findTestObject("Object Repository/Course Manager/select_Choose                              _822a55"), "2", true): All options with value '2' are selected in object 'Object Repository/Course Manager/select_Choose                              _822a55'  using regular expression

2020-07-31 15:20:47 - [MESSAGE][PASSED] - All options with value '2' are selected in object 'Object Repository/Course Manager/select_Choose                              _822a55'  using regular expression

2020-07-31 15:20:47 - [TEST_STEP][PASSED] - selectOptionByValue(findTestObject("Object Repository/Course Manager/select_ChooseBlended Learning (OnlineFace-t_17004a"), "175", true): All options with value '175' are selected in object 'Object Repository/Course Manager/select_ChooseBlended Learning (OnlineFace-t_17004a'  using regular expression

2020-07-31 15:20:49 - [MESSAGE][PASSED] - All options with value '175' are selected in object 'Object Repository/Course Manager/select_ChooseBlended Learning (OnlineFace-t_17004a'  using regular expression

2020-07-31 15:20:49 - [TEST_STEP][PASSED] - selectOptionByValue(findTestObject("Object Repository/Course Manager/select_Choose                              _ed4c48"), "11", true): All options with value '11' are selected in object 'Object Repository/Course Manager/select_Choose                              _ed4c48'  using regular expression

2020-07-31 15:20:50 - [MESSAGE][PASSED] - All options with value '11' are selected in object 'Object Repository/Course Manager/select_Choose                              _ed4c48'  using regular expression

2020-07-31 15:20:50 - [TEST_STEP][PASSED] - click(findTestObject("Course Manager/a_Next")): Object: 'Object Repository/Course Manager/a_Next' is clicked on

2020-07-31 15:20:51 - [MESSAGE][PASSED] - Object: 'Object Repository/Course Manager/a_Next' is clicked on

2020-07-31 15:20:51 - [TEST_STEP][PASSED] - delay(2): Delayed 2 second(s)

2020-07-31 15:20:53 - [MESSAGE][PASSED] - Delayed 2 second(s)

2020-07-31 15:20:53 - [TEST_STEP][PASSED] - test.fileUpload.uploadFile(findTestObject("Course Manager/input_BROWSE_test"), "C:\Users\Kim\Downloads\depositphotos_180736330-stock-illustration-logo-quality-assurance-qa-testing.jpg"): test.fileUpload.uploadFile is PASSED

2020-07-31 15:20:54 - [MESSAGE][PASSED] - Object: 'Object Repository/Course Manager/input_BROWSE_test' is clicked on

2020-07-31 15:20:54 - [MESSAGE][PASSED] - test.fileUpload.uploadFile is PASSED

2020-07-31 15:20:54 - [TEST_STEP][PASSED] - setText(findTestObject("Course Manager/textarea_Course Desciption"), "This is a test description"): Text 'This is a test description' is set on object 'Object Repository/Course Manager/textarea_Course Desciption'

2020-07-31 15:20:55 - [MESSAGE][PASSED] - Text 'This is a test description' is set on object 'Object Repository/Course Manager/textarea_Course Desciption'

2020-07-31 15:20:55 - [TEST_STEP][PASSED] - click(findTestObject("Course Manager/a_Next")): Object: 'Object Repository/Course Manager/a_Next' is clicked on

2020-07-31 15:20:56 - [MESSAGE][PASSED] - Object: 'Object Repository/Course Manager/a_Next' is clicked on

2020-07-31 15:20:56 - [TEST_STEP][PASSED] - delay(2): Delayed 2 second(s)

2020-07-31 15:20:58 - [MESSAGE][PASSED] - Delayed 2 second(s)

2020-07-31 15:20:58 - [TEST_STEP][PASSED] - click(findTestObject("Course Manager/a_ Add Instructor")): Object: 'Object Repository/Course Manager/a_ Add Instructor' is clicked on

2020-07-31 15:20:59 - [MESSAGE][PASSED] - Object: 'Object Repository/Course Manager/a_ Add Instructor' is clicked on

2020-07-31 15:20:59 - [TEST_STEP][PASSED] - setText(findTestObject("Course Manager/input__txtInstructor"), "Lauro E"): Text 'Lauro E' is set on object 'Object Repository/Course Manager/input__txtInstructor'

2020-07-31 15:21:00 - [MESSAGE][PASSED] - Text 'Lauro E' is set on object 'Object Repository/Course Manager/input__txtInstructor'

2020-07-31 15:21:00 - [TEST_STEP][PASSED] - click(findTestObject("Course Manager/a_Lauro Eguia")): Object: 'Object Repository/Course Manager/a_Lauro Eguia' is clicked on

2020-07-31 15:21:02 - [MESSAGE][PASSED] - Object: 'Object Repository/Course Manager/a_Lauro Eguia' is clicked on

2020-07-31 15:21:02 - [TEST_STEP][PASSED] - delay(3): Delayed 3 second(s)

2020-07-31 15:21:05 - [MESSAGE][PASSED] - Delayed 3 second(s)

2020-07-31 15:21:05 - [TEST_STEP][PASSED] - click(findTestObject("Course Manager/button_Submit")): Object: 'Object Repository/Course Manager/button_Submit' is clicked on

2020-07-31 15:21:05 - [MESSAGE][PASSED] - Object: 'Object Repository/Course Manager/button_Submit' is clicked on

2020-07-31 15:21:05 - [TEST_STEP][PASSED] - click(findTestObject("Course Manager/a_Next")): Object: 'Object Repository/Course Manager/a_Next' is clicked on

2020-07-31 15:21:07 - [MESSAGE][PASSED] - Object: 'Object Repository/Course Manager/a_Next' is clicked on

2020-07-31 15:21:07 - [TEST_STEP][PASSED] - click(findTestObject("Course Manager/select_Training Center")): Object: 'Object Repository/Course Manager/select_Training Center' is clicked on

2020-07-31 15:21:08 - [MESSAGE][PASSED] - Object: 'Object Repository/Course Manager/select_Training Center' is clicked on

2020-07-31 15:21:08 - [TEST_STEP][PASSED] - click(findTestObject("Course Manager/Train_center_Value")): Object: 'Object Repository/Course Manager/Train_center_Value' is clicked on

2020-07-31 15:21:09 - [MESSAGE][PASSED] - Object: 'Object Repository/Course Manager/Train_center_Value' is clicked on

2020-07-31 15:21:09 - [TEST_STEP][PASSED] - click(findTestObject("Course Manager/select_Room")): Object: 'Object Repository/Course Manager/select_Room' is clicked on

2020-07-31 15:21:10 - [MESSAGE][PASSED] - Object: 'Object Repository/Course Manager/select_Room' is clicked on

2020-07-31 15:21:10 - [TEST_STEP][PASSED] - click(findTestObject("Course Manager/Room_Value")): Object: 'Object Repository/Course Manager/Room_Value' is clicked on

2020-07-31 15:21:10 - [MESSAGE][PASSED] - Object: 'Object Repository/Course Manager/Room_Value' is clicked on

2020-07-31 15:21:10 - [TEST_STEP][PASSED] - click(findTestObject("Course Manager/a_Next")): Object: 'Object Repository/Course Manager/a_Next' is clicked on

2020-07-31 15:21:11 - [MESSAGE][PASSED] - Object: 'Object Repository/Course Manager/a_Next' is clicked on

2020-07-31 15:21:11 - [TEST_STEP][PASSED] - click(findTestObject("Course Manager/a_ Add Focus Area")): Object: 'Object Repository/Course Manager/a_ Add Focus Area' is clicked on

2020-07-31 15:21:12 - [MESSAGE][PASSED] - Object: 'Object Repository/Course Manager/a_ Add Focus Area' is clicked on

2020-07-31 15:21:12 - [TEST_STEP][PASSED] - click(findTestObject("Course Manager/option_Certification")): Object: 'Object Repository/Course Manager/option_Certification' is clicked on

2020-07-31 15:21:13 - [MESSAGE][PASSED] - Object: 'Object Repository/Course Manager/option_Certification' is clicked on

2020-07-31 15:21:13 - [TEST_STEP][PASSED] - click(findTestObject("Course Manager/button_Submit_FocusArea")): Object: 'Object Repository/Course Manager/button_Submit_FocusArea' is clicked on

2020-07-31 15:21:14 - [MESSAGE][PASSED] - Object: 'Object Repository/Course Manager/button_Submit_FocusArea' is clicked on

2020-07-31 15:21:14 - [TEST_STEP][PASSED] - click(findTestObject("Course Manager/a_Next")): Object: 'Object Repository/Course Manager/a_Next' is clicked on

2020-07-31 15:21:15 - [MESSAGE][PASSED] - Object: 'Object Repository/Course Manager/a_Next' is clicked on

2020-07-31 15:21:15 - [TEST_STEP][PASSED] - click(findTestObject("Course Manager/select_TextBookProvided")): Object: 'Object Repository/Course Manager/select_TextBookProvided' is clicked on

2020-07-31 15:21:17 - [MESSAGE][PASSED] - Object: 'Object Repository/Course Manager/select_TextBookProvided' is clicked on

2020-07-31 15:21:17 - [TEST_STEP][PASSED] - click(findTestObject("Course Manager/option_Yes")): Object: 'Object Repository/Course Manager/option_Yes' is clicked on

2020-07-31 15:21:17 - [MESSAGE][PASSED] - Object: 'Object Repository/Course Manager/option_Yes' is clicked on

2020-07-31 15:21:17 - [TEST_STEP][PASSED] - setText(findTestObject("Course Manager/input_SD_custFiled_30"), "1234512345"): Text '1234512345' is set on object 'Object Repository/Course Manager/input_SD_custFiled_30'

2020-07-31 15:21:18 - [MESSAGE][PASSED] - Text '1234512345' is set on object 'Object Repository/Course Manager/input_SD_custFiled_30'

2020-07-31 15:21:18 - [TEST_STEP][PASSED] - click(findTestObject("Course Manager/input_Migrated Course_custFiled_31")): Object: 'Object Repository/Course Manager/input_Migrated Course_custFiled_31' is clicked on

2020-07-31 15:21:19 - [MESSAGE][PASSED] - Object: 'Object Repository/Course Manager/input_Migrated Course_custFiled_31' is clicked on

2020-07-31 15:21:19 - [TEST_STEP][PASSED] - setText(findTestObject("Course Manager/textarea_Learning Outcomes_custFiled_29"), "This is a test from automation"): Text 'This is a test from automation' is set on object 'Object Repository/Course Manager/textarea_Learning Outcomes_custFiled_29'

2020-07-31 15:21:20 - [MESSAGE][PASSED] - Text 'This is a test from automation' is set on object 'Object Repository/Course Manager/textarea_Learning Outcomes_custFiled_29'

2020-07-31 15:21:20 - [TEST_STEP][PASSED] - click(findTestObject("Course Manager/a_Next")): Object: 'Object Repository/Course Manager/a_Next' is clicked on

2020-07-31 15:21:21 - [MESSAGE][PASSED] - Object: 'Object Repository/Course Manager/a_Next' is clicked on

2020-07-31 15:21:21 - [TEST_STEP][PASSED] - click(findTestObject("Course Manager/a_Next")): Object: 'Object Repository/Course Manager/a_Next' is clicked on

2020-07-31 15:21:22 - [MESSAGE][PASSED] - Object: 'Object Repository/Course Manager/a_Next' is clicked on

2020-07-31 15:21:22 - [TEST_STEP][PASSED] - scrollToElement(findTestObject("Course Manager/input_Seats Expire On_DTRsvSeat"), 0): Scroll to object 'Object Repository/Course Manager/input_Seats Expire On_DTRsvSeat' successfully

2020-07-31 15:21:22 - [MESSAGE][WARNING] - Timeout '0' is invalid. Using default page load timeout: '30'

2020-07-31 15:21:23 - [MESSAGE][PASSED] - Scroll to object 'Object Repository/Course Manager/input_Seats Expire On_DTRsvSeat' successfully

2020-07-31 15:21:23 - [TEST_STEP][PASSED] - click(findTestObject("Course Manager/input_Seats Expire On_DTRsvSeat")): Object: 'Object Repository/Course Manager/input_Seats Expire On_DTRsvSeat' is clicked on

2020-07-31 15:21:24 - [MESSAGE][PASSED] - Object: 'Object Repository/Course Manager/input_Seats Expire On_DTRsvSeat' is clicked on

2020-07-31 15:21:24 - [TEST_STEP][PASSED] - click(findTestObject("Course Manager/button_December_xdsoft_next (Limits)")): Object: 'Object Repository/Course Manager/button_December_xdsoft_next (Limits)' is clicked on

2020-07-31 15:21:25 - [MESSAGE][PASSED] - Object: 'Object Repository/Course Manager/button_December_xdsoft_next (Limits)' is clicked on

2020-07-31 15:21:25 - [TEST_STEP][PASSED] - click(findTestObject("Course Manager/div_31 (Expiry Date)")): Object: 'Object Repository/Course Manager/div_31 (Expiry Date)' is clicked on

2020-07-31 15:21:26 - [MESSAGE][PASSED] - Object: 'Object Repository/Course Manager/div_31 (Expiry Date)' is clicked on

2020-07-31 15:21:26 - [TEST_STEP][PASSED] - click(findTestObject("Course Manager/a_Next")): Object: 'Object Repository/Course Manager/a_Next' is clicked on

2020-07-31 15:21:27 - [MESSAGE][PASSED] - Object: 'Object Repository/Course Manager/a_Next' is clicked on

2020-07-31 15:21:27 - [TEST_STEP][PASSED] - setText(findTestObject("Course Manager/input_Non-Member Fee"), "50.00"): Text '50.00' is set on object 'Object Repository/Course Manager/input_Non-Member Fee'

2020-07-31 15:21:29 - [MESSAGE][PASSED] - Text '50.00' is set on object 'Object Repository/Course Manager/input_Non-Member Fee'

2020-07-31 15:21:29 - [TEST_STEP][PASSED] - setText(findTestObject("Course Manager/input_Member Fee"), "100.00"): Text '100.00' is set on object 'Object Repository/Course Manager/input_Member Fee'

2020-07-31 15:21:30 - [MESSAGE][PASSED] - Text '100.00' is set on object 'Object Repository/Course Manager/input_Member Fee'

2020-07-31 15:21:30 - [TEST_STEP][PASSED] - setText(findTestObject("Course Manager/input_Materials Fee"), "20.00"): Text '20.00' is set on object 'Object Repository/Course Manager/input_Materials Fee'

2020-07-31 15:21:31 - [MESSAGE][PASSED] - Text '20.00' is set on object 'Object Repository/Course Manager/input_Materials Fee'

2020-07-31 15:21:31 - [TEST_STEP][PASSED] - click(findTestObject("Course Manager/a_Next")): Object: 'Object Repository/Course Manager/a_Next' is clicked on

2020-07-31 15:21:32 - [MESSAGE][PASSED] - Object: 'Object Repository/Course Manager/a_Next' is clicked on

2020-07-31 15:21:32 - [TEST_STEP][PASSED] - click(findTestObject("Course Manager/input__generate_start_date")): Object: 'Object Repository/Course Manager/input__generate_start_date' is clicked on

2020-07-31 15:21:34 - [MESSAGE][PASSED] - Object: 'Object Repository/Course Manager/input__generate_start_date' is clicked on

2020-07-31 15:21:34 - [TEST_STEP][PASSED] - click(findTestObject("Course Manager/button_December_xdsoft_next")): Object: 'Object Repository/Course Manager/button_December_xdsoft_next' is clicked on

2020-07-31 15:21:34 - [MESSAGE][PASSED] - Object: 'Object Repository/Course Manager/button_December_xdsoft_next' is clicked on

2020-07-31 15:21:34 - [TEST_STEP][PASSED] - click(findTestObject("Course Manager/div_1 (Sched Start Date)")): Object: 'Object Repository/Course Manager/div_1 (Sched Start Date)' is clicked on

2020-07-31 15:21:35 - [MESSAGE][PASSED] - Object: 'Object Repository/Course Manager/div_1 (Sched Start Date)' is clicked on

2020-07-31 15:21:35 - [TEST_STEP][PASSED] - click(findTestObject("Course Manager/input__generate_end_date")): Object: 'Object Repository/Course Manager/input__generate_end_date' is clicked on

2020-07-31 15:21:36 - [MESSAGE][PASSED] - Object: 'Object Repository/Course Manager/input__generate_end_date' is clicked on

2020-07-31 15:21:36 - [TEST_STEP][PASSED] - click(findTestObject("Course Manager/button_December_xdsoft_next (End Date)")): Object: 'Object Repository/Course Manager/button_December_xdsoft_next (End Date)' is clicked on

2020-07-31 15:21:36 - [MESSAGE][PASSED] - Object: 'Object Repository/Course Manager/button_December_xdsoft_next (End Date)' is clicked on

2020-07-31 15:21:36 - [TEST_STEP][PASSED] - click(findTestObject("Course Manager/div_31 (Sched End Date)")): Object: 'Object Repository/Course Manager/div_31 (Sched End Date)' is clicked on

2020-07-31 15:21:37 - [MESSAGE][PASSED] - Object: 'Object Repository/Course Manager/div_31 (Sched End Date)' is clicked on

2020-07-31 15:21:37 - [TEST_STEP][PASSED] - click(findTestObject("Course Manager/button_Schedule")): Object: 'Object Repository/Course Manager/button_Schedule' is clicked on

2020-07-31 15:21:38 - [MESSAGE][PASSED] - Object: 'Object Repository/Course Manager/button_Schedule' is clicked on

2020-07-31 15:21:38 - [TEST_STEP][PASSED] - click(findTestObject("Course Manager/a_Next")): Object: 'Object Repository/Course Manager/a_Next' is clicked on

2020-07-31 15:21:40 - [MESSAGE][PASSED] - Object: 'Object Repository/Course Manager/a_Next' is clicked on

2020-07-31 15:21:40 - [TEST_STEP][PASSED] - click(findTestObject("Course Manager/a_Next")): Object: 'Object Repository/Course Manager/a_Next' is clicked on

2020-07-31 15:21:42 - [MESSAGE][PASSED] - Object: 'Object Repository/Course Manager/a_Next' is clicked on

2020-07-31 15:21:42 - [TEST_STEP][PASSED] - click(findTestObject("Course Manager/a_ Add Restriction")): Object: 'Object Repository/Course Manager/a_ Add Restriction' is clicked on

2020-07-31 15:21:43 - [MESSAGE][PASSED] - Object: 'Object Repository/Course Manager/a_ Add Restriction' is clicked on

2020-07-31 15:21:43 - [TEST_STEP][PASSED] - setText(findTestObject("Course Manager/input__txtClassEnrollGroupName"), "TEST"): Text 'TEST' is set on object 'Object Repository/Course Manager/input__txtClassEnrollGroupName'

2020-07-31 15:21:44 - [MESSAGE][PASSED] - Text 'TEST' is set on object 'Object Repository/Course Manager/input__txtClassEnrollGroupName'

2020-07-31 15:21:44 - [TEST_STEP][PASSED] - click(findTestObject("Course Manager/option_a_GG test"), STOP_ON_FAILURE): Object: 'Object Repository/Course Manager/option_a_GG test' is clicked on

2020-07-31 15:21:46 - [MESSAGE][PASSED] - Object: 'Object Repository/Course Manager/option_a_GG test' is clicked on

2020-07-31 15:21:46 - [TEST_STEP][PASSED] - setText(findTestObject("Course Manager/input__ClassEnrollGroupLimit"), "10"): Text '10' is set on object 'Object Repository/Course Manager/input__ClassEnrollGroupLimit'

2020-07-31 15:21:47 - [MESSAGE][PASSED] - Text '10' is set on object 'Object Repository/Course Manager/input__ClassEnrollGroupLimit'

2020-07-31 15:21:47 - [TEST_STEP][PASSED] - click(findTestObject("Course Manager/input_Remove Limit After_dtExpiryDate"), STOP_ON_FAILURE): Object: 'Object Repository/Course Manager/input_Remove Limit After_dtExpiryDate' is clicked on

2020-07-31 15:21:47 - [MESSAGE][PASSED] - Object: 'Object Repository/Course Manager/input_Remove Limit After_dtExpiryDate' is clicked on

2020-07-31 15:21:47 - [TEST_STEP][PASSED] - click(findTestObject("Course Manager/div_30"), STOP_ON_FAILURE): Object: 'Object Repository/Course Manager/div_30' is clicked on

2020-07-31 15:21:48 - [MESSAGE][PASSED] - Object: 'Object Repository/Course Manager/div_30' is clicked on

2020-07-31 15:21:48 - [TEST_STEP][PASSED] - click(findTestObject("Course Manager/button_Submit (Restriction)"), STOP_ON_FAILURE): Object: 'Object Repository/Course Manager/button_Submit (Restriction)' is clicked on

2020-07-31 15:21:49 - [MESSAGE][PASSED] - Object: 'Object Repository/Course Manager/button_Submit (Restriction)' is clicked on

2020-07-31 15:21:49 - [TEST_STEP][PASSED] - click(findTestObject("Course Manager/a_Next")): Object: 'Object Repository/Course Manager/a_Next' is clicked on

2020-07-31 15:21:51 - [MESSAGE][PASSED] - Object: 'Object Repository/Course Manager/a_Next' is clicked on

2020-07-31 15:21:51 - [TEST_STEP][PASSED] - click(findTestObject("Course Manager/a_ Target Audience")): Object: 'Object Repository/Course Manager/a_ Target Audience' is clicked on

2020-07-31 15:21:52 - [MESSAGE][PASSED] - Object: 'Object Repository/Course Manager/a_ Target Audience' is clicked on

2020-07-31 15:21:52 - [TEST_STEP][PASSED] - click(findTestObject("Course Manager/option_Paraprofessionals")): Object: 'Object Repository/Course Manager/option_Paraprofessionals' is clicked on

2020-07-31 15:21:53 - [MESSAGE][PASSED] - Object: 'Object Repository/Course Manager/option_Paraprofessionals' is clicked on

2020-07-31 15:21:53 - [TEST_STEP][PASSED] - click(findTestObject("Course Manager/button_Submit (Target Audience)")): Object: 'Object Repository/Course Manager/button_Submit (Target Audience)' is clicked on

2020-07-31 15:21:54 - [MESSAGE][PASSED] - Object: 'Object Repository/Course Manager/button_Submit (Target Audience)' is clicked on

2020-07-31 15:21:54 - [TEST_STEP][PASSED] - click(findTestObject("Course Manager/a_Next")): Object: 'Object Repository/Course Manager/a_Next' is clicked on

2020-07-31 15:21:55 - [MESSAGE][PASSED] - Object: 'Object Repository/Course Manager/a_Next' is clicked on

2020-07-31 15:21:55 - [TEST_STEP][PASSED] - click(findTestObject("Course Manager/a_ Rubric")): Object: 'Object Repository/Course Manager/a_ Rubric' is clicked on

2020-07-31 15:21:57 - [MESSAGE][PASSED] - Object: 'Object Repository/Course Manager/a_ Rubric' is clicked on

2020-07-31 15:21:57 - [TEST_STEP][PASSED] - click(findTestObject("Course Manager/select_Rubric")): Object: 'Object Repository/Course Manager/select_Rubric' is clicked on

2020-07-31 15:21:57 - [MESSAGE][PASSED] - Object: 'Object Repository/Course Manager/select_Rubric' is clicked on

2020-07-31 15:21:57 - [TEST_STEP][PASSED] - click(findTestObject("Course Manager/option_Admin")): Object: 'Object Repository/Course Manager/option_Admin' is clicked on

2020-07-31 15:21:58 - [MESSAGE][PASSED] - Object: 'Object Repository/Course Manager/option_Admin' is clicked on

2020-07-31 15:21:58 - [TEST_STEP][PASSED] - click(findTestObject("Course Manager/select_Domain")): Object: 'Object Repository/Course Manager/select_Domain' is clicked on

2020-07-31 15:21:59 - [MESSAGE][PASSED] - Object: 'Object Repository/Course Manager/select_Domain' is clicked on

2020-07-31 15:21:59 - [TEST_STEP][PASSED] - click(findTestObject("Course Manager/option_Planning")): Object: 'Object Repository/Course Manager/option_Planning' is clicked on

2020-07-31 15:22:00 - [MESSAGE][PASSED] - Object: 'Object Repository/Course Manager/option_Planning' is clicked on

2020-07-31 15:22:00 - [TEST_STEP][FAILED] - click(findTestObject("Course Manager/option_sample"), STOP_ON_FAILURE): Unable to click on object 'Object Repository/Course Manager/option_sample' (Root cause: com.kms.katalon.core.exception.StepFailedException: Unable to click on object 'Object Repository/Course Manager/option_sample'
	at com.kms.katalon.core.webui.keyword.internal.WebUIKeywordMain.stepFailed(WebUIKeywordMain.groovy:64)
	at com.kms.katalon.core.webui.keyword.internal.WebUIKeywordMain.runKeyword(WebUIKeywordMain.groovy:26)
	at com.kms.katalon.core.webui.keyword.builtin.ClickKeyword.click(ClickKeyword.groovy:76)
	at com.kms.katalon.core.webui.keyword.builtin.ClickKeyword.execute(ClickKeyword.groovy:43)
	at com.kms.katalon.core.keyword.internal.KeywordExecutor.executeKeywordForPlatform(KeywordExecutor.groovy:72)
	at com.kms.katalon.core.webui.keyword.WebUiBuiltInKeywords.click(WebUiBuiltInKeywords.groovy:604)
	at com.kms.katalon.core.webui.keyword.WebUiBuiltInKeywords$click$11.call(Unknown Source)
	at TC-011-CM-Creating Course with Payment.run(TC-011-CM-Creating Course with Payment:158)
	at com.kms.katalon.core.main.ScriptEngine.run(ScriptEngine.java:194)
	at com.kms.katalon.core.main.ScriptEngine.runScriptAsRawText(ScriptEngine.java:119)
	at com.kms.katalon.core.main.TestCaseExecutor.runScript(TestCaseExecutor.java:337)
	at com.kms.katalon.core.main.TestCaseExecutor.doExecute(TestCaseExecutor.java:328)
	at com.kms.katalon.core.main.TestCaseExecutor.processExecutionPhase(TestCaseExecutor.java:307)
	at com.kms.katalon.core.main.TestCaseExecutor.accessMainPhase(TestCaseExecutor.java:299)
	at com.kms.katalon.core.main.TestCaseExecutor.execute(TestCaseExecutor.java:233)
	at com.kms.katalon.core.main.TestSuiteExecutor.accessTestCaseMainPhase(TestSuiteExecutor.java:169)
	at com.kms.katalon.core.main.TestSuiteExecutor.accessTestSuiteMainPhase(TestSuiteExecutor.java:142)
	at com.kms.katalon.core.main.TestSuiteExecutor.execute(TestSuiteExecutor.java:91)
	at com.kms.katalon.core.main.TestCaseMain.startTestSuite(TestCaseMain.java:157)
	at com.kms.katalon.core.main.TestCaseMain$startTestSuite$0.call(Unknown Source)
	at TempTestSuite1596179658951.run(TempTestSuite1596179658951.groovy:37)
Caused by: org.openqa.selenium.ElementNotInteractableException: element not interactable: Element is not currently visible and may not be manipulated
  (Session info: chrome=84.0.4147.105)
Build info: version: '3.141.59', revision: 'e82be7d358', time: '2018-11-14T08:25:53'
System info: host: 'DESKTOP-604KTOQ', ip: '192.168.254.106', os.name: 'Windows 10', os.arch: 'amd64', os.version: '10.0', java.version: '1.8.0_181'
Driver info: com.kms.katalon.selenium.driver.CChromeDriver
Capabilities {acceptInsecureCerts: false, browserName: chrome, browserVersion: 84.0.4147.105, chrome: {chromedriverVersion: 83.0.4103.39 (ccbf011cb2d2b..., userDataDir: C:\Users\Kim\AppData\Local\...}, goog:chromeOptions: {debuggerAddress: localhost:60016}, javascriptEnabled: true, networkConnectionEnabled: false, pageLoadStrategy: normal, platform: WINDOWS, platformName: WINDOWS, proxy: Proxy(), setWindowRect: true, strictFileInteractability: false, timeouts: {implicit: 0, pageLoad: 300000, script: 30000}, unhandledPromptBehavior: dismiss and notify, webauthn:virtualAuthenticators: true}
Session ID: e2d4d0a12c5e93fb3597db238d984301
	at org.openqa.selenium.remote.http.W3CHttpResponseCodec.createException(W3CHttpResponseCodec.java:187)
	at org.openqa.selenium.remote.http.W3CHttpResponseCodec.decode(W3CHttpResponseCodec.java:122)
	at org.openqa.selenium.remote.http.W3CHttpResponseCodec.decode(W3CHttpResponseCodec.java:49)
	at org.openqa.selenium.remote.HttpCommandExecutor.execute(HttpCommandExecutor.java:158)
	at org.openqa.selenium.remote.service.DriverCommandExecutor.execute(DriverCommandExecutor.java:83)
	at org.openqa.selenium.remote.RemoteWebDriver.execute(RemoteWebDriver.java:552)
	at com.kms.katalon.selenium.driver.CChromeDriver.execute(CChromeDriver.java:19)
	at org.openqa.selenium.remote.RemoteWebElement.execute(RemoteWebElement.java:285)
	at org.openqa.selenium.remote.RemoteWebElement.click(RemoteWebElement.java:84)
	at org.openqa.selenium.support.events.EventFiringWebDriver$EventFiringWebElement.lambda$new$0(EventFiringWebDriver.java:404)
	at com.sun.proxy.$Proxy10.click(Unknown Source)
	at org.openqa.selenium.support.events.EventFiringWebDriver$EventFiringWebElement.click(EventFiringWebDriver.java:417)
	at com.kms.katalon.core.webui.keyword.builtin.ClickKeyword$_click_closure1.doCall(ClickKeyword.groovy:69)
	at com.kms.katalon.core.webui.keyword.builtin.ClickKeyword$_click_closure1.call(ClickKeyword.groovy)
	at com.kms.katalon.core.webui.keyword.internal.WebUIKeywordMain.runKeyword(WebUIKeywordMain.groovy:20)
	at com.kms.katalon.core.webui.keyword.builtin.ClickKeyword.click(ClickKeyword.groovy:76)
	at com.kms.katalon.core.webui.keyword.builtin.ClickKeyword.execute(ClickKeyword.groovy:43)
	at com.kms.katalon.core.keyword.internal.KeywordExecutor.executeKeywordForPlatform(KeywordExecutor.groovy:72)
	at com.kms.katalon.core.webui.keyword.WebUiBuiltInKeywords.click(WebUiBuiltInKeywords.groovy:604)
	at com.kms.katalon.core.webui.keyword.WebUiBuiltInKeywords$click$11.call(Unknown Source)
	at Script1596096407809.run(Script1596096407809.groovy:158)
	... 13 more
)

2020-07-31 15:22:31 - [MESSAGE][FAILED] - Unable to click on object 'Object Repository/Course Manager/option_sample' (Root cause: com.kms.katalon.core.exception.StepFailedException: Unable to click on object 'Object Repository/Course Manager/option_sample'
	at com.kms.katalon.core.webui.keyword.internal.WebUIKeywordMain.stepFailed(WebUIKeywordMain.groovy:64)
	at com.kms.katalon.core.webui.keyword.internal.WebUIKeywordMain.runKeyword(WebUIKeywordMain.groovy:26)
	at com.kms.katalon.core.webui.keyword.builtin.ClickKeyword.click(ClickKeyword.groovy:76)
	at com.kms.katalon.core.webui.keyword.builtin.ClickKeyword.execute(ClickKeyword.groovy:43)
	at com.kms.katalon.core.keyword.internal.KeywordExecutor.executeKeywordForPlatform(KeywordExecutor.groovy:72)
	at com.kms.katalon.core.webui.keyword.WebUiBuiltInKeywords.click(WebUiBuiltInKeywords.groovy:604)
	at com.kms.katalon.core.webui.keyword.WebUiBuiltInKeywords$click$11.call(Unknown Source)
	at TC-011-CM-Creating Course with Payment.run(TC-011-CM-Creating Course with Payment:158)
	at com.kms.katalon.core.main.ScriptEngine.run(ScriptEngine.java:194)
	at com.kms.katalon.core.main.ScriptEngine.runScriptAsRawText(ScriptEngine.java:119)
	at com.kms.katalon.core.main.TestCaseExecutor.runScript(TestCaseExecutor.java:337)
	at com.kms.katalon.core.main.TestCaseExecutor.doExecute(TestCaseExecutor.java:328)
	at com.kms.katalon.core.main.TestCaseExecutor.processExecutionPhase(TestCaseExecutor.java:307)
	at com.kms.katalon.core.main.TestCaseExecutor.accessMainPhase(TestCaseExecutor.java:299)
	at com.kms.katalon.core.main.TestCaseExecutor.execute(TestCaseExecutor.java:233)
	at com.kms.katalon.core.main.TestSuiteExecutor.accessTestCaseMainPhase(TestSuiteExecutor.java:169)
	at com.kms.katalon.core.main.TestSuiteExecutor.accessTestSuiteMainPhase(TestSuiteExecutor.java:142)
	at com.kms.katalon.core.main.TestSuiteExecutor.execute(TestSuiteExecutor.java:91)
	at com.kms.katalon.core.main.TestCaseMain.startTestSuite(TestCaseMain.java:157)
	at com.kms.katalon.core.main.TestCaseMain$startTestSuite$0.call(Unknown Source)
	at TempTestSuite1596179658951.run(TempTestSuite1596179658951.groovy:37)
Caused by: org.openqa.selenium.ElementNotInteractableException: element not interactable: Element is not currently visible and may not be manipulated
  (Session info: chrome=84.0.4147.105)
Build info: version: '3.141.59', revision: 'e82be7d358', time: '2018-11-14T08:25:53'
System info: host: 'DESKTOP-604KTOQ', ip: '192.168.254.106', os.name: 'Windows 10', os.arch: 'amd64', os.version: '10.0', java.version: '1.8.0_181'
Driver info: com.kms.katalon.selenium.driver.CChromeDriver
Capabilities {acceptInsecureCerts: false, browserName: chrome, browserVersion: 84.0.4147.105, chrome: {chromedriverVersion: 83.0.4103.39 (ccbf011cb2d2b..., userDataDir: C:\Users\Kim\AppData\Local\...}, goog:chromeOptions: {debuggerAddress: localhost:60016}, javascriptEnabled: true, networkConnectionEnabled: false, pageLoadStrategy: normal, platform: WINDOWS, platformName: WINDOWS, proxy: Proxy(), setWindowRect: true, strictFileInteractability: false, timeouts: {implicit: 0, pageLoad: 300000, script: 30000}, unhandledPromptBehavior: dismiss and notify, webauthn:virtualAuthenticators: true}
Session ID: e2d4d0a12c5e93fb3597db238d984301
	at org.openqa.selenium.remote.http.W3CHttpResponseCodec.createException(W3CHttpResponseCodec.java:187)
	at org.openqa.selenium.remote.http.W3CHttpResponseCodec.decode(W3CHttpResponseCodec.java:122)
	at org.openqa.selenium.remote.http.W3CHttpResponseCodec.decode(W3CHttpResponseCodec.java:49)
	at org.openqa.selenium.remote.HttpCommandExecutor.execute(HttpCommandExecutor.java:158)
	at org.openqa.selenium.remote.service.DriverCommandExecutor.execute(DriverCommandExecutor.java:83)
	at org.openqa.selenium.remote.RemoteWebDriver.execute(RemoteWebDriver.java:552)
	at com.kms.katalon.selenium.driver.CChromeDriver.execute(CChromeDriver.java:19)
	at org.openqa.selenium.remote.RemoteWebElement.execute(RemoteWebElement.java:285)
	at org.openqa.selenium.remote.RemoteWebElement.click(RemoteWebElement.java:84)
	at org.openqa.selenium.support.events.EventFiringWebDriver$EventFiringWebElement.lambda$new$0(EventFiringWebDriver.java:404)
	at com.sun.proxy.$Proxy10.click(Unknown Source)
	at org.openqa.selenium.support.events.EventFiringWebDriver$EventFiringWebElement.click(EventFiringWebDriver.java:417)
	at com.kms.katalon.core.webui.keyword.builtin.ClickKeyword$_click_closure1.doCall(ClickKeyword.groovy:69)
	at com.kms.katalon.core.webui.keyword.builtin.ClickKeyword$_click_closure1.call(ClickKeyword.groovy)
	at com.kms.katalon.core.webui.keyword.internal.WebUIKeywordMain.runKeyword(WebUIKeywordMain.groovy:20)
	at com.kms.katalon.core.webui.keyword.builtin.ClickKeyword.click(ClickKeyword.groovy:76)
	at com.kms.katalon.core.webui.keyword.builtin.ClickKeyword.execute(ClickKeyword.groovy:43)
	at com.kms.katalon.core.keyword.internal.KeywordExecutor.executeKeywordForPlatform(KeywordExecutor.groovy:72)
	at com.kms.katalon.core.webui.keyword.WebUiBuiltInKeywords.click(WebUiBuiltInKeywords.groovy:604)
	at com.kms.katalon.core.webui.keyword.WebUiBuiltInKeywords$click$11.call(Unknown Source)
	at Script1596096407809.run(Script1596096407809.groovy:158)
	... 13 more
)
[[ATTACHMENT|C:\\Users\\Kim\\git\\ascriptica-automation\\Reports\\20200731_151418\\Course Manager\\20200731_151418\\1596180150432.png]]]]></system-out>
         <system-err><![CDATA[2020-07-31 15:20:41 - [TEST_CASE][FAILED] - Test Cases/Course Manager/TC-011-CM-Creating Course with Payment: Test Cases/Course Manager/TC-011-CM-Creating Course with Payment FAILED.
Reason:
com.kms.katalon.core.exception.StepFailedException: Unable to click on object 'Object Repository/Course Manager/option_sample'
	at com.kms.katalon.core.webui.keyword.internal.WebUIKeywordMain.stepFailed(WebUIKeywordMain.groovy:64)
	at com.kms.katalon.core.webui.keyword.internal.WebUIKeywordMain.runKeyword(WebUIKeywordMain.groovy:26)
	at com.kms.katalon.core.webui.keyword.builtin.ClickKeyword.click(ClickKeyword.groovy:76)
	at com.kms.katalon.core.webui.keyword.builtin.ClickKeyword.execute(ClickKeyword.groovy:43)
	at com.kms.katalon.core.keyword.internal.KeywordExecutor.executeKeywordForPlatform(KeywordExecutor.groovy:72)
	at com.kms.katalon.core.webui.keyword.WebUiBuiltInKeywords.click(WebUiBuiltInKeywords.groovy:604)
	at com.kms.katalon.core.webui.keyword.WebUiBuiltInKeywords$click$11.call(Unknown Source)
	at TC-011-CM-Creating Course with Payment.run(TC-011-CM-Creating Course with Payment:158)
	at com.kms.katalon.core.main.ScriptEngine.run(ScriptEngine.java:194)
	at com.kms.katalon.core.main.ScriptEngine.runScriptAsRawText(ScriptEngine.java:119)
	at com.kms.katalon.core.main.TestCaseExecutor.runScript(TestCaseExecutor.java:337)
	at com.kms.katalon.core.main.TestCaseExecutor.doExecute(TestCaseExecutor.java:328)
	at com.kms.katalon.core.main.TestCaseExecutor.processExecutionPhase(TestCaseExecutor.java:307)
	at com.kms.katalon.core.main.TestCaseExecutor.accessMainPhase(TestCaseExecutor.java:299)
	at com.kms.katalon.core.main.TestCaseExecutor.execute(TestCaseExecutor.java:233)
	at com.kms.katalon.core.main.TestSuiteExecutor.accessTestCaseMainPhase(TestSuiteExecutor.java:169)
	at com.kms.katalon.core.main.TestSuiteExecutor.accessTestSuiteMainPhase(TestSuiteExecutor.java:142)
	at com.kms.katalon.core.main.TestSuiteExecutor.execute(TestSuiteExecutor.java:91)
	at com.kms.katalon.core.main.TestCaseMain.startTestSuite(TestCaseMain.java:157)
	at com.kms.katalon.core.main.TestCaseMain$startTestSuite$0.call(Unknown Source)
	at TempTestSuite1596179658951.run(TempTestSuite1596179658951.groovy:37)
Caused by: org.openqa.selenium.ElementNotInteractableException: element not interactable: Element is not currently visible and may not be manipulated
  (Session info: chrome=84.0.4147.105)
Build info: version: '3.141.59', revision: 'e82be7d358', time: '2018-11-14T08:25:53'
System info: host: 'DESKTOP-604KTOQ', ip: '192.168.254.106', os.name: 'Windows 10', os.arch: 'amd64', os.version: '10.0', java.version: '1.8.0_181'
Driver info: com.kms.katalon.selenium.driver.CChromeDriver
Capabilities {acceptInsecureCerts: false, browserName: chrome, browserVersion: 84.0.4147.105, chrome: {chromedriverVersion: 83.0.4103.39 (ccbf011cb2d2b..., userDataDir: C:\Users\Kim\AppData\Local\...}, goog:chromeOptions: {debuggerAddress: localhost:60016}, javascriptEnabled: true, networkConnectionEnabled: false, pageLoadStrategy: normal, platform: WINDOWS, platformName: WINDOWS, proxy: Proxy(), setWindowRect: true, strictFileInteractability: false, timeouts: {implicit: 0, pageLoad: 300000, script: 30000}, unhandledPromptBehavior: dismiss and notify, webauthn:virtualAuthenticators: true}
Session ID: e2d4d0a12c5e93fb3597db238d984301
	at org.openqa.selenium.remote.http.W3CHttpResponseCodec.createException(W3CHttpResponseCodec.java:187)
	at org.openqa.selenium.remote.http.W3CHttpResponseCodec.decode(W3CHttpResponseCodec.java:122)
	at org.openqa.selenium.remote.http.W3CHttpResponseCodec.decode(W3CHttpResponseCodec.java:49)
	at org.openqa.selenium.remote.HttpCommandExecutor.execute(HttpCommandExecutor.java:158)
	at org.openqa.selenium.remote.service.DriverCommandExecutor.execute(DriverCommandExecutor.java:83)
	at org.openqa.selenium.remote.RemoteWebDriver.execute(RemoteWebDriver.java:552)
	at com.kms.katalon.selenium.driver.CChromeDriver.execute(CChromeDriver.java:19)
	at org.openqa.selenium.remote.RemoteWebElement.execute(RemoteWebElement.java:285)
	at org.openqa.selenium.remote.RemoteWebElement.click(RemoteWebElement.java:84)
	at org.openqa.selenium.support.events.EventFiringWebDriver$EventFiringWebElement.lambda$new$0(EventFiringWebDriver.java:404)
	at com.sun.proxy.$Proxy10.click(Unknown Source)
	at org.openqa.selenium.support.events.EventFiringWebDriver$EventFiringWebElement.click(EventFiringWebDriver.java:417)
	at com.kms.katalon.core.webui.keyword.builtin.ClickKeyword$_click_closure1.doCall(ClickKeyword.groovy:69)
	at com.kms.katalon.core.webui.keyword.builtin.ClickKeyword$_click_closure1.call(ClickKeyword.groovy)
	at com.kms.katalon.core.webui.keyword.internal.WebUIKeywordMain.runKeyword(WebUIKeywordMain.groovy:20)
	... 19 more]]></system-err>
      </testcase>
      <system-out><![CDATA[2020-07-31 15:14:22 - [TEST_SUITE][FAILED] - Course Manager: Test Cases/Course Manager/TC-011-CM-Creating Course with Payment FAILED.
Reason:
com.kms.katalon.core.exception.StepFailedException: Unable to click on object 'Object Repository/Course Manager/option_sample'
	at com.kms.katalon.core.webui.keyword.internal.WebUIKeywordMain.stepFailed(WebUIKeywordMain.groovy:64)
	at com.kms.katalon.core.webui.keyword.internal.WebUIKeywordMain.runKeyword(WebUIKeywordMain.groovy:26)
	at com.kms.katalon.core.webui.keyword.builtin.ClickKeyword.click(ClickKeyword.groovy:76)
	at com.kms.katalon.core.webui.keyword.builtin.ClickKeyword.execute(ClickKeyword.groovy:43)
	at com.kms.katalon.core.keyword.internal.KeywordExecutor.executeKeywordForPlatform(KeywordExecutor.groovy:72)
	at com.kms.katalon.core.webui.keyword.WebUiBuiltInKeywords.click(WebUiBuiltInKeywords.groovy:604)
	at com.kms.katalon.core.webui.keyword.WebUiBuiltInKeywords$click$11.call(Unknown Source)
	at TC-011-CM-Creating Course with Payment.run(TC-011-CM-Creating Course with Payment:158)
	at com.kms.katalon.core.main.ScriptEngine.run(ScriptEngine.java:194)
	at com.kms.katalon.core.main.ScriptEngine.runScriptAsRawText(ScriptEngine.java:119)
	at com.kms.katalon.core.main.TestCaseExecutor.runScript(TestCaseExecutor.java:337)
	at com.kms.katalon.core.main.TestCaseExecutor.doExecute(TestCaseExecutor.java:328)
	at com.kms.katalon.core.main.TestCaseExecutor.processExecutionPhase(TestCaseExecutor.java:307)
	at com.kms.katalon.core.main.TestCaseExecutor.accessMainPhase(TestCaseExecutor.java:299)
	at com.kms.katalon.core.main.TestCaseExecutor.execute(TestCaseExecutor.java:233)
	at com.kms.katalon.core.main.TestSuiteExecutor.accessTestCaseMainPhase(TestSuiteExecutor.java:169)
	at com.kms.katalon.core.main.TestSuiteExecutor.accessTestSuiteMainPhase(TestSuiteExecutor.java:142)
	at com.kms.katalon.core.main.TestSuiteExecutor.execute(TestSuiteExecutor.java:91)
	at com.kms.katalon.core.main.TestCaseMain.startTestSuite(TestCaseMain.java:157)
	at com.kms.katalon.core.main.TestCaseMain$startTestSuite$0.call(Unknown Source)
	at TempTestSuite1596179658951.run(TempTestSuite1596179658951.groovy:37)
Caused by: org.openqa.selenium.ElementNotInteractableException: element not interactable: Element is not currently visible and may not be manipulated
  (Session info: chrome=84.0.4147.105)
Build info: version: '3.141.59', revision: 'e82be7d358', time: '2018-11-14T08:25:53'
System info: host: 'DESKTOP-604KTOQ', ip: '192.168.254.106', os.name: 'Windows 10', os.arch: 'amd64', os.version: '10.0', java.version: '1.8.0_181'
Driver info: com.kms.katalon.selenium.driver.CChromeDriver
Capabilities {acceptInsecureCerts: false, browserName: chrome, browserVersion: 84.0.4147.105, chrome: {chromedriverVersion: 83.0.4103.39 (ccbf011cb2d2b..., userDataDir: C:\Users\Kim\AppData\Local\...}, goog:chromeOptions: {debuggerAddress: localhost:60016}, javascriptEnabled: true, networkConnectionEnabled: false, pageLoadStrategy: normal, platform: WINDOWS, platformName: WINDOWS, proxy: Proxy(), setWindowRect: true, strictFileInteractability: false, timeouts: {implicit: 0, pageLoad: 300000, script: 30000}, unhandledPromptBehavior: dismiss and notify, webauthn:virtualAuthenticators: true}
Session ID: e2d4d0a12c5e93fb3597db238d984301
	at org.openqa.selenium.remote.http.W3CHttpResponseCodec.createException(W3CHttpResponseCodec.java:187)
	at org.openqa.selenium.remote.http.W3CHttpResponseCodec.decode(W3CHttpResponseCodec.java:122)
	at org.openqa.selenium.remote.http.W3CHttpResponseCodec.decode(W3CHttpResponseCodec.java:49)
	at org.openqa.selenium.remote.HttpCommandExecutor.execute(HttpCommandExecutor.java:158)
	at org.openqa.selenium.remote.service.DriverCommandExecutor.execute(DriverCommandExecutor.java:83)
	at org.openqa.selenium.remote.RemoteWebDriver.execute(RemoteWebDriver.java:552)
	at com.kms.katalon.selenium.driver.CChromeDriver.execute(CChromeDriver.java:19)
	at org.openqa.selenium.remote.RemoteWebElement.execute(RemoteWebElement.java:285)
	at org.openqa.selenium.remote.RemoteWebElement.click(RemoteWebElement.java:84)
	at org.openqa.selenium.support.events.EventFiringWebDriver$EventFiringWebElement.lambda$new$0(EventFiringWebDriver.java:404)
	at com.sun.proxy.$Proxy10.click(Unknown Source)
	at org.openqa.selenium.support.events.EventFiringWebDriver$EventFiringWebElement.click(EventFiringWebDriver.java:417)
	at com.kms.katalon.core.webui.keyword.builtin.ClickKeyword$_click_closure1.doCall(ClickKeyword.groovy:69)
	at com.kms.katalon.core.webui.keyword.builtin.ClickKeyword$_click_closure1.call(ClickKeyword.groovy)
	at com.kms.katalon.core.webui.keyword.internal.WebUIKeywordMain.runKeyword(WebUIKeywordMain.groovy:20)
	... 19 more]]></system-out>
      <system-err><![CDATA[2020-07-31 15:14:22 - [TEST_SUITE][FAILED] - Course Manager: Test Cases/Course Manager/TC-011-CM-Creating Course with Payment FAILED.
Reason:
com.kms.katalon.core.exception.StepFailedException: Unable to click on object 'Object Repository/Course Manager/option_sample'
	at com.kms.katalon.core.webui.keyword.internal.WebUIKeywordMain.stepFailed(WebUIKeywordMain.groovy:64)
	at com.kms.katalon.core.webui.keyword.internal.WebUIKeywordMain.runKeyword(WebUIKeywordMain.groovy:26)
	at com.kms.katalon.core.webui.keyword.builtin.ClickKeyword.click(ClickKeyword.groovy:76)
	at com.kms.katalon.core.webui.keyword.builtin.ClickKeyword.execute(ClickKeyword.groovy:43)
	at com.kms.katalon.core.keyword.internal.KeywordExecutor.executeKeywordForPlatform(KeywordExecutor.groovy:72)
	at com.kms.katalon.core.webui.keyword.WebUiBuiltInKeywords.click(WebUiBuiltInKeywords.groovy:604)
	at com.kms.katalon.core.webui.keyword.WebUiBuiltInKeywords$click$11.call(Unknown Source)
	at TC-011-CM-Creating Course with Payment.run(TC-011-CM-Creating Course with Payment:158)
	at com.kms.katalon.core.main.ScriptEngine.run(ScriptEngine.java:194)
	at com.kms.katalon.core.main.ScriptEngine.runScriptAsRawText(ScriptEngine.java:119)
	at com.kms.katalon.core.main.TestCaseExecutor.runScript(TestCaseExecutor.java:337)
	at com.kms.katalon.core.main.TestCaseExecutor.doExecute(TestCaseExecutor.java:328)
	at com.kms.katalon.core.main.TestCaseExecutor.processExecutionPhase(TestCaseExecutor.java:307)
	at com.kms.katalon.core.main.TestCaseExecutor.accessMainPhase(TestCaseExecutor.java:299)
	at com.kms.katalon.core.main.TestCaseExecutor.execute(TestCaseExecutor.java:233)
	at com.kms.katalon.core.main.TestSuiteExecutor.accessTestCaseMainPhase(TestSuiteExecutor.java:169)
	at com.kms.katalon.core.main.TestSuiteExecutor.accessTestSuiteMainPhase(TestSuiteExecutor.java:142)
	at com.kms.katalon.core.main.TestSuiteExecutor.execute(TestSuiteExecutor.java:91)
	at com.kms.katalon.core.main.TestCaseMain.startTestSuite(TestCaseMain.java:157)
	at com.kms.katalon.core.main.TestCaseMain$startTestSuite$0.call(Unknown Source)
	at TempTestSuite1596179658951.run(TempTestSuite1596179658951.groovy:37)
Caused by: org.openqa.selenium.ElementNotInteractableException: element not interactable: Element is not currently visible and may not be manipulated
  (Session info: chrome=84.0.4147.105)
Build info: version: '3.141.59', revision: 'e82be7d358', time: '2018-11-14T08:25:53'
System info: host: 'DESKTOP-604KTOQ', ip: '192.168.254.106', os.name: 'Windows 10', os.arch: 'amd64', os.version: '10.0', java.version: '1.8.0_181'
Driver info: com.kms.katalon.selenium.driver.CChromeDriver
Capabilities {acceptInsecureCerts: false, browserName: chrome, browserVersion: 84.0.4147.105, chrome: {chromedriverVersion: 83.0.4103.39 (ccbf011cb2d2b..., userDataDir: C:\Users\Kim\AppData\Local\...}, goog:chromeOptions: {debuggerAddress: localhost:60016}, javascriptEnabled: true, networkConnectionEnabled: false, pageLoadStrategy: normal, platform: WINDOWS, platformName: WINDOWS, proxy: Proxy(), setWindowRect: true, strictFileInteractability: false, timeouts: {implicit: 0, pageLoad: 300000, script: 30000}, unhandledPromptBehavior: dismiss and notify, webauthn:virtualAuthenticators: true}
Session ID: e2d4d0a12c5e93fb3597db238d984301
	at org.openqa.selenium.remote.http.W3CHttpResponseCodec.createException(W3CHttpResponseCodec.java:187)
	at org.openqa.selenium.remote.http.W3CHttpResponseCodec.decode(W3CHttpResponseCodec.java:122)
	at org.openqa.selenium.remote.http.W3CHttpResponseCodec.decode(W3CHttpResponseCodec.java:49)
	at org.openqa.selenium.remote.HttpCommandExecutor.execute(HttpCommandExecutor.java:158)
	at org.openqa.selenium.remote.service.DriverCommandExecutor.execute(DriverCommandExecutor.java:83)
	at org.openqa.selenium.remote.RemoteWebDriver.execute(RemoteWebDriver.java:552)
	at com.kms.katalon.selenium.driver.CChromeDriver.execute(CChromeDriver.java:19)
	at org.openqa.selenium.remote.RemoteWebElement.execute(RemoteWebElement.java:285)
	at org.openqa.selenium.remote.RemoteWebElement.click(RemoteWebElement.java:84)
	at org.openqa.selenium.support.events.EventFiringWebDriver$EventFiringWebElement.lambda$new$0(EventFiringWebDriver.java:404)
	at com.sun.proxy.$Proxy10.click(Unknown Source)
	at org.openqa.selenium.support.events.EventFiringWebDriver$EventFiringWebElement.click(EventFiringWebDriver.java:417)
	at com.kms.katalon.core.webui.keyword.builtin.ClickKeyword$_click_closure1.doCall(ClickKeyword.groovy:69)
	at com.kms.katalon.core.webui.keyword.builtin.ClickKeyword$_click_closure1.call(ClickKeyword.groovy)
	at com.kms.katalon.core.webui.keyword.internal.WebUIKeywordMain.runKeyword(WebUIKeywordMain.groovy:20)
	... 19 more]]></system-err>
   </testsuite>
</testsuites>
